[0.345s] DEBUG:colcon:Command line arguments: ['/usr/bin/colcon', 'build']
[0.346s] DEBUG:colcon:Parsed command line arguments: Namespace(log_base=None, log_level=None, verb_name='build', build_base='build', install_base='install', merge_install=False, symlink_install=False, test_result_base=None, continue_on_error=False, executor='parallel', parallel_workers=2, event_handlers=None, ignore_user_meta=False, metas=['./colcon.meta'], base_paths=['.'], packages_ignore=None, packages_ignore_regex=None, paths=None, packages_up_to=None, packages_up_to_regex=None, packages_above=None, packages_above_and_dependencies=None, packages_above_depth=None, packages_select_by_dep=None, packages_skip_by_dep=None, packages_skip_up_to=None, packages_select_build_failed=False, packages_skip_build_finished=False, packages_select_test_failures=False, packages_skip_test_passed=False, packages_select=None, packages_skip=None, packages_select_regex=None, packages_skip_regex=None, packages_start=None, packages_end=None, allow_overriding=[], cmake_args=None, cmake_target=None, cmake_target_skip_unavailable=False, cmake_clean_cache=False, cmake_clean_first=False, cmake_force_configure=False, ament_cmake_args=None, catkin_cmake_args=None, catkin_skip_building_tests=False, verb_parser=<colcon_defaults.argument_parser.defaults.DefaultArgumentsDecorator object at 0x76de0831b1f0>, verb_extension=<colcon_core.verb.build.BuildVerb object at 0x76de084685e0>, main=<bound method BuildVerb.main of <colcon_core.verb.build.BuildVerb object at 0x76de084685e0>>)
[0.898s] Level 1:colcon.colcon_core.package_discovery:discover_packages(colcon_meta) check parameters
[0.898s] Level 1:colcon.colcon_core.package_discovery:discover_packages(recursive) check parameters
[0.899s] Level 1:colcon.colcon_core.package_discovery:discover_packages(ignore) check parameters
[0.899s] Level 1:colcon.colcon_core.package_discovery:discover_packages(path) check parameters
[0.899s] Level 1:colcon.colcon_core.package_discovery:discover_packages(colcon_meta) discover
[0.899s] Level 1:colcon.colcon_core.package_discovery:discover_packages(recursive) discover
[0.899s] INFO:colcon.colcon_core.package_discovery:Crawling recursively for packages in '/home/st/edu25/edu25_athome/happy_ws'
[0.899s] Level 1:colcon.colcon_core.package_identification:_identify(.) by extensions ['ignore', 'ignore_ament_install']
[0.900s] Level 1:colcon.colcon_core.package_identification:_identify(.) by extension 'ignore'
[0.900s] Level 1:colcon.colcon_core.package_identification:_identify(.) by extension 'ignore_ament_install'
[0.900s] Level 1:colcon.colcon_core.package_identification:_identify(.) by extensions ['colcon_pkg']
[0.900s] Level 1:colcon.colcon_core.package_identification:_identify(.) by extension 'colcon_pkg'
[0.900s] Level 1:colcon.colcon_core.package_identification:_identify(.) by extensions ['colcon_meta']
[0.900s] Level 1:colcon.colcon_core.package_identification:_identify(.) by extension 'colcon_meta'
[0.901s] Level 1:colcon.colcon_core.package_identification:_identify(.) by extensions ['ros']
[0.901s] Level 1:colcon.colcon_core.package_identification:_identify(.) by extension 'ros'
[0.940s] Level 1:colcon.colcon_core.package_identification:_identify(.) by extensions ['cmake', 'python']
[0.940s] Level 1:colcon.colcon_core.package_identification:_identify(.) by extension 'cmake'
[0.941s] Level 1:colcon.colcon_core.package_identification:_identify(.) by extension 'python'
[0.942s] Level 1:colcon.colcon_core.package_identification:_identify(.) by extensions ['python_setup_py']
[0.942s] Level 1:colcon.colcon_core.package_identification:_identify(.) by extension 'python_setup_py'
[0.942s] Level 1:colcon.colcon_core.package_identification:_identify(build) by extensions ['ignore', 'ignore_ament_install']
[0.942s] Level 1:colcon.colcon_core.package_identification:_identify(build) by extension 'ignore'
[0.943s] Level 1:colcon.colcon_core.package_identification:_identify(build) ignored
[0.943s] Level 1:colcon.colcon_core.package_identification:_identify(install) by extensions ['ignore', 'ignore_ament_install']
[0.943s] Level 1:colcon.colcon_core.package_identification:_identify(install) by extension 'ignore'
[0.943s] Level 1:colcon.colcon_core.package_identification:_identify(install) ignored
[0.944s] Level 1:colcon.colcon_core.package_identification:_identify(log) by extensions ['ignore', 'ignore_ament_install']
[0.944s] Level 1:colcon.colcon_core.package_identification:_identify(log) by extension 'ignore'
[0.944s] Level 1:colcon.colcon_core.package_identification:_identify(log) ignored
[0.945s] Level 1:colcon.colcon_core.package_identification:_identify(src) by extensions ['ignore', 'ignore_ament_install']
[0.945s] Level 1:colcon.colcon_core.package_identification:_identify(src) by extension 'ignore'
[0.945s] Level 1:colcon.colcon_core.package_identification:_identify(src) by extension 'ignore_ament_install'
[0.945s] Level 1:colcon.colcon_core.package_identification:_identify(src) by extensions ['colcon_pkg']
[0.945s] Level 1:colcon.colcon_core.package_identification:_identify(src) by extension 'colcon_pkg'
[0.946s] Level 1:colcon.colcon_core.package_identification:_identify(src) by extensions ['colcon_meta']
[0.946s] Level 1:colcon.colcon_core.package_identification:_identify(src) by extension 'colcon_meta'
[0.946s] Level 1:colcon.colcon_core.package_identification:_identify(src) by extensions ['ros']
[0.946s] Level 1:colcon.colcon_core.package_identification:_identify(src) by extension 'ros'
[0.946s] Level 1:colcon.colcon_core.package_identification:_identify(src) by extensions ['cmake', 'python']
[0.946s] Level 1:colcon.colcon_core.package_identification:_identify(src) by extension 'cmake'
[0.947s] Level 1:colcon.colcon_core.package_identification:_identify(src) by extension 'python'
[0.947s] Level 1:colcon.colcon_core.package_identification:_identify(src) by extensions ['python_setup_py']
[0.947s] Level 1:colcon.colcon_core.package_identification:_identify(src) by extension 'python_setup_py'
[0.947s] Level 1:colcon.colcon_core.package_identification:_identify(src/my_happy) by extensions ['ignore', 'ignore_ament_install']
[0.947s] Level 1:colcon.colcon_core.package_identification:_identify(src/my_happy) by extension 'ignore'
[0.948s] Level 1:colcon.colcon_core.package_identification:_identify(src/my_happy) by extension 'ignore_ament_install'
[0.948s] Level 1:colcon.colcon_core.package_identification:_identify(src/my_happy) by extensions ['colcon_pkg']
[0.948s] Level 1:colcon.colcon_core.package_identification:_identify(src/my_happy) by extension 'colcon_pkg'
[0.948s] Level 1:colcon.colcon_core.package_identification:_identify(src/my_happy) by extensions ['colcon_meta']
[0.948s] Level 1:colcon.colcon_core.package_identification:_identify(src/my_happy) by extension 'colcon_meta'
[0.948s] Level 1:colcon.colcon_core.package_identification:_identify(src/my_happy) by extensions ['ros']
[0.949s] Level 1:colcon.colcon_core.package_identification:_identify(src/my_happy) by extension 'ros'
[0.956s] DEBUG:colcon.colcon_core.package_identification:Package 'src/my_happy' with type 'ros.ament_python' and name 'my_happy'
[0.956s] Level 1:colcon.colcon_core.package_identification:_identify(src/service) by extensions ['ignore', 'ignore_ament_install']
[0.956s] Level 1:colcon.colcon_core.package_identification:_identify(src/service) by extension 'ignore'
[0.956s] Level 1:colcon.colcon_core.package_identification:_identify(src/service) by extension 'ignore_ament_install'
[0.957s] Level 1:colcon.colcon_core.package_identification:_identify(src/service) by extensions ['colcon_pkg']
[0.957s] Level 1:colcon.colcon_core.package_identification:_identify(src/service) by extension 'colcon_pkg'
[0.957s] Level 1:colcon.colcon_core.package_identification:_identify(src/service) by extensions ['colcon_meta']
[0.957s] Level 1:colcon.colcon_core.package_identification:_identify(src/service) by extension 'colcon_meta'
[0.957s] Level 1:colcon.colcon_core.package_identification:_identify(src/service) by extensions ['ros']
[0.957s] Level 1:colcon.colcon_core.package_identification:_identify(src/service) by extension 'ros'
[0.959s] DEBUG:colcon.colcon_core.package_identification:Package 'src/service' with type 'ros.ament_python' and name 'service'
[0.960s] Level 1:colcon.colcon_core.package_identification:_identify(src/service_msgs) by extensions ['ignore', 'ignore_ament_install']
[0.960s] Level 1:colcon.colcon_core.package_identification:_identify(src/service_msgs) by extension 'ignore'
[0.960s] Level 1:colcon.colcon_core.package_identification:_identify(src/service_msgs) by extension 'ignore_ament_install'
[0.961s] Level 1:colcon.colcon_core.package_identification:_identify(src/service_msgs) by extensions ['colcon_pkg']
[0.961s] Level 1:colcon.colcon_core.package_identification:_identify(src/service_msgs) by extension 'colcon_pkg'
[0.961s] Level 1:colcon.colcon_core.package_identification:_identify(src/service_msgs) by extensions ['colcon_meta']
[0.961s] Level 1:colcon.colcon_core.package_identification:_identify(src/service_msgs) by extension 'colcon_meta'
[0.961s] Level 1:colcon.colcon_core.package_identification:_identify(src/service_msgs) by extensions ['ros']
[0.961s] Level 1:colcon.colcon_core.package_identification:_identify(src/service_msgs) by extension 'ros'
[0.963s] DEBUG:colcon.colcon_core.package_identification:Package 'src/service_msgs' with type 'ros.ament_cmake' and name 'service_msgs'
[0.963s] Level 1:colcon.colcon_core.package_discovery:discover_packages(recursive) using defaults
[0.963s] Level 1:colcon.colcon_core.package_discovery:discover_packages(ignore) discover
[0.963s] Level 1:colcon.colcon_core.package_discovery:discover_packages(ignore) using defaults
[0.963s] Level 1:colcon.colcon_core.package_discovery:discover_packages(path) discover
[0.963s] Level 1:colcon.colcon_core.package_discovery:discover_packages(path) using defaults
[1.026s] Level 1:colcon.colcon_core.package_discovery:discover_packages(prefix_path) check parameters
[1.027s] Level 1:colcon.colcon_core.package_discovery:discover_packages(prefix_path) discover
[1.038s] DEBUG:colcon.colcon_installed_package_information.package_discovery:Found 271 installed packages in /opt/ros/humble
[1.046s] Level 1:colcon.colcon_core.package_discovery:discover_packages(prefix_path) using defaults
[1.203s] Level 5:colcon.colcon_core.verb:set package 'my_happy' build argument 'cmake_args' from command line to 'None'
[1.203s] Level 5:colcon.colcon_core.verb:set package 'my_happy' build argument 'cmake_target' from command line to 'None'
[1.203s] Level 5:colcon.colcon_core.verb:set package 'my_happy' build argument 'cmake_target_skip_unavailable' from command line to 'False'
[1.203s] Level 5:colcon.colcon_core.verb:set package 'my_happy' build argument 'cmake_clean_cache' from command line to 'False'
[1.203s] Level 5:colcon.colcon_core.verb:set package 'my_happy' build argument 'cmake_clean_first' from command line to 'False'
[1.204s] Level 5:colcon.colcon_core.verb:set package 'my_happy' build argument 'cmake_force_configure' from command line to 'False'
[1.204s] Level 5:colcon.colcon_core.verb:set package 'my_happy' build argument 'ament_cmake_args' from command line to 'None'
[1.204s] Level 5:colcon.colcon_core.verb:set package 'my_happy' build argument 'catkin_cmake_args' from command line to 'None'
[1.204s] Level 5:colcon.colcon_core.verb:set package 'my_happy' build argument 'catkin_skip_building_tests' from command line to 'False'
[1.204s] DEBUG:colcon.colcon_core.verb:Building package 'my_happy' with the following arguments: {'ament_cmake_args': None, 'build_base': '/home/st/edu25/edu25_athome/happy_ws/build/my_happy', 'catkin_cmake_args': None, 'catkin_skip_building_tests': False, 'cmake_args': None, 'cmake_clean_cache': False, 'cmake_clean_first': False, 'cmake_force_configure': False, 'cmake_target': None, 'cmake_target_skip_unavailable': False, 'install_base': '/home/st/edu25/edu25_athome/happy_ws/install/my_happy', 'merge_install': False, 'path': '/home/st/edu25/edu25_athome/happy_ws/src/my_happy', 'symlink_install': False, 'test_result_base': None}
[1.205s] Level 5:colcon.colcon_core.verb:set package 'service' build argument 'cmake_args' from command line to 'None'
[1.205s] Level 5:colcon.colcon_core.verb:set package 'service' build argument 'cmake_target' from command line to 'None'
[1.205s] Level 5:colcon.colcon_core.verb:set package 'service' build argument 'cmake_target_skip_unavailable' from command line to 'False'
[1.206s] Level 5:colcon.colcon_core.verb:set package 'service' build argument 'cmake_clean_cache' from command line to 'False'
[1.206s] Level 5:colcon.colcon_core.verb:set package 'service' build argument 'cmake_clean_first' from command line to 'False'
[1.206s] Level 5:colcon.colcon_core.verb:set package 'service' build argument 'cmake_force_configure' from command line to 'False'
[1.206s] Level 5:colcon.colcon_core.verb:set package 'service' build argument 'ament_cmake_args' from command line to 'None'
[1.206s] Level 5:colcon.colcon_core.verb:set package 'service' build argument 'catkin_cmake_args' from command line to 'None'
[1.206s] Level 5:colcon.colcon_core.verb:set package 'service' build argument 'catkin_skip_building_tests' from command line to 'False'
[1.206s] DEBUG:colcon.colcon_core.verb:Building package 'service' with the following arguments: {'ament_cmake_args': None, 'build_base': '/home/st/edu25/edu25_athome/happy_ws/build/service', 'catkin_cmake_args': None, 'catkin_skip_building_tests': False, 'cmake_args': None, 'cmake_clean_cache': False, 'cmake_clean_first': False, 'cmake_force_configure': False, 'cmake_target': None, 'cmake_target_skip_unavailable': False, 'install_base': '/home/st/edu25/edu25_athome/happy_ws/install/service', 'merge_install': False, 'path': '/home/st/edu25/edu25_athome/happy_ws/src/service', 'symlink_install': False, 'test_result_base': None}
[1.207s] Level 5:colcon.colcon_core.verb:set package 'service_msgs' build argument 'cmake_args' from command line to 'None'
[1.208s] Level 5:colcon.colcon_core.verb:set package 'service_msgs' build argument 'cmake_target' from command line to 'None'
[1.208s] Level 5:colcon.colcon_core.verb:set package 'service_msgs' build argument 'cmake_target_skip_unavailable' from command line to 'False'
[1.208s] Level 5:colcon.colcon_core.verb:set package 'service_msgs' build argument 'cmake_clean_cache' from command line to 'False'
[1.208s] Level 5:colcon.colcon_core.verb:set package 'service_msgs' build argument 'cmake_clean_first' from command line to 'False'
[1.208s] Level 5:colcon.colcon_core.verb:set package 'service_msgs' build argument 'cmake_force_configure' from command line to 'False'
[1.208s] Level 5:colcon.colcon_core.verb:set package 'service_msgs' build argument 'ament_cmake_args' from command line to 'None'
[1.208s] Level 5:colcon.colcon_core.verb:set package 'service_msgs' build argument 'catkin_cmake_args' from command line to 'None'
[1.209s] Level 5:colcon.colcon_core.verb:set package 'service_msgs' build argument 'catkin_skip_building_tests' from command line to 'False'
[1.209s] DEBUG:colcon.colcon_core.verb:Building package 'service_msgs' with the following arguments: {'ament_cmake_args': None, 'build_base': '/home/st/edu25/edu25_athome/happy_ws/build/service_msgs', 'catkin_cmake_args': None, 'catkin_skip_building_tests': False, 'cmake_args': None, 'cmake_clean_cache': False, 'cmake_clean_first': False, 'cmake_force_configure': False, 'cmake_target': None, 'cmake_target_skip_unavailable': False, 'install_base': '/home/st/edu25/edu25_athome/happy_ws/install/service_msgs', 'merge_install': False, 'path': '/home/st/edu25/edu25_athome/happy_ws/src/service_msgs', 'symlink_install': False, 'test_result_base': None}
[1.209s] INFO:colcon.colcon_core.executor:Executing jobs using 'parallel' executor
[1.213s] DEBUG:colcon.colcon_parallel_executor.executor.parallel:run_until_complete
[1.214s] INFO:colcon.colcon_ros.task.ament_python.build:Building ROS package in '/home/st/edu25/edu25_athome/happy_ws/src/my_happy' with build type 'ament_python'
[1.214s] Level 1:colcon.colcon_core.shell:create_environment_hook('my_happy', 'ament_prefix_path')
[1.221s] INFO:colcon.colcon_core.plugin_system:Skipping extension 'colcon_core.shell.bat': Not used on non-Windows systems
[1.222s] INFO:colcon.colcon_core.shell:Creating environment hook '/home/st/edu25/edu25_athome/happy_ws/install/my_happy/share/my_happy/hook/ament_prefix_path.ps1'
[1.225s] INFO:colcon.colcon_core.shell:Creating environment descriptor '/home/st/edu25/edu25_athome/happy_ws/install/my_happy/share/my_happy/hook/ament_prefix_path.dsv'
[1.227s] INFO:colcon.colcon_core.shell:Creating environment hook '/home/st/edu25/edu25_athome/happy_ws/install/my_happy/share/my_happy/hook/ament_prefix_path.sh'
[1.231s] INFO:colcon.colcon_core.shell:Skip shell extension 'powershell' for command environment: Not usable outside of PowerShell
[1.231s] DEBUG:colcon.colcon_core.shell:Skip shell extension 'dsv' for command environment
[1.244s] INFO:colcon.colcon_ros.task.ament_python.build:Building ROS package in '/home/st/edu25/edu25_athome/happy_ws/src/service' with build type 'ament_python'
[1.245s] Level 1:colcon.colcon_core.shell:create_environment_hook('service', 'ament_prefix_path')
[1.248s] INFO:colcon.colcon_core.shell:Creating environment hook '/home/st/edu25/edu25_athome/happy_ws/install/service/share/service/hook/ament_prefix_path.ps1'
[1.254s] INFO:colcon.colcon_core.shell:Creating environment descriptor '/home/st/edu25/edu25_athome/happy_ws/install/service/share/service/hook/ament_prefix_path.dsv'
[1.259s] INFO:colcon.colcon_core.shell:Creating environment hook '/home/st/edu25/edu25_athome/happy_ws/install/service/share/service/hook/ament_prefix_path.sh'
[1.266s] INFO:colcon.colcon_core.shell:Skip shell extension 'powershell' for command environment: Not usable outside of PowerShell
[1.267s] DEBUG:colcon.colcon_core.shell:Skip shell extension 'dsv' for command environment
[2.259s] INFO:colcon.colcon_core.task.python.build:Building Python package in '/home/st/edu25/edu25_athome/happy_ws/src/my_happy'
[2.260s] INFO:colcon.colcon_core.shell:Skip shell extension 'powershell' for command environment: Not usable outside of PowerShell
[2.260s] DEBUG:colcon.colcon_core.shell:Skip shell extension 'dsv' for command environment
[3.136s] INFO:colcon.colcon_core.task.python.build:Building Python package in '/home/st/edu25/edu25_athome/happy_ws/src/service'
[3.137s] INFO:colcon.colcon_core.shell:Skip shell extension 'powershell' for command environment: Not usable outside of PowerShell
[3.137s] DEBUG:colcon.colcon_core.shell:Skip shell extension 'dsv' for command environment
[4.246s] DEBUG:colcon.colcon_core.event_handler.log_command:Invoking command in '/home/st/edu25/edu25_athome/happy_ws/src/my_happy': PYTHONPATH=/home/st/edu25/edu25_athome/happy_ws/build/my_happy/prefix_override:/usr/lib/python3/dist-packages/colcon_core/task/python/colcon_distutils_commands:/home/st/edu25/edu25_athome/happy_ws/install/my_happy/lib/python3.10/site-packages:${PYTHONPATH} /usr/bin/python3 -W ignore:setup.py install is deprecated -W ignore:easy_install command is deprecated setup.py egg_info --egg-base ../../build/my_happy build --build-base /home/st/edu25/edu25_athome/happy_ws/build/my_happy/build install --record /home/st/edu25/edu25_athome/happy_ws/build/my_happy/install.log --single-version-externally-managed install_data
[4.277s] DEBUG:colcon.colcon_core.event_handler.log_command:Invoking command in '/home/st/edu25/edu25_athome/happy_ws/src/service': PYTHONPATH=/home/st/edu25/edu25_athome/happy_ws/build/service/prefix_override:/usr/lib/python3/dist-packages/colcon_core/task/python/colcon_distutils_commands:/home/st/edu25/edu25_athome/happy_ws/install/service/lib/python3.10/site-packages:${PYTHONPATH} /usr/bin/python3 -W ignore:setup.py install is deprecated -W ignore:easy_install command is deprecated setup.py egg_info --egg-base ../../build/service build --build-base /home/st/edu25/edu25_athome/happy_ws/build/service/build install --record /home/st/edu25/edu25_athome/happy_ws/build/service/install.log --single-version-externally-managed install_data
[5.308s] DEBUG:colcon.colcon_core.event_handler.log_command:Invoked command in '/home/st/edu25/edu25_athome/happy_ws/src/my_happy' returned '0': PYTHONPATH=/home/st/edu25/edu25_athome/happy_ws/build/my_happy/prefix_override:/usr/lib/python3/dist-packages/colcon_core/task/python/colcon_distutils_commands:/home/st/edu25/edu25_athome/happy_ws/install/my_happy/lib/python3.10/site-packages:${PYTHONPATH} /usr/bin/python3 -W ignore:setup.py install is deprecated -W ignore:easy_install command is deprecated setup.py egg_info --egg-base ../../build/my_happy build --build-base /home/st/edu25/edu25_athome/happy_ws/build/my_happy/build install --record /home/st/edu25/edu25_athome/happy_ws/build/my_happy/install.log --single-version-externally-managed install_data
[5.315s] Level 1:colcon.colcon_core.environment:checking '/home/st/edu25/edu25_athome/happy_ws/install/my_happy' for CMake module files
[5.317s] Level 1:colcon.colcon_core.environment:checking '/home/st/edu25/edu25_athome/happy_ws/install/my_happy' for CMake config files
[5.319s] Level 1:colcon.colcon_core.environment:checking '/home/st/edu25/edu25_athome/happy_ws/install/my_happy/lib'
[5.320s] Level 1:colcon.colcon_core.environment:checking '/home/st/edu25/edu25_athome/happy_ws/install/my_happy/bin'
[5.320s] Level 1:colcon.colcon_core.environment:checking '/home/st/edu25/edu25_athome/happy_ws/install/my_happy/lib/pkgconfig/my_happy.pc'
[5.321s] Level 1:colcon.colcon_core.environment:checking '/home/st/edu25/edu25_athome/happy_ws/install/my_happy/lib/python3.10/site-packages'
[5.321s] Level 1:colcon.colcon_core.shell:create_environment_hook('my_happy', 'pythonpath')
[5.322s] INFO:colcon.colcon_core.shell:Creating environment hook '/home/st/edu25/edu25_athome/happy_ws/install/my_happy/share/my_happy/hook/pythonpath.ps1'
[5.326s] INFO:colcon.colcon_core.shell:Creating environment descriptor '/home/st/edu25/edu25_athome/happy_ws/install/my_happy/share/my_happy/hook/pythonpath.dsv'
[5.328s] INFO:colcon.colcon_core.shell:Creating environment hook '/home/st/edu25/edu25_athome/happy_ws/install/my_happy/share/my_happy/hook/pythonpath.sh'
[5.331s] Level 1:colcon.colcon_core.environment:checking '/home/st/edu25/edu25_athome/happy_ws/install/my_happy/bin'
[5.331s] Level 1:colcon.colcon_core.environment:create_environment_scripts_only(my_happy)
[5.334s] INFO:colcon.colcon_core.shell:Creating package script '/home/st/edu25/edu25_athome/happy_ws/install/my_happy/share/my_happy/package.ps1'
[5.337s] INFO:colcon.colcon_core.shell:Creating package descriptor '/home/st/edu25/edu25_athome/happy_ws/install/my_happy/share/my_happy/package.dsv'
[5.341s] INFO:colcon.colcon_core.shell:Creating package script '/home/st/edu25/edu25_athome/happy_ws/install/my_happy/share/my_happy/package.sh'
[5.344s] INFO:colcon.colcon_core.shell:Creating package script '/home/st/edu25/edu25_athome/happy_ws/install/my_happy/share/my_happy/package.bash'
[5.346s] INFO:colcon.colcon_core.shell:Creating package script '/home/st/edu25/edu25_athome/happy_ws/install/my_happy/share/my_happy/package.zsh'
[5.348s] Level 1:colcon.colcon_core.environment:create_file_with_runtime_dependencies(/home/st/edu25/edu25_athome/happy_ws/install/my_happy/share/colcon-core/packages/my_happy)
[5.351s] INFO:colcon.colcon_ros.task.ament_cmake.build:Building ROS package in '/home/st/edu25/edu25_athome/happy_ws/src/service_msgs' with build type 'ament_cmake'
[5.351s] INFO:colcon.colcon_cmake.task.cmake.build:Building CMake package in '/home/st/edu25/edu25_athome/happy_ws/src/service_msgs'
[5.352s] INFO:colcon.colcon_core.shell:Skip shell extension 'powershell' for command environment: Not usable outside of PowerShell
[5.354s] DEBUG:colcon.colcon_core.shell:Skip shell extension 'dsv' for command environment
[5.374s] Level 1:colcon.colcon_core.environment:checking '/home/st/edu25/edu25_athome/happy_ws/install/service' for CMake module files
[5.375s] DEBUG:colcon.colcon_core.event_handler.log_command:Invoked command in '/home/st/edu25/edu25_athome/happy_ws/src/service' returned '0': PYTHONPATH=/home/st/edu25/edu25_athome/happy_ws/build/service/prefix_override:/usr/lib/python3/dist-packages/colcon_core/task/python/colcon_distutils_commands:/home/st/edu25/edu25_athome/happy_ws/install/service/lib/python3.10/site-packages:${PYTHONPATH} /usr/bin/python3 -W ignore:setup.py install is deprecated -W ignore:easy_install command is deprecated setup.py egg_info --egg-base ../../build/service build --build-base /home/st/edu25/edu25_athome/happy_ws/build/service/build install --record /home/st/edu25/edu25_athome/happy_ws/build/service/install.log --single-version-externally-managed install_data
[5.376s] Level 1:colcon.colcon_core.environment:checking '/home/st/edu25/edu25_athome/happy_ws/install/service' for CMake config files
[5.378s] Level 1:colcon.colcon_core.environment:checking '/home/st/edu25/edu25_athome/happy_ws/install/service/lib'
[5.378s] Level 1:colcon.colcon_core.environment:checking '/home/st/edu25/edu25_athome/happy_ws/install/service/bin'
[5.379s] Level 1:colcon.colcon_core.environment:checking '/home/st/edu25/edu25_athome/happy_ws/install/service/lib/pkgconfig/service.pc'
[5.379s] Level 1:colcon.colcon_core.environment:checking '/home/st/edu25/edu25_athome/happy_ws/install/service/lib/python3.10/site-packages'
[5.379s] Level 1:colcon.colcon_core.shell:create_environment_hook('service', 'pythonpath')
[5.380s] INFO:colcon.colcon_core.shell:Creating environment hook '/home/st/edu25/edu25_athome/happy_ws/install/service/share/service/hook/pythonpath.ps1'
[5.382s] INFO:colcon.colcon_core.shell:Creating environment descriptor '/home/st/edu25/edu25_athome/happy_ws/install/service/share/service/hook/pythonpath.dsv'
[5.383s] INFO:colcon.colcon_core.shell:Creating environment hook '/home/st/edu25/edu25_athome/happy_ws/install/service/share/service/hook/pythonpath.sh'
[5.386s] Level 1:colcon.colcon_core.environment:checking '/home/st/edu25/edu25_athome/happy_ws/install/service/bin'
[5.386s] Level 1:colcon.colcon_core.environment:create_environment_scripts_only(service)
[5.387s] INFO:colcon.colcon_core.shell:Creating package script '/home/st/edu25/edu25_athome/happy_ws/install/service/share/service/package.ps1'
[5.388s] INFO:colcon.colcon_core.shell:Creating package descriptor '/home/st/edu25/edu25_athome/happy_ws/install/service/share/service/package.dsv'
[5.390s] INFO:colcon.colcon_core.shell:Creating package script '/home/st/edu25/edu25_athome/happy_ws/install/service/share/service/package.sh'
[5.391s] INFO:colcon.colcon_core.shell:Creating package script '/home/st/edu25/edu25_athome/happy_ws/install/service/share/service/package.bash'
[5.392s] INFO:colcon.colcon_core.shell:Creating package script '/home/st/edu25/edu25_athome/happy_ws/install/service/share/service/package.zsh'
[5.395s] Level 1:colcon.colcon_core.environment:create_file_with_runtime_dependencies(/home/st/edu25/edu25_athome/happy_ws/install/service/share/colcon-core/packages/service)
[5.408s] DEBUG:colcon.colcon_core.event_handler.log_command:Invoking command in '/home/st/edu25/edu25_athome/happy_ws/build/service_msgs': CMAKE_PREFIX_PATH=/opt/ros/humble /usr/bin/cmake --build /home/st/edu25/edu25_athome/happy_ws/build/service_msgs -- -j2 -l2
[6.943s] DEBUG:colcon.colcon_core.event_handler.log_command:Invoked command in '/home/st/edu25/edu25_athome/happy_ws/build/service_msgs' returned '0': CMAKE_PREFIX_PATH=/opt/ros/humble /usr/bin/cmake --build /home/st/edu25/edu25_athome/happy_ws/build/service_msgs -- -j2 -l2
[6.989s] DEBUG:colcon.colcon_core.event_handler.log_command:Invoking command in '/home/st/edu25/edu25_athome/happy_ws/build/service_msgs': CMAKE_PREFIX_PATH=/opt/ros/humble /usr/bin/cmake --install /home/st/edu25/edu25_athome/happy_ws/build/service_msgs
[7.194s] Level 1:colcon.colcon_core.environment:create_environment_scripts_only(service_msgs)
[7.195s] Level 1:colcon.colcon_core.environment:checking '/home/st/edu25/edu25_athome/happy_ws/install/service_msgs' for CMake module files
[7.196s] DEBUG:colcon.colcon_core.event_handler.log_command:Invoked command in '/home/st/edu25/edu25_athome/happy_ws/build/service_msgs' returned '0': CMAKE_PREFIX_PATH=/opt/ros/humble /usr/bin/cmake --install /home/st/edu25/edu25_athome/happy_ws/build/service_msgs
[7.198s] Level 1:colcon.colcon_core.environment:checking '/home/st/edu25/edu25_athome/happy_ws/install/service_msgs' for CMake config files
[7.202s] Level 1:colcon.colcon_core.shell:create_environment_hook('service_msgs', 'cmake_prefix_path')
[7.202s] INFO:colcon.colcon_core.shell:Creating environment hook '/home/st/edu25/edu25_athome/happy_ws/install/service_msgs/share/service_msgs/hook/cmake_prefix_path.ps1'
[7.204s] INFO:colcon.colcon_core.shell:Creating environment descriptor '/home/st/edu25/edu25_athome/happy_ws/install/service_msgs/share/service_msgs/hook/cmake_prefix_path.dsv'
[7.206s] INFO:colcon.colcon_core.shell:Creating environment hook '/home/st/edu25/edu25_athome/happy_ws/install/service_msgs/share/service_msgs/hook/cmake_prefix_path.sh'
[7.209s] Level 1:colcon.colcon_core.environment:checking '/home/st/edu25/edu25_athome/happy_ws/install/service_msgs/lib'
[7.210s] Level 1:colcon.colcon_core.shell:create_environment_hook('service_msgs', 'ld_library_path_lib')
[7.210s] INFO:colcon.colcon_core.shell:Creating environment hook '/home/st/edu25/edu25_athome/happy_ws/install/service_msgs/share/service_msgs/hook/ld_library_path_lib.ps1'
[7.213s] INFO:colcon.colcon_core.shell:Creating environment descriptor '/home/st/edu25/edu25_athome/happy_ws/install/service_msgs/share/service_msgs/hook/ld_library_path_lib.dsv'
[7.214s] INFO:colcon.colcon_core.shell:Creating environment hook '/home/st/edu25/edu25_athome/happy_ws/install/service_msgs/share/service_msgs/hook/ld_library_path_lib.sh'
[7.217s] Level 1:colcon.colcon_core.environment:checking '/home/st/edu25/edu25_athome/happy_ws/install/service_msgs/bin'
[7.218s] Level 1:colcon.colcon_core.environment:checking '/home/st/edu25/edu25_athome/happy_ws/install/service_msgs/lib/pkgconfig/service_msgs.pc'
[7.218s] Level 1:colcon.colcon_core.environment:checking '/home/st/edu25/edu25_athome/happy_ws/install/service_msgs/lib/python3.10/site-packages'
[7.219s] Level 1:colcon.colcon_core.environment:checking '/home/st/edu25/edu25_athome/happy_ws/install/service_msgs/bin'
[7.220s] INFO:colcon.colcon_core.shell:Creating package script '/home/st/edu25/edu25_athome/happy_ws/install/service_msgs/share/service_msgs/package.ps1'
[7.222s] INFO:colcon.colcon_core.shell:Creating package descriptor '/home/st/edu25/edu25_athome/happy_ws/install/service_msgs/share/service_msgs/package.dsv'
[7.224s] INFO:colcon.colcon_core.shell:Creating package script '/home/st/edu25/edu25_athome/happy_ws/install/service_msgs/share/service_msgs/package.sh'
[7.226s] INFO:colcon.colcon_core.shell:Creating package script '/home/st/edu25/edu25_athome/happy_ws/install/service_msgs/share/service_msgs/package.bash'
[7.228s] INFO:colcon.colcon_core.shell:Creating package script '/home/st/edu25/edu25_athome/happy_ws/install/service_msgs/share/service_msgs/package.zsh'
[7.230s] Level 1:colcon.colcon_core.environment:create_file_with_runtime_dependencies(/home/st/edu25/edu25_athome/happy_ws/install/service_msgs/share/colcon-core/packages/service_msgs)
[7.232s] Level 1:colcon.colcon_core.environment:create_environment_scripts_only(service_msgs)
[7.233s] Level 1:colcon.colcon_core.environment:checking '/home/st/edu25/edu25_athome/happy_ws/install/service_msgs' for CMake module files
[7.236s] Level 1:colcon.colcon_core.environment:checking '/home/st/edu25/edu25_athome/happy_ws/install/service_msgs' for CMake config files
[7.238s] Level 1:colcon.colcon_core.shell:create_environment_hook('service_msgs', 'cmake_prefix_path')
[7.239s] INFO:colcon.colcon_core.shell:Creating environment hook '/home/st/edu25/edu25_athome/happy_ws/install/service_msgs/share/service_msgs/hook/cmake_prefix_path.ps1'
[7.241s] INFO:colcon.colcon_core.shell:Creating environment descriptor '/home/st/edu25/edu25_athome/happy_ws/install/service_msgs/share/service_msgs/hook/cmake_prefix_path.dsv'
[7.242s] INFO:colcon.colcon_core.shell:Creating environment hook '/home/st/edu25/edu25_athome/happy_ws/install/service_msgs/share/service_msgs/hook/cmake_prefix_path.sh'
[7.247s] Level 1:colcon.colcon_core.environment:checking '/home/st/edu25/edu25_athome/happy_ws/install/service_msgs/lib'
[7.247s] Level 1:colcon.colcon_core.shell:create_environment_hook('service_msgs', 'ld_library_path_lib')
[7.249s] INFO:colcon.colcon_core.shell:Creating environment hook '/home/st/edu25/edu25_athome/happy_ws/install/service_msgs/share/service_msgs/hook/ld_library_path_lib.ps1'
[7.252s] INFO:colcon.colcon_core.shell:Creating environment descriptor '/home/st/edu25/edu25_athome/happy_ws/install/service_msgs/share/service_msgs/hook/ld_library_path_lib.dsv'
[7.254s] INFO:colcon.colcon_core.shell:Creating environment hook '/home/st/edu25/edu25_athome/happy_ws/install/service_msgs/share/service_msgs/hook/ld_library_path_lib.sh'
[7.255s] Level 1:colcon.colcon_core.environment:checking '/home/st/edu25/edu25_athome/happy_ws/install/service_msgs/bin'
[7.256s] Level 1:colcon.colcon_core.environment:checking '/home/st/edu25/edu25_athome/happy_ws/install/service_msgs/lib/pkgconfig/service_msgs.pc'
[7.257s] Level 1:colcon.colcon_core.environment:checking '/home/st/edu25/edu25_athome/happy_ws/install/service_msgs/lib/python3.10/site-packages'
[7.259s] Level 1:colcon.colcon_core.environment:checking '/home/st/edu25/edu25_athome/happy_ws/install/service_msgs/bin'
[7.261s] INFO:colcon.colcon_core.shell:Creating package script '/home/st/edu25/edu25_athome/happy_ws/install/service_msgs/share/service_msgs/package.ps1'
[7.264s] INFO:colcon.colcon_core.shell:Creating package descriptor '/home/st/edu25/edu25_athome/happy_ws/install/service_msgs/share/service_msgs/package.dsv'
[7.267s] INFO:colcon.colcon_core.shell:Creating package script '/home/st/edu25/edu25_athome/happy_ws/install/service_msgs/share/service_msgs/package.sh'
[7.268s] INFO:colcon.colcon_core.shell:Creating package script '/home/st/edu25/edu25_athome/happy_ws/install/service_msgs/share/service_msgs/package.bash'
[7.270s] INFO:colcon.colcon_core.shell:Creating package script '/home/st/edu25/edu25_athome/happy_ws/install/service_msgs/share/service_msgs/package.zsh'
[7.272s] Level 1:colcon.colcon_core.environment:create_file_with_runtime_dependencies(/home/st/edu25/edu25_athome/happy_ws/install/service_msgs/share/colcon-core/packages/service_msgs)
[7.276s] DEBUG:colcon.colcon_parallel_executor.executor.parallel:closing loop
[7.276s] DEBUG:colcon.colcon_parallel_executor.executor.parallel:loop closed
[7.276s] DEBUG:colcon.colcon_parallel_executor.executor.parallel:run_until_complete finished with '0'
[7.276s] DEBUG:colcon.colcon_core.event_reactor:joining thread
[7.305s] INFO:colcon.colcon_core.plugin_system:Skipping extension 'colcon_notification.desktop_notification.terminal_notifier': Not used on non-Darwin systems
[7.305s] INFO:colcon.colcon_core.plugin_system:Skipping extension 'colcon_notification.desktop_notification.win32': Not used on non-Windows systems
[7.305s] INFO:colcon.colcon_notification.desktop_notification:Sending desktop notification using 'notify2'
[7.356s] DEBUG:colcon.colcon_core.event_reactor:joined thread
[7.357s] INFO:colcon.colcon_core.shell:Creating prefix script '/home/st/edu25/edu25_athome/happy_ws/install/local_setup.ps1'
[7.368s] INFO:colcon.colcon_core.shell:Creating prefix util module '/home/st/edu25/edu25_athome/happy_ws/install/_local_setup_util_ps1.py'
[7.372s] INFO:colcon.colcon_core.shell:Creating prefix chain script '/home/st/edu25/edu25_athome/happy_ws/install/setup.ps1'
[7.377s] INFO:colcon.colcon_core.shell:Creating prefix script '/home/st/edu25/edu25_athome/happy_ws/install/local_setup.sh'
[7.381s] INFO:colcon.colcon_core.shell:Creating prefix util module '/home/st/edu25/edu25_athome/happy_ws/install/_local_setup_util_sh.py'
[7.383s] INFO:colcon.colcon_core.shell:Creating prefix chain script '/home/st/edu25/edu25_athome/happy_ws/install/setup.sh'
[7.387s] INFO:colcon.colcon_core.shell:Creating prefix script '/home/st/edu25/edu25_athome/happy_ws/install/local_setup.bash'
[7.392s] INFO:colcon.colcon_core.shell:Creating prefix chain script '/home/st/edu25/edu25_athome/happy_ws/install/setup.bash'
[7.397s] INFO:colcon.colcon_core.shell:Creating prefix script '/home/st/edu25/edu25_athome/happy_ws/install/local_setup.zsh'
[7.400s] INFO:colcon.colcon_core.shell:Creating prefix chain script '/home/st/edu25/edu25_athome/happy_ws/install/setup.zsh'
