[1.955s] Invoking command in '/home/st/edu25/edu25_athome/happy_ws/src/my_happy': PYTHONPATH=/home/st/edu25/edu25_athome/happy_ws/build/my_happy/prefix_override:/usr/lib/python3/dist-packages/colcon_core/task/python/colcon_distutils_commands:/home/st/edu25/edu25_athome/happy_ws/install/my_happy/lib/python3.10/site-packages:${PYTHONPATH} /usr/bin/python3 -W ignore:setup.py install is deprecated -W ignore:easy_install command is deprecated setup.py egg_info --egg-base ../../build/my_happy build --build-base /home/st/edu25/edu25_athome/happy_ws/build/my_happy/build install --record /home/st/edu25/edu25_athome/happy_ws/build/my_happy/install.log --single-version-externally-managed install_data
[2.730s] running egg_info
[2.733s] writing ../../build/my_happy/my_happy.egg-info/PKG-INFO
[2.734s] writing dependency_links to ../../build/my_happy/my_happy.egg-info/dependency_links.txt
[2.736s] writing entry points to ../../build/my_happy/my_happy.egg-info/entry_points.txt
[2.737s] writing requirements to ../../build/my_happy/my_happy.egg-info/requires.txt
[2.737s] writing top-level names to ../../build/my_happy/my_happy.egg-info/top_level.txt
[2.741s] reading manifest file '../../build/my_happy/my_happy.egg-info/SOURCES.txt'
[2.746s] writing manifest file '../../build/my_happy/my_happy.egg-info/SOURCES.txt'
[2.748s] running build
[2.748s] running build_py
[2.748s] running install
[2.749s] running install_lib
[2.753s] running install_data
[2.753s] running install_egg_info
[2.757s] removing '/home/st/edu25/edu25_athome/happy_ws/install/my_happy/lib/python3.10/site-packages/my_happy-0.0.0-py3.10.egg-info' (and everything under it)
[2.759s] Copying ../../build/my_happy/my_happy.egg-info to /home/st/edu25/edu25_athome/happy_ws/install/my_happy/lib/python3.10/site-packages/my_happy-0.0.0-py3.10.egg-info
[2.763s] running install_scripts
[2.830s] Installing happy_node script to /home/st/edu25/edu25_athome/happy_ws/install/my_happy/lib/my_happy
[2.831s] writing list of installed files to '/home/st/edu25/edu25_athome/happy_ws/build/my_happy/install.log'
[2.901s] Invoked command in '/home/st/edu25/edu25_athome/happy_ws/src/my_happy' returned '0': PYTHONPATH=/home/st/edu25/edu25_athome/happy_ws/build/my_happy/prefix_override:/usr/lib/python3/dist-packages/colcon_core/task/python/colcon_distutils_commands:/home/st/edu25/edu25_athome/happy_ws/install/my_happy/lib/python3.10/site-packages:${PYTHONPATH} /usr/bin/python3 -W ignore:setup.py install is deprecated -W ignore:easy_install command is deprecated setup.py egg_info --egg-base ../../build/my_happy build --build-base /home/st/edu25/edu25_athome/happy_ws/build/my_happy/build install --record /home/st/edu25/edu25_athome/happy_ws/build/my_happy/install.log --single-version-externally-managed install_data
