[0.054s] Invoking command in '/home/st/edu25/edu25_athome/happy_ws/build/service_msgs': CMAKE_PREFIX_PATH=${CMAKE_PREFIX_PATH}:/home/st/edu25/edu25_athome/happy_ws/install/service:/home/st/edu25/edu25_athome/happy_ws/install/my_happy:/opt/ros/humble /usr/bin/cmake --build /home/st/edu25/edu25_athome/happy_ws/build/service_msgs -- -j2 -l2
[0.253s] [  9%] Built target service_msgs__rosidl_generator_c
[0.262s] [ 12%] Built target service_msgs__cpp
[0.363s] [ 22%] Built target service_msgs__rosidl_typesupport_fastrtps_cpp
[0.384s] [ 22%] Built target ament_cmake_python_copy_service_msgs
[0.464s] [ 32%] Built target service_msgs__rosidl_typesupport_introspection_cpp
[0.487s] [ 41%] Built target service_msgs__rosidl_typesupport_cpp
[0.572s] [ 51%] Built target service_msgs__rosidl_typesupport_fastrtps_c
[0.583s] [ 61%] Built target service_msgs__rosidl_typesupport_introspection_c
[0.671s] [ 70%] Built target service_msgs__rosidl_typesupport_c
[0.797s] [ 70%] Built target service_msgs
[0.871s] [ 74%] Built target service_msgs__py
[0.970s] [ 80%] Built target service_msgs__rosidl_generator_py
[1.074s] [ 87%] Built target service_msgs__rosidl_typesupport_fastrtps_c__pyext
[1.177s] [ 93%] Built target service_msgs__rosidl_typesupport_introspection_c__pyext
[1.277s] [100%] Built target service_msgs__rosidl_typesupport_c__pyext
[1.553s] running egg_info
[1.555s] writing service_msgs.egg-info/PKG-INFO
[1.560s] writing dependency_links to service_msgs.egg-info/dependency_links.txt
[1.560s] writing top-level names to service_msgs.egg-info/top_level.txt
[1.572s] reading manifest file 'service_msgs.egg-info/SOURCES.txt'
[1.573s] writing manifest file 'service_msgs.egg-info/SOURCES.txt'
[1.671s] [100%] Built target ament_cmake_python_build_service_msgs_egg
[1.712s] Invoked command in '/home/st/edu25/edu25_athome/happy_ws/build/service_msgs' returned '0': CMAKE_PREFIX_PATH=${CMAKE_PREFIX_PATH}:/home/st/edu25/edu25_athome/happy_ws/install/service:/home/st/edu25/edu25_athome/happy_ws/install/my_happy:/opt/ros/humble /usr/bin/cmake --build /home/st/edu25/edu25_athome/happy_ws/build/service_msgs -- -j2 -l2
[1.761s] Invoking command in '/home/st/edu25/edu25_athome/happy_ws/build/service_msgs': CMAKE_PREFIX_PATH=${CMAKE_PREFIX_PATH}:/home/st/edu25/edu25_athome/happy_ws/install/service:/home/st/edu25/edu25_athome/happy_ws/install/my_happy:/opt/ros/humble /usr/bin/cmake --install /home/st/edu25/edu25_athome/happy_ws/build/service_msgs
[1.797s] -- Install configuration: ""
[1.797s] -- Up-to-date: /home/st/edu25/edu25_athome/happy_ws/install/service_msgs/share/ament_index/resource_index/rosidl_interfaces/service_msgs
[1.797s] -- Up-to-date: /home/st/edu25/edu25_athome/happy_ws/install/service_msgs/include/service_msgs/service_msgs
[1.798s] -- Up-to-date: /home/st/edu25/edu25_athome/happy_ws/install/service_msgs/include/service_msgs/service_msgs/srv
[1.798s] -- Up-to-date: /home/st/edu25/edu25_athome/happy_ws/install/service_msgs/include/service_msgs/service_msgs/srv/detail
[1.798s] -- Up-to-date: /home/st/edu25/edu25_athome/happy_ws/install/service_msgs/include/service_msgs/service_msgs/srv/detail/string_command__functions.c
[1.798s] -- Up-to-date: /home/st/edu25/edu25_athome/happy_ws/install/service_msgs/include/service_msgs/service_msgs/srv/detail/string_command__type_support.h
[1.799s] -- Up-to-date: /home/st/edu25/edu25_athome/happy_ws/install/service_msgs/include/service_msgs/service_msgs/srv/detail/string_command__struct.h
[1.799s] -- Up-to-date: /home/st/edu25/edu25_athome/happy_ws/install/service_msgs/include/service_msgs/service_msgs/srv/detail/string_command__functions.h
[1.799s] -- Up-to-date: /home/st/edu25/edu25_athome/happy_ws/install/service_msgs/include/service_msgs/service_msgs/srv/string_command.h
[1.799s] -- Up-to-date: /home/st/edu25/edu25_athome/happy_ws/install/service_msgs/include/service_msgs/service_msgs/msg
[1.800s] -- Up-to-date: /home/st/edu25/edu25_athome/happy_ws/install/service_msgs/include/service_msgs/service_msgs/msg/rosidl_generator_c__visibility_control.h
[1.800s] -- Up-to-date: /home/st/edu25/edu25_athome/happy_ws/install/service_msgs/share/service_msgs/environment/library_path.sh
[1.800s] -- Up-to-date: /home/st/edu25/edu25_athome/happy_ws/install/service_msgs/share/service_msgs/environment/library_path.dsv
[1.801s] -- Up-to-date: /home/st/edu25/edu25_athome/happy_ws/install/service_msgs/lib/libservice_msgs__rosidl_generator_c.so
[1.801s] -- Up-to-date: /home/st/edu25/edu25_athome/happy_ws/install/service_msgs/include/service_msgs/service_msgs
[1.801s] -- Up-to-date: /home/st/edu25/edu25_athome/happy_ws/install/service_msgs/include/service_msgs/service_msgs/srv
[1.802s] -- Up-to-date: /home/st/edu25/edu25_athome/happy_ws/install/service_msgs/include/service_msgs/service_msgs/srv/detail
[1.802s] -- Up-to-date: /home/st/edu25/edu25_athome/happy_ws/install/service_msgs/include/service_msgs/service_msgs/srv/detail/string_command__rosidl_typesupport_fastrtps_c.h
[1.802s] -- Up-to-date: /home/st/edu25/edu25_athome/happy_ws/install/service_msgs/include/service_msgs/service_msgs/msg
[1.802s] -- Up-to-date: /home/st/edu25/edu25_athome/happy_ws/install/service_msgs/include/service_msgs/service_msgs/msg/rosidl_typesupport_fastrtps_c__visibility_control.h
[1.803s] -- Up-to-date: /home/st/edu25/edu25_athome/happy_ws/install/service_msgs/lib/libservice_msgs__rosidl_typesupport_fastrtps_c.so
[1.803s] -- Up-to-date: /home/st/edu25/edu25_athome/happy_ws/install/service_msgs/include/service_msgs/service_msgs
[1.803s] -- Up-to-date: /home/st/edu25/edu25_athome/happy_ws/install/service_msgs/include/service_msgs/service_msgs/srv
[1.804s] -- Up-to-date: /home/st/edu25/edu25_athome/happy_ws/install/service_msgs/include/service_msgs/service_msgs/srv/detail
[1.804s] -- Up-to-date: /home/st/edu25/edu25_athome/happy_ws/install/service_msgs/include/service_msgs/service_msgs/srv/detail/string_command__type_support.c
[1.804s] -- Up-to-date: /home/st/edu25/edu25_athome/happy_ws/install/service_msgs/include/service_msgs/service_msgs/srv/detail/string_command__rosidl_typesupport_introspection_c.h
[1.805s] -- Up-to-date: /home/st/edu25/edu25_athome/happy_ws/install/service_msgs/include/service_msgs/service_msgs/msg
[1.805s] -- Up-to-date: /home/st/edu25/edu25_athome/happy_ws/install/service_msgs/include/service_msgs/service_msgs/msg/rosidl_typesupport_introspection_c__visibility_control.h
[1.805s] -- Up-to-date: /home/st/edu25/edu25_athome/happy_ws/install/service_msgs/lib/libservice_msgs__rosidl_typesupport_introspection_c.so
[1.808s] -- Up-to-date: /home/st/edu25/edu25_athome/happy_ws/install/service_msgs/lib/libservice_msgs__rosidl_typesupport_c.so
[1.808s] -- Up-to-date: /home/st/edu25/edu25_athome/happy_ws/install/service_msgs/include/service_msgs/service_msgs
[1.808s] -- Up-to-date: /home/st/edu25/edu25_athome/happy_ws/install/service_msgs/include/service_msgs/service_msgs/srv
[1.808s] -- Up-to-date: /home/st/edu25/edu25_athome/happy_ws/install/service_msgs/include/service_msgs/service_msgs/srv/string_command.hpp
[1.809s] -- Up-to-date: /home/st/edu25/edu25_athome/happy_ws/install/service_msgs/include/service_msgs/service_msgs/srv/detail
[1.809s] -- Up-to-date: /home/st/edu25/edu25_athome/happy_ws/install/service_msgs/include/service_msgs/service_msgs/srv/detail/string_command__struct.hpp
[1.809s] -- Up-to-date: /home/st/edu25/edu25_athome/happy_ws/install/service_msgs/include/service_msgs/service_msgs/srv/detail/string_command__traits.hpp
[1.810s] -- Up-to-date: /home/st/edu25/edu25_athome/happy_ws/install/service_msgs/include/service_msgs/service_msgs/srv/detail/string_command__type_support.hpp
[1.810s] -- Up-to-date: /home/st/edu25/edu25_athome/happy_ws/install/service_msgs/include/service_msgs/service_msgs/srv/detail/string_command__builder.hpp
[1.810s] -- Up-to-date: /home/st/edu25/edu25_athome/happy_ws/install/service_msgs/include/service_msgs/service_msgs/msg
[1.810s] -- Up-to-date: /home/st/edu25/edu25_athome/happy_ws/install/service_msgs/include/service_msgs/service_msgs/msg/rosidl_generator_cpp__visibility_control.hpp
[1.810s] -- Up-to-date: /home/st/edu25/edu25_athome/happy_ws/install/service_msgs/include/service_msgs/service_msgs
[1.811s] -- Up-to-date: /home/st/edu25/edu25_athome/happy_ws/install/service_msgs/include/service_msgs/service_msgs/srv
[1.811s] -- Up-to-date: /home/st/edu25/edu25_athome/happy_ws/install/service_msgs/include/service_msgs/service_msgs/srv/detail
[1.811s] -- Up-to-date: /home/st/edu25/edu25_athome/happy_ws/install/service_msgs/include/service_msgs/service_msgs/srv/detail/string_command__rosidl_typesupport_fastrtps_cpp.hpp
[1.812s] -- Up-to-date: /home/st/edu25/edu25_athome/happy_ws/install/service_msgs/include/service_msgs/service_msgs/srv/detail/dds_fastrtps
[1.812s] -- Up-to-date: /home/st/edu25/edu25_athome/happy_ws/install/service_msgs/include/service_msgs/service_msgs/msg
[1.812s] -- Up-to-date: /home/st/edu25/edu25_athome/happy_ws/install/service_msgs/include/service_msgs/service_msgs/msg/rosidl_typesupport_fastrtps_cpp__visibility_control.h
[1.812s] -- Up-to-date: /home/st/edu25/edu25_athome/happy_ws/install/service_msgs/lib/libservice_msgs__rosidl_typesupport_fastrtps_cpp.so
[1.813s] -- Up-to-date: /home/st/edu25/edu25_athome/happy_ws/install/service_msgs/include/service_msgs/service_msgs
[1.813s] -- Up-to-date: /home/st/edu25/edu25_athome/happy_ws/install/service_msgs/include/service_msgs/service_msgs/srv
[1.813s] -- Up-to-date: /home/st/edu25/edu25_athome/happy_ws/install/service_msgs/include/service_msgs/service_msgs/srv/detail
[1.813s] -- Up-to-date: /home/st/edu25/edu25_athome/happy_ws/install/service_msgs/include/service_msgs/service_msgs/srv/detail/string_command__type_support.cpp
[1.814s] -- Up-to-date: /home/st/edu25/edu25_athome/happy_ws/install/service_msgs/include/service_msgs/service_msgs/srv/detail/string_command__rosidl_typesupport_introspection_cpp.hpp
[1.814s] -- Up-to-date: /home/st/edu25/edu25_athome/happy_ws/install/service_msgs/lib/libservice_msgs__rosidl_typesupport_introspection_cpp.so
[1.816s] -- Up-to-date: /home/st/edu25/edu25_athome/happy_ws/install/service_msgs/lib/libservice_msgs__rosidl_typesupport_cpp.so
[1.816s] -- Up-to-date: /home/st/edu25/edu25_athome/happy_ws/install/service_msgs/share/service_msgs/environment/pythonpath.sh
[1.817s] -- Up-to-date: /home/st/edu25/edu25_athome/happy_ws/install/service_msgs/share/service_msgs/environment/pythonpath.dsv
[1.817s] -- Up-to-date: /home/st/edu25/edu25_athome/happy_ws/install/service_msgs/local/lib/python3.10/dist-packages/service_msgs-0.0.0-py3.10.egg-info
[1.817s] -- Installing: /home/st/edu25/edu25_athome/happy_ws/install/service_msgs/local/lib/python3.10/dist-packages/service_msgs-0.0.0-py3.10.egg-info/SOURCES.txt
[1.818s] -- Installing: /home/st/edu25/edu25_athome/happy_ws/install/service_msgs/local/lib/python3.10/dist-packages/service_msgs-0.0.0-py3.10.egg-info/top_level.txt
[1.818s] -- Installing: /home/st/edu25/edu25_athome/happy_ws/install/service_msgs/local/lib/python3.10/dist-packages/service_msgs-0.0.0-py3.10.egg-info/PKG-INFO
[1.818s] -- Installing: /home/st/edu25/edu25_athome/happy_ws/install/service_msgs/local/lib/python3.10/dist-packages/service_msgs-0.0.0-py3.10.egg-info/dependency_links.txt
[1.819s] -- Up-to-date: /home/st/edu25/edu25_athome/happy_ws/install/service_msgs/local/lib/python3.10/dist-packages/service_msgs
[1.820s] -- Up-to-date: /home/st/edu25/edu25_athome/happy_ws/install/service_msgs/local/lib/python3.10/dist-packages/service_msgs/libservice_msgs__rosidl_generator_py.so
[1.820s] -- Up-to-date: /home/st/edu25/edu25_athome/happy_ws/install/service_msgs/local/lib/python3.10/dist-packages/service_msgs/service_msgs_s__rosidl_typesupport_fastrtps_c.cpython-310-x86_64-linux-gnu.so
[1.821s] -- Up-to-date: /home/st/edu25/edu25_athome/happy_ws/install/service_msgs/local/lib/python3.10/dist-packages/service_msgs/_service_msgs_s.ep.rosidl_typesupport_introspection_c.c
[1.821s] -- Up-to-date: /home/st/edu25/edu25_athome/happy_ws/install/service_msgs/local/lib/python3.10/dist-packages/service_msgs/srv
[1.822s] -- Up-to-date: /home/st/edu25/edu25_athome/happy_ws/install/service_msgs/local/lib/python3.10/dist-packages/service_msgs/srv/__init__.py
[1.822s] -- Up-to-date: /home/st/edu25/edu25_athome/happy_ws/install/service_msgs/local/lib/python3.10/dist-packages/service_msgs/srv/_string_command.py
[1.822s] -- Up-to-date: /home/st/edu25/edu25_athome/happy_ws/install/service_msgs/local/lib/python3.10/dist-packages/service_msgs/srv/_string_command_s.c
[1.822s] -- Up-to-date: /home/st/edu25/edu25_athome/happy_ws/install/service_msgs/local/lib/python3.10/dist-packages/service_msgs/__init__.py
[1.823s] -- Up-to-date: /home/st/edu25/edu25_athome/happy_ws/install/service_msgs/local/lib/python3.10/dist-packages/service_msgs/service_msgs_s__rosidl_typesupport_c.cpython-310-x86_64-linux-gnu.so
[1.823s] -- Up-to-date: /home/st/edu25/edu25_athome/happy_ws/install/service_msgs/local/lib/python3.10/dist-packages/service_msgs/_service_msgs_s.ep.rosidl_typesupport_c.c
[1.823s] -- Up-to-date: /home/st/edu25/edu25_athome/happy_ws/install/service_msgs/local/lib/python3.10/dist-packages/service_msgs/service_msgs_s__rosidl_typesupport_introspection_c.cpython-310-x86_64-linux-gnu.so
[1.823s] -- Up-to-date: /home/st/edu25/edu25_athome/happy_ws/install/service_msgs/local/lib/python3.10/dist-packages/service_msgs/_service_msgs_s.ep.rosidl_typesupport_fastrtps_c.c
[1.945s] Listing '/home/st/edu25/edu25_athome/happy_ws/install/service_msgs/local/lib/python3.10/dist-packages/service_msgs'...
[1.945s] Listing '/home/st/edu25/edu25_athome/happy_ws/install/service_msgs/local/lib/python3.10/dist-packages/service_msgs/srv'...
[1.960s] -- Up-to-date: /home/st/edu25/edu25_athome/happy_ws/install/service_msgs/local/lib/python3.10/dist-packages/service_msgs/service_msgs_s__rosidl_typesupport_fastrtps_c.cpython-310-x86_64-linux-gnu.so
[1.962s] -- Up-to-date: /home/st/edu25/edu25_athome/happy_ws/install/service_msgs/local/lib/python3.10/dist-packages/service_msgs/service_msgs_s__rosidl_typesupport_introspection_c.cpython-310-x86_64-linux-gnu.so
[1.966s] -- Up-to-date: /home/st/edu25/edu25_athome/happy_ws/install/service_msgs/local/lib/python3.10/dist-packages/service_msgs/service_msgs_s__rosidl_typesupport_c.cpython-310-x86_64-linux-gnu.so
[1.966s] -- Up-to-date: /home/st/edu25/edu25_athome/happy_ws/install/service_msgs/lib/libservice_msgs__rosidl_generator_py.so
[1.969s] -- Up-to-date: /home/st/edu25/edu25_athome/happy_ws/install/service_msgs/share/service_msgs/srv/StringCommand.idl
[1.969s] -- Up-to-date: /home/st/edu25/edu25_athome/happy_ws/install/service_msgs/share/service_msgs/srv/StringCommand.srv
[1.970s] -- Up-to-date: /home/st/edu25/edu25_athome/happy_ws/install/service_msgs/share/service_msgs/srv/StringCommand_Request.msg
[1.970s] -- Up-to-date: /home/st/edu25/edu25_athome/happy_ws/install/service_msgs/share/service_msgs/srv/StringCommand_Response.msg
[1.970s] -- Up-to-date: /home/st/edu25/edu25_athome/happy_ws/install/service_msgs/share/ament_index/resource_index/package_run_dependencies/service_msgs
[1.971s] -- Up-to-date: /home/st/edu25/edu25_athome/happy_ws/install/service_msgs/share/ament_index/resource_index/parent_prefix_path/service_msgs
[1.971s] -- Up-to-date: /home/st/edu25/edu25_athome/happy_ws/install/service_msgs/share/service_msgs/environment/ament_prefix_path.sh
[1.971s] -- Up-to-date: /home/st/edu25/edu25_athome/happy_ws/install/service_msgs/share/service_msgs/environment/ament_prefix_path.dsv
[1.972s] -- Up-to-date: /home/st/edu25/edu25_athome/happy_ws/install/service_msgs/share/service_msgs/environment/path.sh
[1.972s] -- Up-to-date: /home/st/edu25/edu25_athome/happy_ws/install/service_msgs/share/service_msgs/environment/path.dsv
[1.972s] -- Up-to-date: /home/st/edu25/edu25_athome/happy_ws/install/service_msgs/share/service_msgs/local_setup.bash
[1.973s] -- Up-to-date: /home/st/edu25/edu25_athome/happy_ws/install/service_msgs/share/service_msgs/local_setup.sh
[1.973s] -- Up-to-date: /home/st/edu25/edu25_athome/happy_ws/install/service_msgs/share/service_msgs/local_setup.zsh
[1.973s] -- Up-to-date: /home/st/edu25/edu25_athome/happy_ws/install/service_msgs/share/service_msgs/local_setup.dsv
[1.973s] -- Installing: /home/st/edu25/edu25_athome/happy_ws/install/service_msgs/share/service_msgs/package.dsv
[1.973s] -- Up-to-date: /home/st/edu25/edu25_athome/happy_ws/install/service_msgs/share/ament_index/resource_index/packages/service_msgs
[1.974s] -- Up-to-date: /home/st/edu25/edu25_athome/happy_ws/install/service_msgs/share/service_msgs/cmake/export_service_msgs__rosidl_generator_cExport.cmake
[1.975s] -- Up-to-date: /home/st/edu25/edu25_athome/happy_ws/install/service_msgs/share/service_msgs/cmake/export_service_msgs__rosidl_generator_cExport-noconfig.cmake
[1.975s] -- Up-to-date: /home/st/edu25/edu25_athome/happy_ws/install/service_msgs/share/service_msgs/cmake/export_service_msgs__rosidl_typesupport_fastrtps_cExport.cmake
[1.976s] -- Up-to-date: /home/st/edu25/edu25_athome/happy_ws/install/service_msgs/share/service_msgs/cmake/export_service_msgs__rosidl_typesupport_fastrtps_cExport-noconfig.cmake
[1.976s] -- Up-to-date: /home/st/edu25/edu25_athome/happy_ws/install/service_msgs/share/service_msgs/cmake/service_msgs__rosidl_typesupport_introspection_cExport.cmake
[1.977s] -- Up-to-date: /home/st/edu25/edu25_athome/happy_ws/install/service_msgs/share/service_msgs/cmake/service_msgs__rosidl_typesupport_introspection_cExport-noconfig.cmake
[1.978s] -- Up-to-date: /home/st/edu25/edu25_athome/happy_ws/install/service_msgs/share/service_msgs/cmake/service_msgs__rosidl_typesupport_cExport.cmake
[1.978s] -- Up-to-date: /home/st/edu25/edu25_athome/happy_ws/install/service_msgs/share/service_msgs/cmake/service_msgs__rosidl_typesupport_cExport-noconfig.cmake
[1.978s] -- Up-to-date: /home/st/edu25/edu25_athome/happy_ws/install/service_msgs/share/service_msgs/cmake/export_service_msgs__rosidl_generator_cppExport.cmake
[1.978s] -- Up-to-date: /home/st/edu25/edu25_athome/happy_ws/install/service_msgs/share/service_msgs/cmake/export_service_msgs__rosidl_typesupport_fastrtps_cppExport.cmake
[1.979s] -- Up-to-date: /home/st/edu25/edu25_athome/happy_ws/install/service_msgs/share/service_msgs/cmake/export_service_msgs__rosidl_typesupport_fastrtps_cppExport-noconfig.cmake
[1.979s] -- Up-to-date: /home/st/edu25/edu25_athome/happy_ws/install/service_msgs/share/service_msgs/cmake/service_msgs__rosidl_typesupport_introspection_cppExport.cmake
[1.979s] -- Up-to-date: /home/st/edu25/edu25_athome/happy_ws/install/service_msgs/share/service_msgs/cmake/service_msgs__rosidl_typesupport_introspection_cppExport-noconfig.cmake
[1.980s] -- Up-to-date: /home/st/edu25/edu25_athome/happy_ws/install/service_msgs/share/service_msgs/cmake/service_msgs__rosidl_typesupport_cppExport.cmake
[1.980s] -- Up-to-date: /home/st/edu25/edu25_athome/happy_ws/install/service_msgs/share/service_msgs/cmake/service_msgs__rosidl_typesupport_cppExport-noconfig.cmake
[1.980s] -- Up-to-date: /home/st/edu25/edu25_athome/happy_ws/install/service_msgs/share/service_msgs/cmake/export_service_msgs__rosidl_generator_pyExport.cmake
[1.980s] -- Up-to-date: /home/st/edu25/edu25_athome/happy_ws/install/service_msgs/share/service_msgs/cmake/export_service_msgs__rosidl_generator_pyExport-noconfig.cmake
[1.981s] -- Up-to-date: /home/st/edu25/edu25_athome/happy_ws/install/service_msgs/share/service_msgs/cmake/rosidl_cmake-extras.cmake
[1.981s] -- Up-to-date: /home/st/edu25/edu25_athome/happy_ws/install/service_msgs/share/service_msgs/cmake/ament_cmake_export_include_directories-extras.cmake
[1.981s] -- Up-to-date: /home/st/edu25/edu25_athome/happy_ws/install/service_msgs/share/service_msgs/cmake/ament_cmake_export_libraries-extras.cmake
[1.981s] -- Up-to-date: /home/st/edu25/edu25_athome/happy_ws/install/service_msgs/share/service_msgs/cmake/ament_cmake_export_targets-extras.cmake
[1.982s] -- Up-to-date: /home/st/edu25/edu25_athome/happy_ws/install/service_msgs/share/service_msgs/cmake/rosidl_cmake_export_typesupport_targets-extras.cmake
[1.982s] -- Up-to-date: /home/st/edu25/edu25_athome/happy_ws/install/service_msgs/share/service_msgs/cmake/ament_cmake_export_dependencies-extras.cmake
[1.982s] -- Up-to-date: /home/st/edu25/edu25_athome/happy_ws/install/service_msgs/share/service_msgs/cmake/rosidl_cmake_export_typesupport_libraries-extras.cmake
[1.982s] -- Up-to-date: /home/st/edu25/edu25_athome/happy_ws/install/service_msgs/share/service_msgs/cmake/service_msgsConfig.cmake
[1.983s] -- Up-to-date: /home/st/edu25/edu25_athome/happy_ws/install/service_msgs/share/service_msgs/cmake/service_msgsConfig-version.cmake
[1.983s] -- Up-to-date: /home/st/edu25/edu25_athome/happy_ws/install/service_msgs/share/service_msgs/package.xml
[1.987s] Invoked command in '/home/st/edu25/edu25_athome/happy_ws/build/service_msgs' returned '0': CMAKE_PREFIX_PATH=${CMAKE_PREFIX_PATH}:/home/st/edu25/edu25_athome/happy_ws/install/service:/home/st/edu25/edu25_athome/happy_ws/install/my_happy:/opt/ros/humble /usr/bin/cmake --install /home/st/edu25/edu25_athome/happy_ws/build/service_msgs
