[0.055s] Invoking command in '/home/st/edu25/edu25_athome/happy_ws/build/service_msgs': CMAKE_PREFIX_PATH=/opt/ros/humble /usr/bin/cmake /home/st/edu25/edu25_athome/happy_ws/src/service_msgs -DCMAKE_INSTALL_PREFIX=/home/st/edu25/edu25_athome/happy_ws/install/service_msgs
[0.107s] -- Found ament_cmake: 1.3.12 (/opt/ros/humble/share/ament_cmake/cmake)
[0.566s] -- Found rosidl_default_generators: 1.2.0 (/opt/ros/humble/share/rosidl_default_generators/cmake)
[0.588s] -- Using all available rosidl_typesupport_c: rosidl_typesupport_fastrtps_c;rosidl_typesupport_introspection_c
[0.619s] -- Found rosidl_adapter: 3.1.7 (/opt/ros/humble/share/rosidl_adapter/cmake)
[0.848s] -- Using all available rosidl_typesupport_cpp: rosidl_typesupport_fastrtps_cpp;rosidl_typesupport_introspection_cpp
[1.845s] -- Found ament_cmake_ros: 0.10.0 (/opt/ros/humble/share/ament_cmake_ros/cmake)
[2.527s] -- Using all available rosidl_typesupport_c: rosidl_typesupport_fastrtps_c;rosidl_typesupport_introspection_c
[3.276s] -- Using all available rosidl_typesupport_cpp: rosidl_typesupport_fastrtps_cpp;rosidl_typesupport_introspection_cpp
[3.340s] -- Found PythonInterp: /usr/bin/python3 (found suitable version "3.10.12", minimum required is "3.6") 
[3.349s] -- Found python_cmake_module: 0.10.0 (/opt/ros/humble/share/python_cmake_module/cmake)
[3.423s] -- Found PythonLibs: /usr/lib/x86_64-linux-gnu/libpython3.10.so (found suitable version "3.10.12", minimum required is "3.5") 
[3.423s] -- Using PYTHON_EXECUTABLE: /usr/bin/python3
[3.424s] -- Using PYTHON_INCLUDE_DIRS: /usr/include/python3.10
[3.424s] -- Using PYTHON_LIBRARIES: /usr/lib/x86_64-linux-gnu/libpython3.10.so
[3.481s] -- Found PythonExtra: .so  
[3.582s] -- Found ament_lint_auto: 0.12.14 (/opt/ros/humble/share/ament_lint_auto/cmake)
[3.729s] -- Added test 'lint_cmake' to check CMake code style
[3.736s] -- Added test 'xmllint' to check XML markup files
[3.747s] -- Configuring done
[3.829s] -- Generating done
[3.856s] -- Build files have been written to: /home/st/edu25/edu25_athome/happy_ws/build/service_msgs
[3.866s] Invoked command in '/home/st/edu25/edu25_athome/happy_ws/build/service_msgs' returned '0': CMAKE_PREFIX_PATH=/opt/ros/humble /usr/bin/cmake /home/st/edu25/edu25_athome/happy_ws/src/service_msgs -DCMAKE_INSTALL_PREFIX=/home/st/edu25/edu25_athome/happy_ws/install/service_msgs
[3.872s] Invoking command in '/home/st/edu25/edu25_athome/happy_ws/build/service_msgs': CMAKE_PREFIX_PATH=/opt/ros/humble /usr/bin/cmake --build /home/st/edu25/edu25_athome/happy_ws/build/service_msgs -- -j2 -l2
[4.043s] [  3%] [34m[1mGenerating C code for ROS interfaces[0m
[4.088s] [  6%] [34m[1mGenerating C++ code for ROS interfaces[0m
[5.027s] [  6%] Built target service_msgs__cpp
[5.100s] [  9%] [32mBuilding C object CMakeFiles/service_msgs__rosidl_generator_c.dir/rosidl_generator_c/service_msgs/srv/detail/string_command__functions.c.o[0m
[5.141s] [  9%] Built target ament_cmake_python_copy_service_msgs
[5.198s] [ 12%] [34m[1mGenerating C++ type support for eProsima Fast-RTPS[0m
[5.572s] [ 16%] [32m[1mLinking C shared library libservice_msgs__rosidl_generator_c.so[0m
[5.743s] [ 16%] Built target service_msgs__rosidl_generator_c
[5.789s] [ 19%] [34m[1mGenerating C++ introspection for ROS interfaces[0m
[6.089s] [ 22%] [32mBuilding CXX object CMakeFiles/service_msgs__rosidl_typesupport_fastrtps_cpp.dir/rosidl_typesupport_fastrtps_cpp/service_msgs/srv/detail/dds_fastrtps/string_command__type_support.cpp.o[0m
[6.651s] [ 25%] [32mBuilding CXX object CMakeFiles/service_msgs__rosidl_typesupport_introspection_cpp.dir/rosidl_typesupport_introspection_cpp/service_msgs/srv/detail/string_command__type_support.cpp.o[0m
[8.671s] [ 29%] [32m[1mLinking CXX shared library libservice_msgs__rosidl_typesupport_fastrtps_cpp.so[0m
[8.956s] [ 29%] Built target service_msgs__rosidl_typesupport_fastrtps_cpp
[9.003s] [ 32%] [34m[1mGenerating C++ type support dispatch for ROS interfaces[0m
[9.049s] [ 35%] [32m[1mLinking CXX shared library libservice_msgs__rosidl_typesupport_introspection_cpp.so[0m
[9.298s] [ 35%] Built target service_msgs__rosidl_typesupport_introspection_cpp
[9.345s] [ 38%] [34m[1mGenerating C type support for eProsima Fast-RTPS[0m
[9.727s] [ 41%] [32mBuilding CXX object CMakeFiles/service_msgs__rosidl_typesupport_cpp.dir/rosidl_typesupport_cpp/service_msgs/srv/string_command__type_support.cpp.o[0m
[10.216s] [ 45%] [32mBuilding CXX object CMakeFiles/service_msgs__rosidl_typesupport_fastrtps_c.dir/rosidl_typesupport_fastrtps_c/service_msgs/srv/detail/string_command__type_support_c.cpp.o[0m
[10.702s] [ 48%] [32m[1mLinking CXX shared library libservice_msgs__rosidl_typesupport_cpp.so[0m
[10.898s] [ 48%] Built target service_msgs__rosidl_typesupport_cpp
[10.945s] [ 51%] [34m[1mGenerating C introspection for ROS interfaces[0m
[11.506s] [ 54%] [32m[1mLinking CXX shared library libservice_msgs__rosidl_typesupport_fastrtps_c.so[0m
[11.791s] [ 54%] Built target service_msgs__rosidl_typesupport_fastrtps_c
[11.834s] [ 58%] [34m[1mGenerating C type support dispatch for ROS interfaces[0m
[11.836s] [ 61%] [32mBuilding C object CMakeFiles/service_msgs__rosidl_typesupport_introspection_c.dir/rosidl_typesupport_introspection_c/service_msgs/srv/detail/string_command__type_support.c.o[0m
[12.003s] [ 64%] [32m[1mLinking C shared library libservice_msgs__rosidl_typesupport_introspection_c.so[0m
[12.139s] [ 64%] Built target service_msgs__rosidl_typesupport_introspection_c
[12.594s] [ 67%] [32mBuilding CXX object CMakeFiles/service_msgs__rosidl_typesupport_c.dir/rosidl_typesupport_c/service_msgs/srv/string_command__type_support.cpp.o[0m
[12.754s] [ 70%] [32m[1mLinking CXX shared library libservice_msgs__rosidl_typesupport_c.so[0m
[12.932s] [ 70%] Built target service_msgs__rosidl_typesupport_c
[13.007s] running egg_info
[13.008s] creating service_msgs.egg-info
[13.008s] writing service_msgs.egg-info/PKG-INFO
[13.009s] writing dependency_links to service_msgs.egg-info/dependency_links.txt
[13.010s] writing top-level names to service_msgs.egg-info/top_level.txt
[13.011s] writing manifest file 'service_msgs.egg-info/SOURCES.txt'
[13.018s] reading manifest file 'service_msgs.egg-info/SOURCES.txt'
[13.019s] writing manifest file 'service_msgs.egg-info/SOURCES.txt'
[13.037s] [ 70%] Built target service_msgs
[13.105s] [ 70%] Built target ament_cmake_python_build_service_msgs_egg
[13.135s] [ 74%] [34m[1mGenerating Python code for ROS interfaces[0m
[14.255s] [ 74%] Built target service_msgs__py
[14.346s] [ 77%] [32mBuilding C object CMakeFiles/service_msgs__rosidl_generator_py.dir/rosidl_generator_py/service_msgs/srv/_string_command_s.c.o[0m
[14.948s] [ 80%] [32m[1mLinking C shared library rosidl_generator_py/service_msgs/libservice_msgs__rosidl_generator_py.so[0m
[15.120s] [ 80%] Built target service_msgs__rosidl_generator_py
[15.222s] [ 83%] [32mBuilding C object CMakeFiles/service_msgs__rosidl_typesupport_fastrtps_c__pyext.dir/rosidl_generator_py/service_msgs/_service_msgs_s.ep.rosidl_typesupport_fastrtps_c.c.o[0m
[15.223s] [ 87%] [32mBuilding C object CMakeFiles/service_msgs__rosidl_typesupport_introspection_c__pyext.dir/rosidl_generator_py/service_msgs/_service_msgs_s.ep.rosidl_typesupport_introspection_c.c.o[0m
[15.595s] [ 90%] [32m[1mLinking C shared library rosidl_generator_py/service_msgs/service_msgs_s__rosidl_typesupport_fastrtps_c.cpython-310-x86_64-linux-gnu.so[0m
[15.596s] [ 93%] [32m[1mLinking C shared library rosidl_generator_py/service_msgs/service_msgs_s__rosidl_typesupport_introspection_c.cpython-310-x86_64-linux-gnu.so[0m
[15.744s] [ 93%] Built target service_msgs__rosidl_typesupport_introspection_c__pyext
[15.758s] [ 93%] Built target service_msgs__rosidl_typesupport_fastrtps_c__pyext
[15.833s] [ 96%] [32mBuilding C object CMakeFiles/service_msgs__rosidl_typesupport_c__pyext.dir/rosidl_generator_py/service_msgs/_service_msgs_s.ep.rosidl_typesupport_c.c.o[0m
[16.230s] [100%] [32m[1mLinking C shared library rosidl_generator_py/service_msgs/service_msgs_s__rosidl_typesupport_c.cpython-310-x86_64-linux-gnu.so[0m
[16.399s] [100%] Built target service_msgs__rosidl_typesupport_c__pyext
[16.452s] Invoked command in '/home/st/edu25/edu25_athome/happy_ws/build/service_msgs' returned '0': CMAKE_PREFIX_PATH=/opt/ros/humble /usr/bin/cmake --build /home/st/edu25/edu25_athome/happy_ws/build/service_msgs -- -j2 -l2
[16.490s] Invoking command in '/home/st/edu25/edu25_athome/happy_ws/build/service_msgs': CMAKE_PREFIX_PATH=/opt/ros/humble /usr/bin/cmake --install /home/st/edu25/edu25_athome/happy_ws/build/service_msgs
[16.525s] -- Install configuration: ""
[16.525s] -- Installing: /home/st/edu25/edu25_athome/happy_ws/install/service_msgs/share/ament_index/resource_index/rosidl_interfaces/service_msgs
[16.526s] -- Installing: /home/st/edu25/edu25_athome/happy_ws/install/service_msgs/include/service_msgs/service_msgs
[16.526s] -- Installing: /home/st/edu25/edu25_athome/happy_ws/install/service_msgs/include/service_msgs/service_msgs/srv
[16.526s] -- Installing: /home/st/edu25/edu25_athome/happy_ws/install/service_msgs/include/service_msgs/service_msgs/srv/detail
[16.526s] -- Installing: /home/st/edu25/edu25_athome/happy_ws/install/service_msgs/include/service_msgs/service_msgs/srv/detail/string_command__functions.c
[16.527s] -- Installing: /home/st/edu25/edu25_athome/happy_ws/install/service_msgs/include/service_msgs/service_msgs/srv/detail/string_command__type_support.h
[16.532s] -- Installing: /home/st/edu25/edu25_athome/happy_ws/install/service_msgs/include/service_msgs/service_msgs/srv/detail/string_command__struct.h
[16.532s] -- Installing: /home/st/edu25/edu25_athome/happy_ws/install/service_msgs/include/service_msgs/service_msgs/srv/detail/string_command__functions.h
[16.533s] -- Installing: /home/st/edu25/edu25_athome/happy_ws/install/service_msgs/include/service_msgs/service_msgs/srv/string_command.h
[16.533s] -- Installing: /home/st/edu25/edu25_athome/happy_ws/install/service_msgs/include/service_msgs/service_msgs/msg
[16.533s] -- Installing: /home/st/edu25/edu25_athome/happy_ws/install/service_msgs/include/service_msgs/service_msgs/msg/rosidl_generator_c__visibility_control.h
[16.534s] -- Installing: /home/st/edu25/edu25_athome/happy_ws/install/service_msgs/share/service_msgs/environment/library_path.sh
[16.534s] -- Installing: /home/st/edu25/edu25_athome/happy_ws/install/service_msgs/share/service_msgs/environment/library_path.dsv
[16.536s] -- Installing: /home/st/edu25/edu25_athome/happy_ws/install/service_msgs/lib/libservice_msgs__rosidl_generator_c.so
[16.536s] -- Set runtime path of "/home/st/edu25/edu25_athome/happy_ws/install/service_msgs/lib/libservice_msgs__rosidl_generator_c.so" to ""
[16.537s] -- Up-to-date: /home/st/edu25/edu25_athome/happy_ws/install/service_msgs/include/service_msgs/service_msgs
[16.537s] -- Up-to-date: /home/st/edu25/edu25_athome/happy_ws/install/service_msgs/include/service_msgs/service_msgs/srv
[16.537s] -- Up-to-date: /home/st/edu25/edu25_athome/happy_ws/install/service_msgs/include/service_msgs/service_msgs/srv/detail
[16.537s] -- Installing: /home/st/edu25/edu25_athome/happy_ws/install/service_msgs/include/service_msgs/service_msgs/srv/detail/string_command__rosidl_typesupport_fastrtps_c.h
[16.537s] -- Up-to-date: /home/st/edu25/edu25_athome/happy_ws/install/service_msgs/include/service_msgs/service_msgs/msg
[16.538s] -- Installing: /home/st/edu25/edu25_athome/happy_ws/install/service_msgs/include/service_msgs/service_msgs/msg/rosidl_typesupport_fastrtps_c__visibility_control.h
[16.538s] -- Installing: /home/st/edu25/edu25_athome/happy_ws/install/service_msgs/lib/libservice_msgs__rosidl_typesupport_fastrtps_c.so
[16.540s] -- Set runtime path of "/home/st/edu25/edu25_athome/happy_ws/install/service_msgs/lib/libservice_msgs__rosidl_typesupport_fastrtps_c.so" to ""
[16.540s] -- Up-to-date: /home/st/edu25/edu25_athome/happy_ws/install/service_msgs/include/service_msgs/service_msgs
[16.540s] -- Up-to-date: /home/st/edu25/edu25_athome/happy_ws/install/service_msgs/include/service_msgs/service_msgs/srv
[16.541s] -- Up-to-date: /home/st/edu25/edu25_athome/happy_ws/install/service_msgs/include/service_msgs/service_msgs/srv/detail
[16.542s] -- Installing: /home/st/edu25/edu25_athome/happy_ws/install/service_msgs/include/service_msgs/service_msgs/srv/detail/string_command__type_support.c
[16.543s] -- Installing: /home/st/edu25/edu25_athome/happy_ws/install/service_msgs/include/service_msgs/service_msgs/srv/detail/string_command__rosidl_typesupport_introspection_c.h
[16.543s] -- Up-to-date: /home/st/edu25/edu25_athome/happy_ws/install/service_msgs/include/service_msgs/service_msgs/msg
[16.543s] -- Installing: /home/st/edu25/edu25_athome/happy_ws/install/service_msgs/include/service_msgs/service_msgs/msg/rosidl_typesupport_introspection_c__visibility_control.h
[16.544s] -- Installing: /home/st/edu25/edu25_athome/happy_ws/install/service_msgs/lib/libservice_msgs__rosidl_typesupport_introspection_c.so
[16.547s] -- Set runtime path of "/home/st/edu25/edu25_athome/happy_ws/install/service_msgs/lib/libservice_msgs__rosidl_typesupport_introspection_c.so" to ""
[16.547s] -- Installing: /home/st/edu25/edu25_athome/happy_ws/install/service_msgs/lib/libservice_msgs__rosidl_typesupport_c.so
[16.548s] -- Set runtime path of "/home/st/edu25/edu25_athome/happy_ws/install/service_msgs/lib/libservice_msgs__rosidl_typesupport_c.so" to ""
[16.548s] -- Up-to-date: /home/st/edu25/edu25_athome/happy_ws/install/service_msgs/include/service_msgs/service_msgs
[16.549s] -- Up-to-date: /home/st/edu25/edu25_athome/happy_ws/install/service_msgs/include/service_msgs/service_msgs/srv
[16.549s] -- Installing: /home/st/edu25/edu25_athome/happy_ws/install/service_msgs/include/service_msgs/service_msgs/srv/string_command.hpp
[16.549s] -- Up-to-date: /home/st/edu25/edu25_athome/happy_ws/install/service_msgs/include/service_msgs/service_msgs/srv/detail
[16.549s] -- Installing: /home/st/edu25/edu25_athome/happy_ws/install/service_msgs/include/service_msgs/service_msgs/srv/detail/string_command__struct.hpp
[16.550s] -- Installing: /home/st/edu25/edu25_athome/happy_ws/install/service_msgs/include/service_msgs/service_msgs/srv/detail/string_command__traits.hpp
[16.552s] -- Installing: /home/st/edu25/edu25_athome/happy_ws/install/service_msgs/include/service_msgs/service_msgs/srv/detail/string_command__type_support.hpp
[16.552s] -- Installing: /home/st/edu25/edu25_athome/happy_ws/install/service_msgs/include/service_msgs/service_msgs/srv/detail/string_command__builder.hpp
[16.553s] -- Up-to-date: /home/st/edu25/edu25_athome/happy_ws/install/service_msgs/include/service_msgs/service_msgs/msg
[16.553s] -- Installing: /home/st/edu25/edu25_athome/happy_ws/install/service_msgs/include/service_msgs/service_msgs/msg/rosidl_generator_cpp__visibility_control.hpp
[16.553s] -- Up-to-date: /home/st/edu25/edu25_athome/happy_ws/install/service_msgs/include/service_msgs/service_msgs
[16.554s] -- Up-to-date: /home/st/edu25/edu25_athome/happy_ws/install/service_msgs/include/service_msgs/service_msgs/srv
[16.554s] -- Up-to-date: /home/st/edu25/edu25_athome/happy_ws/install/service_msgs/include/service_msgs/service_msgs/srv/detail
[16.555s] -- Installing: /home/st/edu25/edu25_athome/happy_ws/install/service_msgs/include/service_msgs/service_msgs/srv/detail/string_command__rosidl_typesupport_fastrtps_cpp.hpp
[16.555s] -- Installing: /home/st/edu25/edu25_athome/happy_ws/install/service_msgs/include/service_msgs/service_msgs/srv/detail/dds_fastrtps
[16.555s] -- Up-to-date: /home/st/edu25/edu25_athome/happy_ws/install/service_msgs/include/service_msgs/service_msgs/msg
[16.555s] -- Installing: /home/st/edu25/edu25_athome/happy_ws/install/service_msgs/include/service_msgs/service_msgs/msg/rosidl_typesupport_fastrtps_cpp__visibility_control.h
[16.556s] -- Installing: /home/st/edu25/edu25_athome/happy_ws/install/service_msgs/lib/libservice_msgs__rosidl_typesupport_fastrtps_cpp.so
[16.557s] -- Set runtime path of "/home/st/edu25/edu25_athome/happy_ws/install/service_msgs/lib/libservice_msgs__rosidl_typesupport_fastrtps_cpp.so" to ""
[16.558s] -- Up-to-date: /home/st/edu25/edu25_athome/happy_ws/install/service_msgs/include/service_msgs/service_msgs
[16.558s] -- Up-to-date: /home/st/edu25/edu25_athome/happy_ws/install/service_msgs/include/service_msgs/service_msgs/srv
[16.558s] -- Up-to-date: /home/st/edu25/edu25_athome/happy_ws/install/service_msgs/include/service_msgs/service_msgs/srv/detail
[16.559s] -- Installing: /home/st/edu25/edu25_athome/happy_ws/install/service_msgs/include/service_msgs/service_msgs/srv/detail/string_command__type_support.cpp
[16.559s] -- Installing: /home/st/edu25/edu25_athome/happy_ws/install/service_msgs/include/service_msgs/service_msgs/srv/detail/string_command__rosidl_typesupport_introspection_cpp.hpp
[16.560s] -- Installing: /home/st/edu25/edu25_athome/happy_ws/install/service_msgs/lib/libservice_msgs__rosidl_typesupport_introspection_cpp.so
[16.562s] -- Set runtime path of "/home/st/edu25/edu25_athome/happy_ws/install/service_msgs/lib/libservice_msgs__rosidl_typesupport_introspection_cpp.so" to ""
[16.563s] -- Installing: /home/st/edu25/edu25_athome/happy_ws/install/service_msgs/lib/libservice_msgs__rosidl_typesupport_cpp.so
[16.564s] -- Set runtime path of "/home/st/edu25/edu25_athome/happy_ws/install/service_msgs/lib/libservice_msgs__rosidl_typesupport_cpp.so" to ""
[16.564s] -- Installing: /home/st/edu25/edu25_athome/happy_ws/install/service_msgs/share/service_msgs/environment/pythonpath.sh
[16.565s] -- Installing: /home/st/edu25/edu25_athome/happy_ws/install/service_msgs/share/service_msgs/environment/pythonpath.dsv
[16.565s] -- Installing: /home/st/edu25/edu25_athome/happy_ws/install/service_msgs/local/lib/python3.10/dist-packages/service_msgs-0.0.0-py3.10.egg-info
[16.566s] -- Installing: /home/st/edu25/edu25_athome/happy_ws/install/service_msgs/local/lib/python3.10/dist-packages/service_msgs-0.0.0-py3.10.egg-info/SOURCES.txt
[16.567s] -- Installing: /home/st/edu25/edu25_athome/happy_ws/install/service_msgs/local/lib/python3.10/dist-packages/service_msgs-0.0.0-py3.10.egg-info/top_level.txt
[16.568s] -- Installing: /home/st/edu25/edu25_athome/happy_ws/install/service_msgs/local/lib/python3.10/dist-packages/service_msgs-0.0.0-py3.10.egg-info/PKG-INFO
[16.568s] -- Installing: /home/st/edu25/edu25_athome/happy_ws/install/service_msgs/local/lib/python3.10/dist-packages/service_msgs-0.0.0-py3.10.egg-info/dependency_links.txt
[16.569s] -- Installing: /home/st/edu25/edu25_athome/happy_ws/install/service_msgs/local/lib/python3.10/dist-packages/service_msgs
[16.569s] -- Installing: /home/st/edu25/edu25_athome/happy_ws/install/service_msgs/local/lib/python3.10/dist-packages/service_msgs/libservice_msgs__rosidl_generator_py.so
[16.570s] -- Installing: /home/st/edu25/edu25_athome/happy_ws/install/service_msgs/local/lib/python3.10/dist-packages/service_msgs/service_msgs_s__rosidl_typesupport_fastrtps_c.cpython-310-x86_64-linux-gnu.so
[16.570s] -- Installing: /home/st/edu25/edu25_athome/happy_ws/install/service_msgs/local/lib/python3.10/dist-packages/service_msgs/_service_msgs_s.ep.rosidl_typesupport_introspection_c.c
[16.570s] -- Installing: /home/st/edu25/edu25_athome/happy_ws/install/service_msgs/local/lib/python3.10/dist-packages/service_msgs/srv
[16.571s] -- Installing: /home/st/edu25/edu25_athome/happy_ws/install/service_msgs/local/lib/python3.10/dist-packages/service_msgs/srv/__init__.py
[16.571s] -- Installing: /home/st/edu25/edu25_athome/happy_ws/install/service_msgs/local/lib/python3.10/dist-packages/service_msgs/srv/_string_command.py
[16.571s] -- Installing: /home/st/edu25/edu25_athome/happy_ws/install/service_msgs/local/lib/python3.10/dist-packages/service_msgs/srv/_string_command_s.c
[16.572s] -- Installing: /home/st/edu25/edu25_athome/happy_ws/install/service_msgs/local/lib/python3.10/dist-packages/service_msgs/__init__.py
[16.572s] -- Installing: /home/st/edu25/edu25_athome/happy_ws/install/service_msgs/local/lib/python3.10/dist-packages/service_msgs/service_msgs_s__rosidl_typesupport_c.cpython-310-x86_64-linux-gnu.so
[16.573s] -- Installing: /home/st/edu25/edu25_athome/happy_ws/install/service_msgs/local/lib/python3.10/dist-packages/service_msgs/_service_msgs_s.ep.rosidl_typesupport_c.c
[16.573s] -- Installing: /home/st/edu25/edu25_athome/happy_ws/install/service_msgs/local/lib/python3.10/dist-packages/service_msgs/service_msgs_s__rosidl_typesupport_introspection_c.cpython-310-x86_64-linux-gnu.so
[16.574s] -- Installing: /home/st/edu25/edu25_athome/happy_ws/install/service_msgs/local/lib/python3.10/dist-packages/service_msgs/_service_msgs_s.ep.rosidl_typesupport_fastrtps_c.c
[16.706s] Listing '/home/st/edu25/edu25_athome/happy_ws/install/service_msgs/local/lib/python3.10/dist-packages/service_msgs'...
[16.706s] Compiling '/home/st/edu25/edu25_athome/happy_ws/install/service_msgs/local/lib/python3.10/dist-packages/service_msgs/__init__.py'...
[16.706s] Listing '/home/st/edu25/edu25_athome/happy_ws/install/service_msgs/local/lib/python3.10/dist-packages/service_msgs/srv'...
[16.706s] Compiling '/home/st/edu25/edu25_athome/happy_ws/install/service_msgs/local/lib/python3.10/dist-packages/service_msgs/srv/__init__.py'...
[16.707s] Compiling '/home/st/edu25/edu25_athome/happy_ws/install/service_msgs/local/lib/python3.10/dist-packages/service_msgs/srv/_string_command.py'...
[16.725s] -- Installing: /home/st/edu25/edu25_athome/happy_ws/install/service_msgs/local/lib/python3.10/dist-packages/service_msgs/service_msgs_s__rosidl_typesupport_fastrtps_c.cpython-310-x86_64-linux-gnu.so
[16.725s] -- Set runtime path of "/home/st/edu25/edu25_athome/happy_ws/install/service_msgs/local/lib/python3.10/dist-packages/service_msgs/service_msgs_s__rosidl_typesupport_fastrtps_c.cpython-310-x86_64-linux-gnu.so" to ""
[16.725s] -- Installing: /home/st/edu25/edu25_athome/happy_ws/install/service_msgs/local/lib/python3.10/dist-packages/service_msgs/service_msgs_s__rosidl_typesupport_introspection_c.cpython-310-x86_64-linux-gnu.so
[16.728s] -- Set runtime path of "/home/st/edu25/edu25_athome/happy_ws/install/service_msgs/local/lib/python3.10/dist-packages/service_msgs/service_msgs_s__rosidl_typesupport_introspection_c.cpython-310-x86_64-linux-gnu.so" to ""
[16.728s] -- Installing: /home/st/edu25/edu25_athome/happy_ws/install/service_msgs/local/lib/python3.10/dist-packages/service_msgs/service_msgs_s__rosidl_typesupport_c.cpython-310-x86_64-linux-gnu.so
[16.730s] -- Set runtime path of "/home/st/edu25/edu25_athome/happy_ws/install/service_msgs/local/lib/python3.10/dist-packages/service_msgs/service_msgs_s__rosidl_typesupport_c.cpython-310-x86_64-linux-gnu.so" to ""
[16.732s] -- Installing: /home/st/edu25/edu25_athome/happy_ws/install/service_msgs/lib/libservice_msgs__rosidl_generator_py.so
[16.734s] -- Set runtime path of "/home/st/edu25/edu25_athome/happy_ws/install/service_msgs/lib/libservice_msgs__rosidl_generator_py.so" to ""
[16.737s] -- Installing: /home/st/edu25/edu25_athome/happy_ws/install/service_msgs/share/service_msgs/srv/StringCommand.idl
[16.737s] -- Installing: /home/st/edu25/edu25_athome/happy_ws/install/service_msgs/share/service_msgs/srv/StringCommand.srv
[16.739s] -- Installing: /home/st/edu25/edu25_athome/happy_ws/install/service_msgs/share/service_msgs/srv/StringCommand_Request.msg
[16.742s] -- Installing: /home/st/edu25/edu25_athome/happy_ws/install/service_msgs/share/service_msgs/srv/StringCommand_Response.msg
[16.742s] -- Installing: /home/st/edu25/edu25_athome/happy_ws/install/service_msgs/share/ament_index/resource_index/package_run_dependencies/service_msgs
[16.742s] -- Installing: /home/st/edu25/edu25_athome/happy_ws/install/service_msgs/share/ament_index/resource_index/parent_prefix_path/service_msgs
[16.746s] -- Installing: /home/st/edu25/edu25_athome/happy_ws/install/service_msgs/share/service_msgs/environment/ament_prefix_path.sh
[16.747s] -- Installing: /home/st/edu25/edu25_athome/happy_ws/install/service_msgs/share/service_msgs/environment/ament_prefix_path.dsv
[16.747s] -- Installing: /home/st/edu25/edu25_athome/happy_ws/install/service_msgs/share/service_msgs/environment/path.sh
[16.750s] -- Installing: /home/st/edu25/edu25_athome/happy_ws/install/service_msgs/share/service_msgs/environment/path.dsv
[16.751s] -- Installing: /home/st/edu25/edu25_athome/happy_ws/install/service_msgs/share/service_msgs/local_setup.bash
[16.751s] -- Installing: /home/st/edu25/edu25_athome/happy_ws/install/service_msgs/share/service_msgs/local_setup.sh
[16.751s] -- Installing: /home/st/edu25/edu25_athome/happy_ws/install/service_msgs/share/service_msgs/local_setup.zsh
[16.753s] -- Installing: /home/st/edu25/edu25_athome/happy_ws/install/service_msgs/share/service_msgs/local_setup.dsv
[16.754s] -- Installing: /home/st/edu25/edu25_athome/happy_ws/install/service_msgs/share/service_msgs/package.dsv
[16.755s] -- Installing: /home/st/edu25/edu25_athome/happy_ws/install/service_msgs/share/ament_index/resource_index/packages/service_msgs
[16.760s] -- Installing: /home/st/edu25/edu25_athome/happy_ws/install/service_msgs/share/service_msgs/cmake/export_service_msgs__rosidl_generator_cExport.cmake
[16.760s] -- Installing: /home/st/edu25/edu25_athome/happy_ws/install/service_msgs/share/service_msgs/cmake/export_service_msgs__rosidl_generator_cExport-noconfig.cmake
[16.761s] -- Installing: /home/st/edu25/edu25_athome/happy_ws/install/service_msgs/share/service_msgs/cmake/export_service_msgs__rosidl_typesupport_fastrtps_cExport.cmake
[16.761s] -- Installing: /home/st/edu25/edu25_athome/happy_ws/install/service_msgs/share/service_msgs/cmake/export_service_msgs__rosidl_typesupport_fastrtps_cExport-noconfig.cmake
[16.763s] -- Installing: /home/st/edu25/edu25_athome/happy_ws/install/service_msgs/share/service_msgs/cmake/service_msgs__rosidl_typesupport_introspection_cExport.cmake
[16.764s] -- Installing: /home/st/edu25/edu25_athome/happy_ws/install/service_msgs/share/service_msgs/cmake/service_msgs__rosidl_typesupport_introspection_cExport-noconfig.cmake
[16.764s] -- Installing: /home/st/edu25/edu25_athome/happy_ws/install/service_msgs/share/service_msgs/cmake/service_msgs__rosidl_typesupport_cExport.cmake
[16.764s] -- Installing: /home/st/edu25/edu25_athome/happy_ws/install/service_msgs/share/service_msgs/cmake/service_msgs__rosidl_typesupport_cExport-noconfig.cmake
[16.767s] -- Installing: /home/st/edu25/edu25_athome/happy_ws/install/service_msgs/share/service_msgs/cmake/export_service_msgs__rosidl_generator_cppExport.cmake
[16.767s] -- Installing: /home/st/edu25/edu25_athome/happy_ws/install/service_msgs/share/service_msgs/cmake/export_service_msgs__rosidl_typesupport_fastrtps_cppExport.cmake
[16.767s] -- Installing: /home/st/edu25/edu25_athome/happy_ws/install/service_msgs/share/service_msgs/cmake/export_service_msgs__rosidl_typesupport_fastrtps_cppExport-noconfig.cmake
[16.768s] -- Installing: /home/st/edu25/edu25_athome/happy_ws/install/service_msgs/share/service_msgs/cmake/service_msgs__rosidl_typesupport_introspection_cppExport.cmake
[16.768s] -- Installing: /home/st/edu25/edu25_athome/happy_ws/install/service_msgs/share/service_msgs/cmake/service_msgs__rosidl_typesupport_introspection_cppExport-noconfig.cmake
[16.768s] -- Installing: /home/st/edu25/edu25_athome/happy_ws/install/service_msgs/share/service_msgs/cmake/service_msgs__rosidl_typesupport_cppExport.cmake
[16.769s] -- Installing: /home/st/edu25/edu25_athome/happy_ws/install/service_msgs/share/service_msgs/cmake/service_msgs__rosidl_typesupport_cppExport-noconfig.cmake
[16.770s] -- Installing: /home/st/edu25/edu25_athome/happy_ws/install/service_msgs/share/service_msgs/cmake/export_service_msgs__rosidl_generator_pyExport.cmake
[16.771s] -- Installing: /home/st/edu25/edu25_athome/happy_ws/install/service_msgs/share/service_msgs/cmake/export_service_msgs__rosidl_generator_pyExport-noconfig.cmake
[16.771s] -- Installing: /home/st/edu25/edu25_athome/happy_ws/install/service_msgs/share/service_msgs/cmake/rosidl_cmake-extras.cmake
[16.772s] -- Installing: /home/st/edu25/edu25_athome/happy_ws/install/service_msgs/share/service_msgs/cmake/ament_cmake_export_include_directories-extras.cmake
[16.774s] -- Installing: /home/st/edu25/edu25_athome/happy_ws/install/service_msgs/share/service_msgs/cmake/ament_cmake_export_libraries-extras.cmake
[16.774s] -- Installing: /home/st/edu25/edu25_athome/happy_ws/install/service_msgs/share/service_msgs/cmake/ament_cmake_export_targets-extras.cmake
[16.775s] -- Installing: /home/st/edu25/edu25_athome/happy_ws/install/service_msgs/share/service_msgs/cmake/rosidl_cmake_export_typesupport_targets-extras.cmake
[16.775s] -- Installing: /home/st/edu25/edu25_athome/happy_ws/install/service_msgs/share/service_msgs/cmake/ament_cmake_export_dependencies-extras.cmake
[16.776s] -- Installing: /home/st/edu25/edu25_athome/happy_ws/install/service_msgs/share/service_msgs/cmake/rosidl_cmake_export_typesupport_libraries-extras.cmake
[16.776s] -- Installing: /home/st/edu25/edu25_athome/happy_ws/install/service_msgs/share/service_msgs/cmake/service_msgsConfig.cmake
[16.776s] -- Installing: /home/st/edu25/edu25_athome/happy_ws/install/service_msgs/share/service_msgs/cmake/service_msgsConfig-version.cmake
[16.777s] -- Installing: /home/st/edu25/edu25_athome/happy_ws/install/service_msgs/share/service_msgs/package.xml
[16.786s] Invoked command in '/home/st/edu25/edu25_athome/happy_ws/build/service_msgs' returned '0': CMAKE_PREFIX_PATH=/opt/ros/humble /usr/bin/cmake --install /home/st/edu25/edu25_athome/happy_ws/build/service_msgs
