[0.051s] Invoking command in '/home/st/edu25/edu25_athome/happy_ws/build/service_msgs': CMAKE_PREFIX_PATH=/opt/ros/humble /usr/bin/cmake --build /home/st/edu25/edu25_athome/happy_ws/build/service_msgs -- -j2 -l2
[0.235s] [35m[1mConsolidate compiler generated dependencies of target service_msgs__rosidl_generator_c[0m
[0.280s] [  3%] Built target service_msgs__cpp
[0.284s] [ 12%] Built target service_msgs__rosidl_generator_c
[0.328s] [35m[1mConsolidate compiler generated dependencies of target service_msgs__rosidl_typesupport_fastrtps_cpp[0m
[0.395s] [ 22%] Built target service_msgs__rosidl_typesupport_fastrtps_cpp
[0.403s] [ 22%] Built target ament_cmake_python_copy_service_msgs
[0.446s] [35m[1mConsolidate compiler generated dependencies of target service_msgs__rosidl_typesupport_introspection_cpp[0m
[0.448s] [35m[1mConsolidate compiler generated dependencies of target service_msgs__rosidl_typesupport_cpp[0m
[0.505s] [ 32%] Built target service_msgs__rosidl_typesupport_cpp
[0.519s] [ 41%] Built target service_msgs__rosidl_typesupport_introspection_cpp
[0.553s] [35m[1mConsolidate compiler generated dependencies of target service_msgs__rosidl_typesupport_fastrtps_c[0m
[0.565s] [35m[1mConsolidate compiler generated dependencies of target service_msgs__rosidl_typesupport_introspection_c[0m
[0.613s] [ 51%] Built target service_msgs__rosidl_typesupport_fastrtps_c
[0.619s] [ 61%] Built target service_msgs__rosidl_typesupport_introspection_c
[0.658s] [35m[1mConsolidate compiler generated dependencies of target service_msgs__rosidl_typesupport_c[0m
[0.711s] [ 70%] Built target service_msgs__rosidl_typesupport_c
[0.804s] [ 70%] Built target service_msgs
[0.898s] [ 74%] Built target service_msgs__py
[0.948s] [35m[1mConsolidate compiler generated dependencies of target service_msgs__rosidl_generator_py[0m
[1.009s] [ 80%] Built target service_msgs__rosidl_generator_py
[1.053s] [35m[1mConsolidate compiler generated dependencies of target service_msgs__rosidl_typesupport_fastrtps_c__pyext[0m
[1.125s] [ 87%] Built target service_msgs__rosidl_typesupport_fastrtps_c__pyext
[1.171s] [35m[1mConsolidate compiler generated dependencies of target service_msgs__rosidl_typesupport_introspection_c__pyext[0m
[1.236s] [ 93%] Built target service_msgs__rosidl_typesupport_introspection_c__pyext
[1.283s] [35m[1mConsolidate compiler generated dependencies of target service_msgs__rosidl_typesupport_c__pyext[0m
[1.345s] [100%] Built target service_msgs__rosidl_typesupport_c__pyext
[1.438s] running egg_info
[1.442s] writing service_msgs.egg-info/PKG-INFO
[1.442s] writing dependency_links to service_msgs.egg-info/dependency_links.txt
[1.444s] writing top-level names to service_msgs.egg-info/top_level.txt
[1.451s] reading manifest file 'service_msgs.egg-info/SOURCES.txt'
[1.453s] writing manifest file 'service_msgs.egg-info/SOURCES.txt'
[1.541s] [100%] Built target ament_cmake_python_build_service_msgs_egg
[1.586s] Invoked command in '/home/st/edu25/edu25_athome/happy_ws/build/service_msgs' returned '0': CMAKE_PREFIX_PATH=/opt/ros/humble /usr/bin/cmake --build /home/st/edu25/edu25_athome/happy_ws/build/service_msgs -- -j2 -l2
[1.633s] Invoking command in '/home/st/edu25/edu25_athome/happy_ws/build/service_msgs': CMAKE_PREFIX_PATH=/opt/ros/humble /usr/bin/cmake --install /home/st/edu25/edu25_athome/happy_ws/build/service_msgs
[1.663s] -- Install configuration: ""
[1.664s] -- Up-to-date: /home/st/edu25/edu25_athome/happy_ws/install/service_msgs/share/ament_index/resource_index/rosidl_interfaces/service_msgs
[1.664s] -- Up-to-date: /home/st/edu25/edu25_athome/happy_ws/install/service_msgs/include/service_msgs/service_msgs
[1.665s] -- Up-to-date: /home/st/edu25/edu25_athome/happy_ws/install/service_msgs/include/service_msgs/service_msgs/srv
[1.666s] -- Up-to-date: /home/st/edu25/edu25_athome/happy_ws/install/service_msgs/include/service_msgs/service_msgs/srv/detail
[1.667s] -- Up-to-date: /home/st/edu25/edu25_athome/happy_ws/install/service_msgs/include/service_msgs/service_msgs/srv/detail/string_command__functions.c
[1.667s] -- Up-to-date: /home/st/edu25/edu25_athome/happy_ws/install/service_msgs/include/service_msgs/service_msgs/srv/detail/string_command__type_support.h
[1.667s] -- Up-to-date: /home/st/edu25/edu25_athome/happy_ws/install/service_msgs/include/service_msgs/service_msgs/srv/detail/string_command__struct.h
[1.667s] -- Up-to-date: /home/st/edu25/edu25_athome/happy_ws/install/service_msgs/include/service_msgs/service_msgs/srv/detail/string_command__functions.h
[1.668s] -- Up-to-date: /home/st/edu25/edu25_athome/happy_ws/install/service_msgs/include/service_msgs/service_msgs/srv/string_command.h
[1.668s] -- Up-to-date: /home/st/edu25/edu25_athome/happy_ws/install/service_msgs/include/service_msgs/service_msgs/msg
[1.668s] -- Up-to-date: /home/st/edu25/edu25_athome/happy_ws/install/service_msgs/include/service_msgs/service_msgs/msg/rosidl_generator_c__visibility_control.h
[1.668s] -- Up-to-date: /home/st/edu25/edu25_athome/happy_ws/install/service_msgs/share/service_msgs/environment/library_path.sh
[1.669s] -- Up-to-date: /home/st/edu25/edu25_athome/happy_ws/install/service_msgs/share/service_msgs/environment/library_path.dsv
[1.669s] -- Up-to-date: /home/st/edu25/edu25_athome/happy_ws/install/service_msgs/lib/libservice_msgs__rosidl_generator_c.so
[1.669s] -- Up-to-date: /home/st/edu25/edu25_athome/happy_ws/install/service_msgs/include/service_msgs/service_msgs
[1.670s] -- Up-to-date: /home/st/edu25/edu25_athome/happy_ws/install/service_msgs/include/service_msgs/service_msgs/srv
[1.670s] -- Up-to-date: /home/st/edu25/edu25_athome/happy_ws/install/service_msgs/include/service_msgs/service_msgs/srv/detail
[1.671s] -- Up-to-date: /home/st/edu25/edu25_athome/happy_ws/install/service_msgs/include/service_msgs/service_msgs/srv/detail/string_command__rosidl_typesupport_fastrtps_c.h
[1.671s] -- Up-to-date: /home/st/edu25/edu25_athome/happy_ws/install/service_msgs/include/service_msgs/service_msgs/msg
[1.671s] -- Up-to-date: /home/st/edu25/edu25_athome/happy_ws/install/service_msgs/include/service_msgs/service_msgs/msg/rosidl_typesupport_fastrtps_c__visibility_control.h
[1.671s] -- Up-to-date: /home/st/edu25/edu25_athome/happy_ws/install/service_msgs/lib/libservice_msgs__rosidl_typesupport_fastrtps_c.so
[1.672s] -- Up-to-date: /home/st/edu25/edu25_athome/happy_ws/install/service_msgs/include/service_msgs/service_msgs
[1.672s] -- Up-to-date: /home/st/edu25/edu25_athome/happy_ws/install/service_msgs/include/service_msgs/service_msgs/srv
[1.672s] -- Up-to-date: /home/st/edu25/edu25_athome/happy_ws/install/service_msgs/include/service_msgs/service_msgs/srv/detail
[1.672s] -- Up-to-date: /home/st/edu25/edu25_athome/happy_ws/install/service_msgs/include/service_msgs/service_msgs/srv/detail/string_command__type_support.c
[1.672s] -- Up-to-date: /home/st/edu25/edu25_athome/happy_ws/install/service_msgs/include/service_msgs/service_msgs/srv/detail/string_command__rosidl_typesupport_introspection_c.h
[1.673s] -- Up-to-date: /home/st/edu25/edu25_athome/happy_ws/install/service_msgs/include/service_msgs/service_msgs/msg
[1.673s] -- Up-to-date: /home/st/edu25/edu25_athome/happy_ws/install/service_msgs/include/service_msgs/service_msgs/msg/rosidl_typesupport_introspection_c__visibility_control.h
[1.673s] -- Up-to-date: /home/st/edu25/edu25_athome/happy_ws/install/service_msgs/lib/libservice_msgs__rosidl_typesupport_introspection_c.so
[1.673s] -- Up-to-date: /home/st/edu25/edu25_athome/happy_ws/install/service_msgs/lib/libservice_msgs__rosidl_typesupport_c.so
[1.674s] -- Up-to-date: /home/st/edu25/edu25_athome/happy_ws/install/service_msgs/include/service_msgs/service_msgs
[1.674s] -- Up-to-date: /home/st/edu25/edu25_athome/happy_ws/install/service_msgs/include/service_msgs/service_msgs/srv
[1.675s] -- Up-to-date: /home/st/edu25/edu25_athome/happy_ws/install/service_msgs/include/service_msgs/service_msgs/srv/string_command.hpp
[1.675s] -- Up-to-date: /home/st/edu25/edu25_athome/happy_ws/install/service_msgs/include/service_msgs/service_msgs/srv/detail
[1.675s] -- Up-to-date: /home/st/edu25/edu25_athome/happy_ws/install/service_msgs/include/service_msgs/service_msgs/srv/detail/string_command__struct.hpp
[1.676s] -- Up-to-date: /home/st/edu25/edu25_athome/happy_ws/install/service_msgs/include/service_msgs/service_msgs/srv/detail/string_command__traits.hpp
[1.676s] -- Up-to-date: /home/st/edu25/edu25_athome/happy_ws/install/service_msgs/include/service_msgs/service_msgs/srv/detail/string_command__type_support.hpp
[1.676s] -- Up-to-date: /home/st/edu25/edu25_athome/happy_ws/install/service_msgs/include/service_msgs/service_msgs/srv/detail/string_command__builder.hpp
[1.676s] -- Up-to-date: /home/st/edu25/edu25_athome/happy_ws/install/service_msgs/include/service_msgs/service_msgs/msg
[1.677s] -- Up-to-date: /home/st/edu25/edu25_athome/happy_ws/install/service_msgs/include/service_msgs/service_msgs/msg/rosidl_generator_cpp__visibility_control.hpp
[1.677s] -- Up-to-date: /home/st/edu25/edu25_athome/happy_ws/install/service_msgs/include/service_msgs/service_msgs
[1.677s] -- Up-to-date: /home/st/edu25/edu25_athome/happy_ws/install/service_msgs/include/service_msgs/service_msgs/srv
[1.678s] -- Up-to-date: /home/st/edu25/edu25_athome/happy_ws/install/service_msgs/include/service_msgs/service_msgs/srv/detail
[1.678s] -- Up-to-date: /home/st/edu25/edu25_athome/happy_ws/install/service_msgs/include/service_msgs/service_msgs/srv/detail/string_command__rosidl_typesupport_fastrtps_cpp.hpp
[1.678s] -- Up-to-date: /home/st/edu25/edu25_athome/happy_ws/install/service_msgs/include/service_msgs/service_msgs/srv/detail/dds_fastrtps
[1.679s] -- Up-to-date: /home/st/edu25/edu25_athome/happy_ws/install/service_msgs/include/service_msgs/service_msgs/msg
[1.679s] -- Up-to-date: /home/st/edu25/edu25_athome/happy_ws/install/service_msgs/include/service_msgs/service_msgs/msg/rosidl_typesupport_fastrtps_cpp__visibility_control.h
[1.679s] -- Up-to-date: /home/st/edu25/edu25_athome/happy_ws/install/service_msgs/lib/libservice_msgs__rosidl_typesupport_fastrtps_cpp.so
[1.679s] -- Up-to-date: /home/st/edu25/edu25_athome/happy_ws/install/service_msgs/include/service_msgs/service_msgs
[1.680s] -- Up-to-date: /home/st/edu25/edu25_athome/happy_ws/install/service_msgs/include/service_msgs/service_msgs/srv
[1.680s] -- Up-to-date: /home/st/edu25/edu25_athome/happy_ws/install/service_msgs/include/service_msgs/service_msgs/srv/detail
[1.680s] -- Up-to-date: /home/st/edu25/edu25_athome/happy_ws/install/service_msgs/include/service_msgs/service_msgs/srv/detail/string_command__type_support.cpp
[1.680s] -- Up-to-date: /home/st/edu25/edu25_athome/happy_ws/install/service_msgs/include/service_msgs/service_msgs/srv/detail/string_command__rosidl_typesupport_introspection_cpp.hpp
[1.681s] -- Up-to-date: /home/st/edu25/edu25_athome/happy_ws/install/service_msgs/lib/libservice_msgs__rosidl_typesupport_introspection_cpp.so
[1.685s] -- Up-to-date: /home/st/edu25/edu25_athome/happy_ws/install/service_msgs/lib/libservice_msgs__rosidl_typesupport_cpp.so
[1.685s] -- Up-to-date: /home/st/edu25/edu25_athome/happy_ws/install/service_msgs/share/service_msgs/environment/pythonpath.sh
[1.685s] -- Up-to-date: /home/st/edu25/edu25_athome/happy_ws/install/service_msgs/share/service_msgs/environment/pythonpath.dsv
[1.685s] -- Up-to-date: /home/st/edu25/edu25_athome/happy_ws/install/service_msgs/local/lib/python3.10/dist-packages/service_msgs-0.0.0-py3.10.egg-info
[1.685s] -- Installing: /home/st/edu25/edu25_athome/happy_ws/install/service_msgs/local/lib/python3.10/dist-packages/service_msgs-0.0.0-py3.10.egg-info/SOURCES.txt
[1.686s] -- Installing: /home/st/edu25/edu25_athome/happy_ws/install/service_msgs/local/lib/python3.10/dist-packages/service_msgs-0.0.0-py3.10.egg-info/top_level.txt
[1.688s] -- Installing: /home/st/edu25/edu25_athome/happy_ws/install/service_msgs/local/lib/python3.10/dist-packages/service_msgs-0.0.0-py3.10.egg-info/PKG-INFO
[1.688s] -- Installing: /home/st/edu25/edu25_athome/happy_ws/install/service_msgs/local/lib/python3.10/dist-packages/service_msgs-0.0.0-py3.10.egg-info/dependency_links.txt
[1.688s] -- Up-to-date: /home/st/edu25/edu25_athome/happy_ws/install/service_msgs/local/lib/python3.10/dist-packages/service_msgs
[1.688s] -- Up-to-date: /home/st/edu25/edu25_athome/happy_ws/install/service_msgs/local/lib/python3.10/dist-packages/service_msgs/libservice_msgs__rosidl_generator_py.so
[1.689s] -- Up-to-date: /home/st/edu25/edu25_athome/happy_ws/install/service_msgs/local/lib/python3.10/dist-packages/service_msgs/service_msgs_s__rosidl_typesupport_fastrtps_c.cpython-310-x86_64-linux-gnu.so
[1.689s] -- Up-to-date: /home/st/edu25/edu25_athome/happy_ws/install/service_msgs/local/lib/python3.10/dist-packages/service_msgs/_service_msgs_s.ep.rosidl_typesupport_introspection_c.c
[1.689s] -- Up-to-date: /home/st/edu25/edu25_athome/happy_ws/install/service_msgs/local/lib/python3.10/dist-packages/service_msgs/srv
[1.689s] -- Up-to-date: /home/st/edu25/edu25_athome/happy_ws/install/service_msgs/local/lib/python3.10/dist-packages/service_msgs/srv/__init__.py
[1.689s] -- Up-to-date: /home/st/edu25/edu25_athome/happy_ws/install/service_msgs/local/lib/python3.10/dist-packages/service_msgs/srv/_string_command.py
[1.690s] -- Up-to-date: /home/st/edu25/edu25_athome/happy_ws/install/service_msgs/local/lib/python3.10/dist-packages/service_msgs/srv/_string_command_s.c
[1.690s] -- Up-to-date: /home/st/edu25/edu25_athome/happy_ws/install/service_msgs/local/lib/python3.10/dist-packages/service_msgs/__init__.py
[1.690s] -- Up-to-date: /home/st/edu25/edu25_athome/happy_ws/install/service_msgs/local/lib/python3.10/dist-packages/service_msgs/service_msgs_s__rosidl_typesupport_c.cpython-310-x86_64-linux-gnu.so
[1.690s] -- Up-to-date: /home/st/edu25/edu25_athome/happy_ws/install/service_msgs/local/lib/python3.10/dist-packages/service_msgs/_service_msgs_s.ep.rosidl_typesupport_c.c
[1.690s] -- Up-to-date: /home/st/edu25/edu25_athome/happy_ws/install/service_msgs/local/lib/python3.10/dist-packages/service_msgs/service_msgs_s__rosidl_typesupport_introspection_c.cpython-310-x86_64-linux-gnu.so
[1.691s] -- Up-to-date: /home/st/edu25/edu25_athome/happy_ws/install/service_msgs/local/lib/python3.10/dist-packages/service_msgs/_service_msgs_s.ep.rosidl_typesupport_fastrtps_c.c
[1.798s] Listing '/home/st/edu25/edu25_athome/happy_ws/install/service_msgs/local/lib/python3.10/dist-packages/service_msgs'...
[1.799s] Listing '/home/st/edu25/edu25_athome/happy_ws/install/service_msgs/local/lib/python3.10/dist-packages/service_msgs/srv'...
[1.812s] -- Up-to-date: /home/st/edu25/edu25_athome/happy_ws/install/service_msgs/local/lib/python3.10/dist-packages/service_msgs/service_msgs_s__rosidl_typesupport_fastrtps_c.cpython-310-x86_64-linux-gnu.so
[1.814s] -- Up-to-date: /home/st/edu25/edu25_athome/happy_ws/install/service_msgs/local/lib/python3.10/dist-packages/service_msgs/service_msgs_s__rosidl_typesupport_introspection_c.cpython-310-x86_64-linux-gnu.so
[1.817s] -- Up-to-date: /home/st/edu25/edu25_athome/happy_ws/install/service_msgs/local/lib/python3.10/dist-packages/service_msgs/service_msgs_s__rosidl_typesupport_c.cpython-310-x86_64-linux-gnu.so
[1.820s] -- Up-to-date: /home/st/edu25/edu25_athome/happy_ws/install/service_msgs/lib/libservice_msgs__rosidl_generator_py.so
[1.820s] -- Up-to-date: /home/st/edu25/edu25_athome/happy_ws/install/service_msgs/share/service_msgs/srv/StringCommand.idl
[1.821s] -- Up-to-date: /home/st/edu25/edu25_athome/happy_ws/install/service_msgs/share/service_msgs/srv/StringCommand.srv
[1.821s] -- Up-to-date: /home/st/edu25/edu25_athome/happy_ws/install/service_msgs/share/service_msgs/srv/StringCommand_Request.msg
[1.822s] -- Up-to-date: /home/st/edu25/edu25_athome/happy_ws/install/service_msgs/share/service_msgs/srv/StringCommand_Response.msg
[1.822s] -- Up-to-date: /home/st/edu25/edu25_athome/happy_ws/install/service_msgs/share/ament_index/resource_index/package_run_dependencies/service_msgs
[1.823s] -- Up-to-date: /home/st/edu25/edu25_athome/happy_ws/install/service_msgs/share/ament_index/resource_index/parent_prefix_path/service_msgs
[1.823s] -- Up-to-date: /home/st/edu25/edu25_athome/happy_ws/install/service_msgs/share/service_msgs/environment/ament_prefix_path.sh
[1.823s] -- Up-to-date: /home/st/edu25/edu25_athome/happy_ws/install/service_msgs/share/service_msgs/environment/ament_prefix_path.dsv
[1.824s] -- Up-to-date: /home/st/edu25/edu25_athome/happy_ws/install/service_msgs/share/service_msgs/environment/path.sh
[1.824s] -- Up-to-date: /home/st/edu25/edu25_athome/happy_ws/install/service_msgs/share/service_msgs/environment/path.dsv
[1.824s] -- Up-to-date: /home/st/edu25/edu25_athome/happy_ws/install/service_msgs/share/service_msgs/local_setup.bash
[1.825s] -- Up-to-date: /home/st/edu25/edu25_athome/happy_ws/install/service_msgs/share/service_msgs/local_setup.sh
[1.825s] -- Up-to-date: /home/st/edu25/edu25_athome/happy_ws/install/service_msgs/share/service_msgs/local_setup.zsh
[1.826s] -- Up-to-date: /home/st/edu25/edu25_athome/happy_ws/install/service_msgs/share/service_msgs/local_setup.dsv
[1.826s] -- Installing: /home/st/edu25/edu25_athome/happy_ws/install/service_msgs/share/service_msgs/package.dsv
[1.826s] -- Up-to-date: /home/st/edu25/edu25_athome/happy_ws/install/service_msgs/share/ament_index/resource_index/packages/service_msgs
[1.826s] -- Up-to-date: /home/st/edu25/edu25_athome/happy_ws/install/service_msgs/share/service_msgs/cmake/export_service_msgs__rosidl_generator_cExport.cmake
[1.826s] -- Up-to-date: /home/st/edu25/edu25_athome/happy_ws/install/service_msgs/share/service_msgs/cmake/export_service_msgs__rosidl_generator_cExport-noconfig.cmake
[1.827s] -- Up-to-date: /home/st/edu25/edu25_athome/happy_ws/install/service_msgs/share/service_msgs/cmake/export_service_msgs__rosidl_typesupport_fastrtps_cExport.cmake
[1.827s] -- Up-to-date: /home/st/edu25/edu25_athome/happy_ws/install/service_msgs/share/service_msgs/cmake/export_service_msgs__rosidl_typesupport_fastrtps_cExport-noconfig.cmake
[1.827s] -- Up-to-date: /home/st/edu25/edu25_athome/happy_ws/install/service_msgs/share/service_msgs/cmake/service_msgs__rosidl_typesupport_introspection_cExport.cmake
[1.828s] -- Up-to-date: /home/st/edu25/edu25_athome/happy_ws/install/service_msgs/share/service_msgs/cmake/service_msgs__rosidl_typesupport_introspection_cExport-noconfig.cmake
[1.828s] -- Up-to-date: /home/st/edu25/edu25_athome/happy_ws/install/service_msgs/share/service_msgs/cmake/service_msgs__rosidl_typesupport_cExport.cmake
[1.829s] -- Up-to-date: /home/st/edu25/edu25_athome/happy_ws/install/service_msgs/share/service_msgs/cmake/service_msgs__rosidl_typesupport_cExport-noconfig.cmake
[1.829s] -- Up-to-date: /home/st/edu25/edu25_athome/happy_ws/install/service_msgs/share/service_msgs/cmake/export_service_msgs__rosidl_generator_cppExport.cmake
[1.829s] -- Up-to-date: /home/st/edu25/edu25_athome/happy_ws/install/service_msgs/share/service_msgs/cmake/export_service_msgs__rosidl_typesupport_fastrtps_cppExport.cmake
[1.830s] -- Up-to-date: /home/st/edu25/edu25_athome/happy_ws/install/service_msgs/share/service_msgs/cmake/export_service_msgs__rosidl_typesupport_fastrtps_cppExport-noconfig.cmake
[1.830s] -- Up-to-date: /home/st/edu25/edu25_athome/happy_ws/install/service_msgs/share/service_msgs/cmake/service_msgs__rosidl_typesupport_introspection_cppExport.cmake
[1.831s] -- Up-to-date: /home/st/edu25/edu25_athome/happy_ws/install/service_msgs/share/service_msgs/cmake/service_msgs__rosidl_typesupport_introspection_cppExport-noconfig.cmake
[1.831s] -- Up-to-date: /home/st/edu25/edu25_athome/happy_ws/install/service_msgs/share/service_msgs/cmake/service_msgs__rosidl_typesupport_cppExport.cmake
[1.831s] -- Up-to-date: /home/st/edu25/edu25_athome/happy_ws/install/service_msgs/share/service_msgs/cmake/service_msgs__rosidl_typesupport_cppExport-noconfig.cmake
[1.831s] -- Up-to-date: /home/st/edu25/edu25_athome/happy_ws/install/service_msgs/share/service_msgs/cmake/export_service_msgs__rosidl_generator_pyExport.cmake
[1.832s] -- Up-to-date: /home/st/edu25/edu25_athome/happy_ws/install/service_msgs/share/service_msgs/cmake/export_service_msgs__rosidl_generator_pyExport-noconfig.cmake
[1.832s] -- Up-to-date: /home/st/edu25/edu25_athome/happy_ws/install/service_msgs/share/service_msgs/cmake/rosidl_cmake-extras.cmake
[1.832s] -- Up-to-date: /home/st/edu25/edu25_athome/happy_ws/install/service_msgs/share/service_msgs/cmake/ament_cmake_export_include_directories-extras.cmake
[1.833s] -- Up-to-date: /home/st/edu25/edu25_athome/happy_ws/install/service_msgs/share/service_msgs/cmake/ament_cmake_export_libraries-extras.cmake
[1.833s] -- Up-to-date: /home/st/edu25/edu25_athome/happy_ws/install/service_msgs/share/service_msgs/cmake/ament_cmake_export_targets-extras.cmake
[1.833s] -- Up-to-date: /home/st/edu25/edu25_athome/happy_ws/install/service_msgs/share/service_msgs/cmake/rosidl_cmake_export_typesupport_targets-extras.cmake
[1.833s] -- Up-to-date: /home/st/edu25/edu25_athome/happy_ws/install/service_msgs/share/service_msgs/cmake/ament_cmake_export_dependencies-extras.cmake
[1.834s] -- Up-to-date: /home/st/edu25/edu25_athome/happy_ws/install/service_msgs/share/service_msgs/cmake/rosidl_cmake_export_typesupport_libraries-extras.cmake
[1.834s] -- Up-to-date: /home/st/edu25/edu25_athome/happy_ws/install/service_msgs/share/service_msgs/cmake/service_msgsConfig.cmake
[1.834s] -- Up-to-date: /home/st/edu25/edu25_athome/happy_ws/install/service_msgs/share/service_msgs/cmake/service_msgsConfig-version.cmake
[1.834s] -- Up-to-date: /home/st/edu25/edu25_athome/happy_ws/install/service_msgs/share/service_msgs/package.xml
[1.840s] Invoked command in '/home/st/edu25/edu25_athome/happy_ws/build/service_msgs' returned '0': CMAKE_PREFIX_PATH=/opt/ros/humble /usr/bin/cmake --install /home/st/edu25/edu25_athome/happy_ws/build/service_msgs
