[2.965s] Invoking command in '/home/st/edu25/edu25_athome/happy_ws/src/my_happy': PYTHONPATH=/home/st/edu25/edu25_athome/happy_ws/build/my_happy/prefix_override:/usr/lib/python3/dist-packages/colcon_core/task/python/colcon_distutils_commands:/home/st/edu25/edu25_athome/happy_ws/install/my_happy/lib/python3.10/site-packages:${PYTHONPATH} /usr/bin/python3 -W ignore:setup.py install is deprecated -W ignore:easy_install command is deprecated setup.py egg_info --egg-base ../../build/my_happy build --build-base /home/st/edu25/edu25_athome/happy_ws/build/my_happy/build install --record /home/st/edu25/edu25_athome/happy_ws/build/my_happy/install.log --single-version-externally-managed install_data
[3.734s] running egg_info
[3.735s] writing ../../build/my_happy/my_happy.egg-info/PKG-INFO
[3.735s] writing dependency_links to ../../build/my_happy/my_happy.egg-info/dependency_links.txt
[3.737s] writing entry points to ../../build/my_happy/my_happy.egg-info/entry_points.txt
[3.739s] writing requirements to ../../build/my_happy/my_happy.egg-info/requires.txt
[3.739s] writing top-level names to ../../build/my_happy/my_happy.egg-info/top_level.txt
[3.746s] reading manifest file '../../build/my_happy/my_happy.egg-info/SOURCES.txt'
[3.748s] writing manifest file '../../build/my_happy/my_happy.egg-info/SOURCES.txt'
[3.749s] running build
[3.750s] running build_py
[3.751s] running install
[3.751s] running install_lib
[3.756s] running install_data
[3.759s] running install_egg_info
[3.762s] removing '/home/st/edu25/edu25_athome/happy_ws/install/my_happy/lib/python3.10/site-packages/my_happy-0.0.0-py3.10.egg-info' (and everything under it)
[3.764s] Copying ../../build/my_happy/my_happy.egg-info to /home/st/edu25/edu25_athome/happy_ws/install/my_happy/lib/python3.10/site-packages/my_happy-0.0.0-py3.10.egg-info
[3.766s] running install_scripts
[3.839s] Installing happy_node script to /home/st/edu25/edu25_athome/happy_ws/install/my_happy/lib/my_happy
[3.845s] writing list of installed files to '/home/st/edu25/edu25_athome/happy_ws/build/my_happy/install.log'
[3.923s] Invoked command in '/home/st/edu25/edu25_athome/happy_ws/src/my_happy' returned '0': PYTHONPATH=/home/st/edu25/edu25_athome/happy_ws/build/my_happy/prefix_override:/usr/lib/python3/dist-packages/colcon_core/task/python/colcon_distutils_commands:/home/st/edu25/edu25_athome/happy_ws/install/my_happy/lib/python3.10/site-packages:${PYTHONPATH} /usr/bin/python3 -W ignore:setup.py install is deprecated -W ignore:easy_install command is deprecated setup.py egg_info --egg-base ../../build/my_happy build --build-base /home/st/edu25/edu25_athome/happy_ws/build/my_happy/build install --record /home/st/edu25/edu25_athome/happy_ws/build/my_happy/install.log --single-version-externally-managed install_data
