[3.062s] Invoking command in '/home/st/edu25/edu25_athome/happy_ws/src/service': PYTHONPATH=/home/st/edu25/edu25_athome/happy_ws/build/service/prefix_override:/usr/lib/python3/dist-packages/colcon_core/task/python/colcon_distutils_commands:/home/st/edu25/edu25_athome/happy_ws/install/service/lib/python3.10/site-packages:${PYTHONPATH} /usr/bin/python3 -W ignore:setup.py install is deprecated -W ignore:easy_install command is deprecated setup.py egg_info --egg-base ../../build/service build --build-base /home/st/edu25/edu25_athome/happy_ws/build/service/build install --record /home/st/edu25/edu25_athome/happy_ws/build/service/install.log --single-version-externally-managed install_data
[3.926s] running egg_info
[3.928s] creating ../../build/service/service.egg-info
[3.930s] writing ../../build/service/service.egg-info/PKG-INFO
[3.931s] writing dependency_links to ../../build/service/service.egg-info/dependency_links.txt
[3.931s] writing entry points to ../../build/service/service.egg-info/entry_points.txt
[3.931s] writing requirements to ../../build/service/service.egg-info/requires.txt
[3.931s] writing top-level names to ../../build/service/service.egg-info/top_level.txt
[3.936s] writing manifest file '../../build/service/service.egg-info/SOURCES.txt'
[3.944s] reading manifest file '../../build/service/service.egg-info/SOURCES.txt'
[3.947s] writing manifest file '../../build/service/service.egg-info/SOURCES.txt'
[3.948s] running build
[3.949s] running build_py
[3.949s] creating /home/st/edu25/edu25_athome/happy_ws/build/service/build
[3.949s] creating /home/st/edu25/edu25_athome/happy_ws/build/service/build/lib
[3.950s] creating /home/st/edu25/edu25_athome/happy_ws/build/service/build/lib/service
[3.950s] copying service/__init__.py -> /home/st/edu25/edu25_athome/happy_ws/build/service/build/lib/service
[3.950s] running install
[3.951s] running install_lib
[3.954s] creating /home/st/edu25/edu25_athome/happy_ws/install/service/lib/python3.10/site-packages/service
[3.954s] copying /home/st/edu25/edu25_athome/happy_ws/build/service/build/lib/service/__init__.py -> /home/st/edu25/edu25_athome/happy_ws/install/service/lib/python3.10/site-packages/service
[3.955s] byte-compiling /home/st/edu25/edu25_athome/happy_ws/install/service/lib/python3.10/site-packages/service/__init__.py to __init__.cpython-310.pyc
[3.956s] running install_data
[3.957s] creating /home/st/edu25/edu25_athome/happy_ws/install/service/share/ament_index
[3.958s] creating /home/st/edu25/edu25_athome/happy_ws/install/service/share/ament_index/resource_index
[3.960s] creating /home/st/edu25/edu25_athome/happy_ws/install/service/share/ament_index/resource_index/packages
[3.960s] copying resource/service -> /home/st/edu25/edu25_athome/happy_ws/install/service/share/ament_index/resource_index/packages
[3.961s] copying package.xml -> /home/st/edu25/edu25_athome/happy_ws/install/service/share/service
[3.961s] running install_egg_info
[3.964s] Copying ../../build/service/service.egg-info to /home/st/edu25/edu25_athome/happy_ws/install/service/lib/python3.10/site-packages/service-0.0.0-py3.10.egg-info
[3.968s] running install_scripts
[4.038s] writing list of installed files to '/home/st/edu25/edu25_athome/happy_ws/build/service/install.log'
[4.186s] Invoked command in '/home/st/edu25/edu25_athome/happy_ws/src/service' returned '0': PYTHONPATH=/home/st/edu25/edu25_athome/happy_ws/build/service/prefix_override:/usr/lib/python3/dist-packages/colcon_core/task/python/colcon_distutils_commands:/home/st/edu25/edu25_athome/happy_ws/install/service/lib/python3.10/site-packages:${PYTHONPATH} /usr/bin/python3 -W ignore:setup.py install is deprecated -W ignore:easy_install command is deprecated setup.py egg_info --egg-base ../../build/service build --build-base /home/st/edu25/edu25_athome/happy_ws/build/service/build install --record /home/st/edu25/edu25_athome/happy_ws/build/service/install.log --single-version-externally-managed install_data
