[0.359s] DEBUG:colcon:Command line arguments: ['/usr/bin/colcon', 'build']
[0.360s] DEBUG:colcon:Parsed command line arguments: Namespace(log_base=None, log_level=None, verb_name='build', build_base='build', install_base='install', merge_install=False, symlink_install=False, test_result_base=None, continue_on_error=False, executor='parallel', parallel_workers=2, event_handlers=None, ignore_user_meta=False, metas=['./colcon.meta'], base_paths=['.'], packages_ignore=None, packages_ignore_regex=None, paths=None, packages_up_to=None, packages_up_to_regex=None, packages_above=None, packages_above_and_dependencies=None, packages_above_depth=None, packages_select_by_dep=None, packages_skip_by_dep=None, packages_skip_up_to=None, packages_select_build_failed=False, packages_skip_build_finished=False, packages_select_test_failures=False, packages_skip_test_passed=False, packages_select=None, packages_skip=None, packages_select_regex=None, packages_skip_regex=None, packages_start=None, packages_end=None, allow_overriding=[], cmake_args=None, cmake_target=None, cmake_target_skip_unavailable=False, cmake_clean_cache=False, cmake_clean_first=False, cmake_force_configure=False, ament_cmake_args=None, catkin_cmake_args=None, catkin_skip_building_tests=False, verb_parser=<colcon_defaults.argument_parser.defaults.DefaultArgumentsDecorator object at 0x792a1e71f1f0>, verb_extension=<colcon_core.verb.build.BuildVerb object at 0x792a1e8685e0>, main=<bound method BuildVerb.main of <colcon_core.verb.build.BuildVerb object at 0x792a1e8685e0>>)
[0.940s] Level 1:colcon.colcon_core.package_discovery:discover_packages(colcon_meta) check parameters
[0.941s] Level 1:colcon.colcon_core.package_discovery:discover_packages(recursive) check parameters
[0.941s] Level 1:colcon.colcon_core.package_discovery:discover_packages(ignore) check parameters
[0.941s] Level 1:colcon.colcon_core.package_discovery:discover_packages(path) check parameters
[0.941s] Level 1:colcon.colcon_core.package_discovery:discover_packages(colcon_meta) discover
[0.941s] Level 1:colcon.colcon_core.package_discovery:discover_packages(recursive) discover
[0.942s] INFO:colcon.colcon_core.package_discovery:Crawling recursively for packages in '/home/st/edu25/edu25_athome/happy_ws'
[0.942s] Level 1:colcon.colcon_core.package_identification:_identify(.) by extensions ['ignore', 'ignore_ament_install']
[0.942s] Level 1:colcon.colcon_core.package_identification:_identify(.) by extension 'ignore'
[0.942s] Level 1:colcon.colcon_core.package_identification:_identify(.) by extension 'ignore_ament_install'
[0.942s] Level 1:colcon.colcon_core.package_identification:_identify(.) by extensions ['colcon_pkg']
[0.943s] Level 1:colcon.colcon_core.package_identification:_identify(.) by extension 'colcon_pkg'
[0.943s] Level 1:colcon.colcon_core.package_identification:_identify(.) by extensions ['colcon_meta']
[0.943s] Level 1:colcon.colcon_core.package_identification:_identify(.) by extension 'colcon_meta'
[0.943s] Level 1:colcon.colcon_core.package_identification:_identify(.) by extensions ['ros']
[0.943s] Level 1:colcon.colcon_core.package_identification:_identify(.) by extension 'ros'
[0.979s] Level 1:colcon.colcon_core.package_identification:_identify(.) by extensions ['cmake', 'python']
[0.979s] Level 1:colcon.colcon_core.package_identification:_identify(.) by extension 'cmake'
[0.979s] Level 1:colcon.colcon_core.package_identification:_identify(.) by extension 'python'
[0.979s] Level 1:colcon.colcon_core.package_identification:_identify(.) by extensions ['python_setup_py']
[0.979s] Level 1:colcon.colcon_core.package_identification:_identify(.) by extension 'python_setup_py'
[0.980s] Level 1:colcon.colcon_core.package_identification:_identify(build) by extensions ['ignore', 'ignore_ament_install']
[0.980s] Level 1:colcon.colcon_core.package_identification:_identify(build) by extension 'ignore'
[0.980s] Level 1:colcon.colcon_core.package_identification:_identify(build) ignored
[0.981s] Level 1:colcon.colcon_core.package_identification:_identify(install) by extensions ['ignore', 'ignore_ament_install']
[0.981s] Level 1:colcon.colcon_core.package_identification:_identify(install) by extension 'ignore'
[0.981s] Level 1:colcon.colcon_core.package_identification:_identify(install) ignored
[0.981s] Level 1:colcon.colcon_core.package_identification:_identify(log) by extensions ['ignore', 'ignore_ament_install']
[0.982s] Level 1:colcon.colcon_core.package_identification:_identify(log) by extension 'ignore'
[0.982s] Level 1:colcon.colcon_core.package_identification:_identify(log) ignored
[0.982s] Level 1:colcon.colcon_core.package_identification:_identify(src) by extensions ['ignore', 'ignore_ament_install']
[0.982s] Level 1:colcon.colcon_core.package_identification:_identify(src) by extension 'ignore'
[0.983s] Level 1:colcon.colcon_core.package_identification:_identify(src) by extension 'ignore_ament_install'
[0.983s] Level 1:colcon.colcon_core.package_identification:_identify(src) by extensions ['colcon_pkg']
[0.983s] Level 1:colcon.colcon_core.package_identification:_identify(src) by extension 'colcon_pkg'
[0.983s] Level 1:colcon.colcon_core.package_identification:_identify(src) by extensions ['colcon_meta']
[0.983s] Level 1:colcon.colcon_core.package_identification:_identify(src) by extension 'colcon_meta'
[0.984s] Level 1:colcon.colcon_core.package_identification:_identify(src) by extensions ['ros']
[0.984s] Level 1:colcon.colcon_core.package_identification:_identify(src) by extension 'ros'
[0.984s] Level 1:colcon.colcon_core.package_identification:_identify(src) by extensions ['cmake', 'python']
[0.984s] Level 1:colcon.colcon_core.package_identification:_identify(src) by extension 'cmake'
[0.984s] Level 1:colcon.colcon_core.package_identification:_identify(src) by extension 'python'
[0.984s] Level 1:colcon.colcon_core.package_identification:_identify(src) by extensions ['python_setup_py']
[0.984s] Level 1:colcon.colcon_core.package_identification:_identify(src) by extension 'python_setup_py'
[0.985s] Level 1:colcon.colcon_core.package_identification:_identify(src/my_happy) by extensions ['ignore', 'ignore_ament_install']
[0.985s] Level 1:colcon.colcon_core.package_identification:_identify(src/my_happy) by extension 'ignore'
[0.985s] Level 1:colcon.colcon_core.package_identification:_identify(src/my_happy) by extension 'ignore_ament_install'
[0.985s] Level 1:colcon.colcon_core.package_identification:_identify(src/my_happy) by extensions ['colcon_pkg']
[0.985s] Level 1:colcon.colcon_core.package_identification:_identify(src/my_happy) by extension 'colcon_pkg'
[0.986s] Level 1:colcon.colcon_core.package_identification:_identify(src/my_happy) by extensions ['colcon_meta']
[0.986s] Level 1:colcon.colcon_core.package_identification:_identify(src/my_happy) by extension 'colcon_meta'
[0.986s] Level 1:colcon.colcon_core.package_identification:_identify(src/my_happy) by extensions ['ros']
[0.986s] Level 1:colcon.colcon_core.package_identification:_identify(src/my_happy) by extension 'ros'
[0.993s] DEBUG:colcon.colcon_core.package_identification:Package 'src/my_happy' with type 'ros.ament_python' and name 'my_happy'
[0.993s] Level 1:colcon.colcon_core.package_identification:_identify(src/service) by extensions ['ignore', 'ignore_ament_install']
[0.994s] Level 1:colcon.colcon_core.package_identification:_identify(src/service) by extension 'ignore'
[0.994s] Level 1:colcon.colcon_core.package_identification:_identify(src/service) by extension 'ignore_ament_install'
[0.994s] Level 1:colcon.colcon_core.package_identification:_identify(src/service) by extensions ['colcon_pkg']
[0.994s] Level 1:colcon.colcon_core.package_identification:_identify(src/service) by extension 'colcon_pkg'
[0.994s] Level 1:colcon.colcon_core.package_identification:_identify(src/service) by extensions ['colcon_meta']
[0.994s] Level 1:colcon.colcon_core.package_identification:_identify(src/service) by extension 'colcon_meta'
[0.995s] Level 1:colcon.colcon_core.package_identification:_identify(src/service) by extensions ['ros']
[0.995s] Level 1:colcon.colcon_core.package_identification:_identify(src/service) by extension 'ros'
[0.997s] DEBUG:colcon.colcon_core.package_identification:Package 'src/service' with type 'ros.ament_python' and name 'service'
[0.997s] Level 1:colcon.colcon_core.package_identification:_identify(src/service_msgs) by extensions ['ignore', 'ignore_ament_install']
[0.997s] Level 1:colcon.colcon_core.package_identification:_identify(src/service_msgs) by extension 'ignore'
[0.997s] Level 1:colcon.colcon_core.package_identification:_identify(src/service_msgs) by extension 'ignore_ament_install'
[0.998s] Level 1:colcon.colcon_core.package_identification:_identify(src/service_msgs) by extensions ['colcon_pkg']
[0.998s] Level 1:colcon.colcon_core.package_identification:_identify(src/service_msgs) by extension 'colcon_pkg'
[0.998s] Level 1:colcon.colcon_core.package_identification:_identify(src/service_msgs) by extensions ['colcon_meta']
[0.998s] Level 1:colcon.colcon_core.package_identification:_identify(src/service_msgs) by extension 'colcon_meta'
[0.998s] Level 1:colcon.colcon_core.package_identification:_identify(src/service_msgs) by extensions ['ros']
[0.998s] Level 1:colcon.colcon_core.package_identification:_identify(src/service_msgs) by extension 'ros'
[1.000s] DEBUG:colcon.colcon_core.package_identification:Package 'src/service_msgs' with type 'ros.ament_cmake' and name 'service_msgs'
[1.000s] Level 1:colcon.colcon_core.package_discovery:discover_packages(recursive) using defaults
[1.000s] Level 1:colcon.colcon_core.package_discovery:discover_packages(ignore) discover
[1.000s] Level 1:colcon.colcon_core.package_discovery:discover_packages(ignore) using defaults
[1.001s] Level 1:colcon.colcon_core.package_discovery:discover_packages(path) discover
[1.001s] Level 1:colcon.colcon_core.package_discovery:discover_packages(path) using defaults
[1.065s] Level 1:colcon.colcon_core.package_discovery:discover_packages(prefix_path) check parameters
[1.066s] Level 1:colcon.colcon_core.package_discovery:discover_packages(prefix_path) discover
[1.075s] DEBUG:colcon.colcon_installed_package_information.package_discovery:Found 271 installed packages in /opt/ros/humble
[1.083s] Level 1:colcon.colcon_core.package_discovery:discover_packages(prefix_path) using defaults
[1.239s] Level 5:colcon.colcon_core.verb:set package 'my_happy' build argument 'cmake_args' from command line to 'None'
[1.239s] Level 5:colcon.colcon_core.verb:set package 'my_happy' build argument 'cmake_target' from command line to 'None'
[1.240s] Level 5:colcon.colcon_core.verb:set package 'my_happy' build argument 'cmake_target_skip_unavailable' from command line to 'False'
[1.240s] Level 5:colcon.colcon_core.verb:set package 'my_happy' build argument 'cmake_clean_cache' from command line to 'False'
[1.240s] Level 5:colcon.colcon_core.verb:set package 'my_happy' build argument 'cmake_clean_first' from command line to 'False'
[1.240s] Level 5:colcon.colcon_core.verb:set package 'my_happy' build argument 'cmake_force_configure' from command line to 'False'
[1.240s] Level 5:colcon.colcon_core.verb:set package 'my_happy' build argument 'ament_cmake_args' from command line to 'None'
[1.240s] Level 5:colcon.colcon_core.verb:set package 'my_happy' build argument 'catkin_cmake_args' from command line to 'None'
[1.240s] Level 5:colcon.colcon_core.verb:set package 'my_happy' build argument 'catkin_skip_building_tests' from command line to 'False'
[1.240s] DEBUG:colcon.colcon_core.verb:Building package 'my_happy' with the following arguments: {'ament_cmake_args': None, 'build_base': '/home/st/edu25/edu25_athome/happy_ws/build/my_happy', 'catkin_cmake_args': None, 'catkin_skip_building_tests': False, 'cmake_args': None, 'cmake_clean_cache': False, 'cmake_clean_first': False, 'cmake_force_configure': False, 'cmake_target': None, 'cmake_target_skip_unavailable': False, 'install_base': '/home/st/edu25/edu25_athome/happy_ws/install/my_happy', 'merge_install': False, 'path': '/home/st/edu25/edu25_athome/happy_ws/src/my_happy', 'symlink_install': False, 'test_result_base': None}
[1.241s] Level 5:colcon.colcon_core.verb:set package 'service' build argument 'cmake_args' from command line to 'None'
[1.242s] Level 5:colcon.colcon_core.verb:set package 'service' build argument 'cmake_target' from command line to 'None'
[1.242s] Level 5:colcon.colcon_core.verb:set package 'service' build argument 'cmake_target_skip_unavailable' from command line to 'False'
[1.242s] Level 5:colcon.colcon_core.verb:set package 'service' build argument 'cmake_clean_cache' from command line to 'False'
[1.242s] Level 5:colcon.colcon_core.verb:set package 'service' build argument 'cmake_clean_first' from command line to 'False'
[1.242s] Level 5:colcon.colcon_core.verb:set package 'service' build argument 'cmake_force_configure' from command line to 'False'
[1.242s] Level 5:colcon.colcon_core.verb:set package 'service' build argument 'ament_cmake_args' from command line to 'None'
[1.242s] Level 5:colcon.colcon_core.verb:set package 'service' build argument 'catkin_cmake_args' from command line to 'None'
[1.242s] Level 5:colcon.colcon_core.verb:set package 'service' build argument 'catkin_skip_building_tests' from command line to 'False'
[1.242s] DEBUG:colcon.colcon_core.verb:Building package 'service' with the following arguments: {'ament_cmake_args': None, 'build_base': '/home/st/edu25/edu25_athome/happy_ws/build/service', 'catkin_cmake_args': None, 'catkin_skip_building_tests': False, 'cmake_args': None, 'cmake_clean_cache': False, 'cmake_clean_first': False, 'cmake_force_configure': False, 'cmake_target': None, 'cmake_target_skip_unavailable': False, 'install_base': '/home/st/edu25/edu25_athome/happy_ws/install/service', 'merge_install': False, 'path': '/home/st/edu25/edu25_athome/happy_ws/src/service', 'symlink_install': False, 'test_result_base': None}
[1.243s] Level 5:colcon.colcon_core.verb:set package 'service_msgs' build argument 'cmake_args' from command line to 'None'
[1.243s] Level 5:colcon.colcon_core.verb:set package 'service_msgs' build argument 'cmake_target' from command line to 'None'
[1.243s] Level 5:colcon.colcon_core.verb:set package 'service_msgs' build argument 'cmake_target_skip_unavailable' from command line to 'False'
[1.244s] Level 5:colcon.colcon_core.verb:set package 'service_msgs' build argument 'cmake_clean_cache' from command line to 'False'
[1.244s] Level 5:colcon.colcon_core.verb:set package 'service_msgs' build argument 'cmake_clean_first' from command line to 'False'
[1.244s] Level 5:colcon.colcon_core.verb:set package 'service_msgs' build argument 'cmake_force_configure' from command line to 'False'
[1.244s] Level 5:colcon.colcon_core.verb:set package 'service_msgs' build argument 'ament_cmake_args' from command line to 'None'
[1.244s] Level 5:colcon.colcon_core.verb:set package 'service_msgs' build argument 'catkin_cmake_args' from command line to 'None'
[1.244s] Level 5:colcon.colcon_core.verb:set package 'service_msgs' build argument 'catkin_skip_building_tests' from command line to 'False'
[1.244s] DEBUG:colcon.colcon_core.verb:Building package 'service_msgs' with the following arguments: {'ament_cmake_args': None, 'build_base': '/home/st/edu25/edu25_athome/happy_ws/build/service_msgs', 'catkin_cmake_args': None, 'catkin_skip_building_tests': False, 'cmake_args': None, 'cmake_clean_cache': False, 'cmake_clean_first': False, 'cmake_force_configure': False, 'cmake_target': None, 'cmake_target_skip_unavailable': False, 'install_base': '/home/st/edu25/edu25_athome/happy_ws/install/service_msgs', 'merge_install': False, 'path': '/home/st/edu25/edu25_athome/happy_ws/src/service_msgs', 'symlink_install': False, 'test_result_base': None}
[1.245s] INFO:colcon.colcon_core.executor:Executing jobs using 'parallel' executor
[1.248s] DEBUG:colcon.colcon_parallel_executor.executor.parallel:run_until_complete
[1.249s] INFO:colcon.colcon_ros.task.ament_python.build:Building ROS package in '/home/st/edu25/edu25_athome/happy_ws/src/my_happy' with build type 'ament_python'
[1.249s] Level 1:colcon.colcon_core.shell:create_environment_hook('my_happy', 'ament_prefix_path')
[1.255s] INFO:colcon.colcon_core.plugin_system:Skipping extension 'colcon_core.shell.bat': Not used on non-Windows systems
[1.256s] INFO:colcon.colcon_core.shell:Creating environment hook '/home/st/edu25/edu25_athome/happy_ws/install/my_happy/share/my_happy/hook/ament_prefix_path.ps1'
[1.260s] INFO:colcon.colcon_core.shell:Creating environment descriptor '/home/st/edu25/edu25_athome/happy_ws/install/my_happy/share/my_happy/hook/ament_prefix_path.dsv'
[1.262s] INFO:colcon.colcon_core.shell:Creating environment hook '/home/st/edu25/edu25_athome/happy_ws/install/my_happy/share/my_happy/hook/ament_prefix_path.sh'
[1.264s] INFO:colcon.colcon_core.shell:Skip shell extension 'powershell' for command environment: Not usable outside of PowerShell
[1.264s] DEBUG:colcon.colcon_core.shell:Skip shell extension 'dsv' for command environment
[1.274s] INFO:colcon.colcon_ros.task.ament_python.build:Building ROS package in '/home/st/edu25/edu25_athome/happy_ws/src/service' with build type 'ament_python'
[1.275s] Level 1:colcon.colcon_core.shell:create_environment_hook('service', 'ament_prefix_path')
[1.275s] INFO:colcon.colcon_core.shell:Creating environment hook '/home/st/edu25/edu25_athome/happy_ws/install/service/share/service/hook/ament_prefix_path.ps1'
[1.277s] INFO:colcon.colcon_core.shell:Creating environment descriptor '/home/st/edu25/edu25_athome/happy_ws/install/service/share/service/hook/ament_prefix_path.dsv'
[1.279s] INFO:colcon.colcon_core.shell:Creating environment hook '/home/st/edu25/edu25_athome/happy_ws/install/service/share/service/hook/ament_prefix_path.sh'
[1.282s] INFO:colcon.colcon_core.shell:Skip shell extension 'powershell' for command environment: Not usable outside of PowerShell
[1.283s] DEBUG:colcon.colcon_core.shell:Skip shell extension 'dsv' for command environment
[2.170s] INFO:colcon.colcon_core.task.python.build:Building Python package in '/home/st/edu25/edu25_athome/happy_ws/src/my_happy'
[2.171s] INFO:colcon.colcon_core.shell:Skip shell extension 'powershell' for command environment: Not usable outside of PowerShell
[2.171s] DEBUG:colcon.colcon_core.shell:Skip shell extension 'dsv' for command environment
[3.052s] INFO:colcon.colcon_core.task.python.build:Building Python package in '/home/st/edu25/edu25_athome/happy_ws/src/service'
[3.053s] INFO:colcon.colcon_core.shell:Skip shell extension 'powershell' for command environment: Not usable outside of PowerShell
[3.053s] DEBUG:colcon.colcon_core.shell:Skip shell extension 'dsv' for command environment
[4.117s] DEBUG:colcon.colcon_core.event_handler.log_command:Invoking command in '/home/st/edu25/edu25_athome/happy_ws/src/service': PYTHONPATH=/home/st/edu25/edu25_athome/happy_ws/build/service/prefix_override:/usr/lib/python3/dist-packages/colcon_core/task/python/colcon_distutils_commands:/home/st/edu25/edu25_athome/happy_ws/install/service/lib/python3.10/site-packages:${PYTHONPATH} /usr/bin/python3 -W ignore:setup.py install is deprecated -W ignore:easy_install command is deprecated setup.py egg_info --egg-base ../../build/service build --build-base /home/st/edu25/edu25_athome/happy_ws/build/service/build install --record /home/st/edu25/edu25_athome/happy_ws/build/service/install.log --single-version-externally-managed install_data
[4.224s] DEBUG:colcon.colcon_core.event_handler.log_command:Invoking command in '/home/st/edu25/edu25_athome/happy_ws/src/my_happy': PYTHONPATH=/home/st/edu25/edu25_athome/happy_ws/build/my_happy/prefix_override:/usr/lib/python3/dist-packages/colcon_core/task/python/colcon_distutils_commands:/home/st/edu25/edu25_athome/happy_ws/install/my_happy/lib/python3.10/site-packages:${PYTHONPATH} /usr/bin/python3 -W ignore:setup.py install is deprecated -W ignore:easy_install command is deprecated setup.py egg_info --egg-base ../../build/my_happy build --build-base /home/st/edu25/edu25_athome/happy_ws/build/my_happy/build install --record /home/st/edu25/edu25_athome/happy_ws/build/my_happy/install.log --single-version-externally-managed install_data
[5.182s] DEBUG:colcon.colcon_core.event_handler.log_command:Invoked command in '/home/st/edu25/edu25_athome/happy_ws/src/my_happy' returned '0': PYTHONPATH=/home/st/edu25/edu25_athome/happy_ws/build/my_happy/prefix_override:/usr/lib/python3/dist-packages/colcon_core/task/python/colcon_distutils_commands:/home/st/edu25/edu25_athome/happy_ws/install/my_happy/lib/python3.10/site-packages:${PYTHONPATH} /usr/bin/python3 -W ignore:setup.py install is deprecated -W ignore:easy_install command is deprecated setup.py egg_info --egg-base ../../build/my_happy build --build-base /home/st/edu25/edu25_athome/happy_ws/build/my_happy/build install --record /home/st/edu25/edu25_athome/happy_ws/build/my_happy/install.log --single-version-externally-managed install_data
[5.190s] Level 1:colcon.colcon_core.environment:checking '/home/st/edu25/edu25_athome/happy_ws/install/my_happy' for CMake module files
[5.192s] Level 1:colcon.colcon_core.environment:checking '/home/st/edu25/edu25_athome/happy_ws/install/my_happy' for CMake config files
[5.194s] Level 1:colcon.colcon_core.environment:checking '/home/st/edu25/edu25_athome/happy_ws/install/my_happy/lib'
[5.195s] Level 1:colcon.colcon_core.environment:checking '/home/st/edu25/edu25_athome/happy_ws/install/my_happy/bin'
[5.196s] Level 1:colcon.colcon_core.environment:checking '/home/st/edu25/edu25_athome/happy_ws/install/my_happy/lib/pkgconfig/my_happy.pc'
[5.196s] Level 1:colcon.colcon_core.environment:checking '/home/st/edu25/edu25_athome/happy_ws/install/my_happy/lib/python3.10/site-packages'
[5.196s] Level 1:colcon.colcon_core.shell:create_environment_hook('my_happy', 'pythonpath')
[5.197s] INFO:colcon.colcon_core.shell:Creating environment hook '/home/st/edu25/edu25_athome/happy_ws/install/my_happy/share/my_happy/hook/pythonpath.ps1'
[5.200s] INFO:colcon.colcon_core.shell:Creating environment descriptor '/home/st/edu25/edu25_athome/happy_ws/install/my_happy/share/my_happy/hook/pythonpath.dsv'
[5.202s] INFO:colcon.colcon_core.shell:Creating environment hook '/home/st/edu25/edu25_athome/happy_ws/install/my_happy/share/my_happy/hook/pythonpath.sh'
[5.204s] Level 1:colcon.colcon_core.environment:checking '/home/st/edu25/edu25_athome/happy_ws/install/my_happy/bin'
[5.204s] Level 1:colcon.colcon_core.environment:create_environment_scripts_only(my_happy)
[5.205s] INFO:colcon.colcon_core.shell:Creating package script '/home/st/edu25/edu25_athome/happy_ws/install/my_happy/share/my_happy/package.ps1'
[5.208s] INFO:colcon.colcon_core.shell:Creating package descriptor '/home/st/edu25/edu25_athome/happy_ws/install/my_happy/share/my_happy/package.dsv'
[5.211s] INFO:colcon.colcon_core.shell:Creating package script '/home/st/edu25/edu25_athome/happy_ws/install/my_happy/share/my_happy/package.sh'
[5.213s] INFO:colcon.colcon_core.shell:Creating package script '/home/st/edu25/edu25_athome/happy_ws/install/my_happy/share/my_happy/package.bash'
[5.216s] INFO:colcon.colcon_core.shell:Creating package script '/home/st/edu25/edu25_athome/happy_ws/install/my_happy/share/my_happy/package.zsh'
[5.219s] Level 1:colcon.colcon_core.environment:create_file_with_runtime_dependencies(/home/st/edu25/edu25_athome/happy_ws/install/my_happy/share/colcon-core/packages/my_happy)
[5.220s] INFO:colcon.colcon_ros.task.ament_cmake.build:Building ROS package in '/home/st/edu25/edu25_athome/happy_ws/src/service_msgs' with build type 'ament_cmake'
[5.220s] INFO:colcon.colcon_cmake.task.cmake.build:Building CMake package in '/home/st/edu25/edu25_athome/happy_ws/src/service_msgs'
[5.221s] INFO:colcon.colcon_core.shell:Skip shell extension 'powershell' for command environment: Not usable outside of PowerShell
[5.221s] DEBUG:colcon.colcon_core.shell:Skip shell extension 'dsv' for command environment
[5.239s] Level 1:colcon.colcon_core.environment:checking '/home/st/edu25/edu25_athome/happy_ws/install/service' for CMake module files
[5.240s] DEBUG:colcon.colcon_core.event_handler.log_command:Invoked command in '/home/st/edu25/edu25_athome/happy_ws/src/service' returned '0': PYTHONPATH=/home/st/edu25/edu25_athome/happy_ws/build/service/prefix_override:/usr/lib/python3/dist-packages/colcon_core/task/python/colcon_distutils_commands:/home/st/edu25/edu25_athome/happy_ws/install/service/lib/python3.10/site-packages:${PYTHONPATH} /usr/bin/python3 -W ignore:setup.py install is deprecated -W ignore:easy_install command is deprecated setup.py egg_info --egg-base ../../build/service build --build-base /home/st/edu25/edu25_athome/happy_ws/build/service/build install --record /home/st/edu25/edu25_athome/happy_ws/build/service/install.log --single-version-externally-managed install_data
[5.242s] Level 1:colcon.colcon_core.environment:checking '/home/st/edu25/edu25_athome/happy_ws/install/service' for CMake config files
[5.246s] Level 1:colcon.colcon_core.environment:checking '/home/st/edu25/edu25_athome/happy_ws/install/service/lib'
[5.247s] Level 1:colcon.colcon_core.environment:checking '/home/st/edu25/edu25_athome/happy_ws/install/service/bin'
[5.248s] Level 1:colcon.colcon_core.environment:checking '/home/st/edu25/edu25_athome/happy_ws/install/service/lib/pkgconfig/service.pc'
[5.249s] Level 1:colcon.colcon_core.environment:checking '/home/st/edu25/edu25_athome/happy_ws/install/service/lib/python3.10/site-packages'
[5.249s] Level 1:colcon.colcon_core.shell:create_environment_hook('service', 'pythonpath')
[5.250s] INFO:colcon.colcon_core.shell:Creating environment hook '/home/st/edu25/edu25_athome/happy_ws/install/service/share/service/hook/pythonpath.ps1'
[5.254s] INFO:colcon.colcon_core.shell:Creating environment descriptor '/home/st/edu25/edu25_athome/happy_ws/install/service/share/service/hook/pythonpath.dsv'
[5.256s] INFO:colcon.colcon_core.shell:Creating environment hook '/home/st/edu25/edu25_athome/happy_ws/install/service/share/service/hook/pythonpath.sh'
[5.259s] Level 1:colcon.colcon_core.environment:checking '/home/st/edu25/edu25_athome/happy_ws/install/service/bin'
[5.260s] Level 1:colcon.colcon_core.environment:create_environment_scripts_only(service)
[5.261s] INFO:colcon.colcon_core.shell:Creating package script '/home/st/edu25/edu25_athome/happy_ws/install/service/share/service/package.ps1'
[5.263s] INFO:colcon.colcon_core.shell:Creating package descriptor '/home/st/edu25/edu25_athome/happy_ws/install/service/share/service/package.dsv'
[5.265s] INFO:colcon.colcon_core.shell:Creating package script '/home/st/edu25/edu25_athome/happy_ws/install/service/share/service/package.sh'
[5.266s] INFO:colcon.colcon_core.shell:Creating package script '/home/st/edu25/edu25_athome/happy_ws/install/service/share/service/package.bash'
[5.268s] INFO:colcon.colcon_core.shell:Creating package script '/home/st/edu25/edu25_athome/happy_ws/install/service/share/service/package.zsh'
[5.270s] Level 1:colcon.colcon_core.environment:create_file_with_runtime_dependencies(/home/st/edu25/edu25_athome/happy_ws/install/service/share/colcon-core/packages/service)
[5.281s] DEBUG:colcon.colcon_core.event_handler.log_command:Invoking command in '/home/st/edu25/edu25_athome/happy_ws/build/service_msgs': CMAKE_PREFIX_PATH=/opt/ros/humble /usr/bin/cmake /home/st/edu25/edu25_athome/happy_ws/src/service_msgs -DCMAKE_INSTALL_PREFIX=/home/st/edu25/edu25_athome/happy_ws/install/service_msgs
[9.092s] DEBUG:colcon.colcon_core.event_handler.log_command:Invoked command in '/home/st/edu25/edu25_athome/happy_ws/build/service_msgs' returned '0': CMAKE_PREFIX_PATH=/opt/ros/humble /usr/bin/cmake /home/st/edu25/edu25_athome/happy_ws/src/service_msgs -DCMAKE_INSTALL_PREFIX=/home/st/edu25/edu25_athome/happy_ws/install/service_msgs
[9.098s] DEBUG:colcon.colcon_core.event_handler.log_command:Invoking command in '/home/st/edu25/edu25_athome/happy_ws/build/service_msgs': CMAKE_PREFIX_PATH=/opt/ros/humble /usr/bin/cmake --build /home/st/edu25/edu25_athome/happy_ws/build/service_msgs -- -j2 -l2
[21.678s] DEBUG:colcon.colcon_core.event_handler.log_command:Invoked command in '/home/st/edu25/edu25_athome/happy_ws/build/service_msgs' returned '0': CMAKE_PREFIX_PATH=/opt/ros/humble /usr/bin/cmake --build /home/st/edu25/edu25_athome/happy_ws/build/service_msgs -- -j2 -l2
[21.716s] DEBUG:colcon.colcon_core.event_handler.log_command:Invoking command in '/home/st/edu25/edu25_athome/happy_ws/build/service_msgs': CMAKE_PREFIX_PATH=/opt/ros/humble /usr/bin/cmake --install /home/st/edu25/edu25_athome/happy_ws/build/service_msgs
[22.009s] Level 1:colcon.colcon_core.environment:create_environment_scripts_only(service_msgs)
[22.010s] Level 1:colcon.colcon_core.environment:checking '/home/st/edu25/edu25_athome/happy_ws/install/service_msgs' for CMake module files
[22.012s] DEBUG:colcon.colcon_core.event_handler.log_command:Invoked command in '/home/st/edu25/edu25_athome/happy_ws/build/service_msgs' returned '0': CMAKE_PREFIX_PATH=/opt/ros/humble /usr/bin/cmake --install /home/st/edu25/edu25_athome/happy_ws/build/service_msgs
[22.014s] Level 1:colcon.colcon_core.environment:checking '/home/st/edu25/edu25_athome/happy_ws/install/service_msgs' for CMake config files
[22.018s] Level 1:colcon.colcon_core.shell:create_environment_hook('service_msgs', 'cmake_prefix_path')
[22.019s] INFO:colcon.colcon_core.shell:Creating environment hook '/home/st/edu25/edu25_athome/happy_ws/install/service_msgs/share/service_msgs/hook/cmake_prefix_path.ps1'
[22.020s] INFO:colcon.colcon_core.shell:Creating environment descriptor '/home/st/edu25/edu25_athome/happy_ws/install/service_msgs/share/service_msgs/hook/cmake_prefix_path.dsv'
[22.021s] INFO:colcon.colcon_core.shell:Creating environment hook '/home/st/edu25/edu25_athome/happy_ws/install/service_msgs/share/service_msgs/hook/cmake_prefix_path.sh'
[22.023s] Level 1:colcon.colcon_core.environment:checking '/home/st/edu25/edu25_athome/happy_ws/install/service_msgs/lib'
[22.023s] Level 1:colcon.colcon_core.shell:create_environment_hook('service_msgs', 'ld_library_path_lib')
[22.024s] INFO:colcon.colcon_core.shell:Creating environment hook '/home/st/edu25/edu25_athome/happy_ws/install/service_msgs/share/service_msgs/hook/ld_library_path_lib.ps1'
[22.025s] INFO:colcon.colcon_core.shell:Creating environment descriptor '/home/st/edu25/edu25_athome/happy_ws/install/service_msgs/share/service_msgs/hook/ld_library_path_lib.dsv'
[22.026s] INFO:colcon.colcon_core.shell:Creating environment hook '/home/st/edu25/edu25_athome/happy_ws/install/service_msgs/share/service_msgs/hook/ld_library_path_lib.sh'
[22.027s] Level 1:colcon.colcon_core.environment:checking '/home/st/edu25/edu25_athome/happy_ws/install/service_msgs/bin'
[22.027s] Level 1:colcon.colcon_core.environment:checking '/home/st/edu25/edu25_athome/happy_ws/install/service_msgs/lib/pkgconfig/service_msgs.pc'
[22.028s] Level 1:colcon.colcon_core.environment:checking '/home/st/edu25/edu25_athome/happy_ws/install/service_msgs/lib/python3.10/site-packages'
[22.028s] Level 1:colcon.colcon_core.environment:checking '/home/st/edu25/edu25_athome/happy_ws/install/service_msgs/bin'
[22.029s] INFO:colcon.colcon_core.shell:Creating package script '/home/st/edu25/edu25_athome/happy_ws/install/service_msgs/share/service_msgs/package.ps1'
[22.032s] INFO:colcon.colcon_core.shell:Creating package descriptor '/home/st/edu25/edu25_athome/happy_ws/install/service_msgs/share/service_msgs/package.dsv'
[22.033s] INFO:colcon.colcon_core.shell:Creating package script '/home/st/edu25/edu25_athome/happy_ws/install/service_msgs/share/service_msgs/package.sh'
[22.035s] INFO:colcon.colcon_core.shell:Creating package script '/home/st/edu25/edu25_athome/happy_ws/install/service_msgs/share/service_msgs/package.bash'
[22.036s] INFO:colcon.colcon_core.shell:Creating package script '/home/st/edu25/edu25_athome/happy_ws/install/service_msgs/share/service_msgs/package.zsh'
[22.037s] Level 1:colcon.colcon_core.environment:create_file_with_runtime_dependencies(/home/st/edu25/edu25_athome/happy_ws/install/service_msgs/share/colcon-core/packages/service_msgs)
[22.040s] Level 1:colcon.colcon_core.environment:create_environment_scripts_only(service_msgs)
[22.040s] Level 1:colcon.colcon_core.environment:checking '/home/st/edu25/edu25_athome/happy_ws/install/service_msgs' for CMake module files
[22.043s] Level 1:colcon.colcon_core.environment:checking '/home/st/edu25/edu25_athome/happy_ws/install/service_msgs' for CMake config files
[22.046s] Level 1:colcon.colcon_core.shell:create_environment_hook('service_msgs', 'cmake_prefix_path')
[22.046s] INFO:colcon.colcon_core.shell:Creating environment hook '/home/st/edu25/edu25_athome/happy_ws/install/service_msgs/share/service_msgs/hook/cmake_prefix_path.ps1'
[22.047s] INFO:colcon.colcon_core.shell:Creating environment descriptor '/home/st/edu25/edu25_athome/happy_ws/install/service_msgs/share/service_msgs/hook/cmake_prefix_path.dsv'
[22.049s] INFO:colcon.colcon_core.shell:Creating environment hook '/home/st/edu25/edu25_athome/happy_ws/install/service_msgs/share/service_msgs/hook/cmake_prefix_path.sh'
[22.051s] Level 1:colcon.colcon_core.environment:checking '/home/st/edu25/edu25_athome/happy_ws/install/service_msgs/lib'
[22.051s] Level 1:colcon.colcon_core.shell:create_environment_hook('service_msgs', 'ld_library_path_lib')
[22.052s] INFO:colcon.colcon_core.shell:Creating environment hook '/home/st/edu25/edu25_athome/happy_ws/install/service_msgs/share/service_msgs/hook/ld_library_path_lib.ps1'
[22.053s] INFO:colcon.colcon_core.shell:Creating environment descriptor '/home/st/edu25/edu25_athome/happy_ws/install/service_msgs/share/service_msgs/hook/ld_library_path_lib.dsv'
[22.055s] INFO:colcon.colcon_core.shell:Creating environment hook '/home/st/edu25/edu25_athome/happy_ws/install/service_msgs/share/service_msgs/hook/ld_library_path_lib.sh'
[22.056s] Level 1:colcon.colcon_core.environment:checking '/home/st/edu25/edu25_athome/happy_ws/install/service_msgs/bin'
[22.056s] Level 1:colcon.colcon_core.environment:checking '/home/st/edu25/edu25_athome/happy_ws/install/service_msgs/lib/pkgconfig/service_msgs.pc'
[22.057s] Level 1:colcon.colcon_core.environment:checking '/home/st/edu25/edu25_athome/happy_ws/install/service_msgs/lib/python3.10/site-packages'
[22.057s] Level 1:colcon.colcon_core.environment:checking '/home/st/edu25/edu25_athome/happy_ws/install/service_msgs/bin'
[22.059s] INFO:colcon.colcon_core.shell:Creating package script '/home/st/edu25/edu25_athome/happy_ws/install/service_msgs/share/service_msgs/package.ps1'
[22.060s] INFO:colcon.colcon_core.shell:Creating package descriptor '/home/st/edu25/edu25_athome/happy_ws/install/service_msgs/share/service_msgs/package.dsv'
[22.062s] INFO:colcon.colcon_core.shell:Creating package script '/home/st/edu25/edu25_athome/happy_ws/install/service_msgs/share/service_msgs/package.sh'
[22.064s] INFO:colcon.colcon_core.shell:Creating package script '/home/st/edu25/edu25_athome/happy_ws/install/service_msgs/share/service_msgs/package.bash'
[22.066s] INFO:colcon.colcon_core.shell:Creating package script '/home/st/edu25/edu25_athome/happy_ws/install/service_msgs/share/service_msgs/package.zsh'
[22.067s] Level 1:colcon.colcon_core.environment:create_file_with_runtime_dependencies(/home/st/edu25/edu25_athome/happy_ws/install/service_msgs/share/colcon-core/packages/service_msgs)
[22.069s] DEBUG:colcon.colcon_parallel_executor.executor.parallel:closing loop
[22.069s] DEBUG:colcon.colcon_parallel_executor.executor.parallel:loop closed
[22.069s] DEBUG:colcon.colcon_parallel_executor.executor.parallel:run_until_complete finished with '0'
[22.069s] DEBUG:colcon.colcon_core.event_reactor:joining thread
[22.106s] INFO:colcon.colcon_core.plugin_system:Skipping extension 'colcon_notification.desktop_notification.terminal_notifier': Not used on non-Darwin systems
[22.107s] INFO:colcon.colcon_core.plugin_system:Skipping extension 'colcon_notification.desktop_notification.win32': Not used on non-Windows systems
[22.107s] INFO:colcon.colcon_notification.desktop_notification:Sending desktop notification using 'notify2'
[22.162s] DEBUG:colcon.colcon_core.event_reactor:joined thread
[22.163s] INFO:colcon.colcon_core.shell:Creating prefix script '/home/st/edu25/edu25_athome/happy_ws/install/local_setup.ps1'
[22.173s] INFO:colcon.colcon_core.shell:Creating prefix util module '/home/st/edu25/edu25_athome/happy_ws/install/_local_setup_util_ps1.py'
[22.180s] INFO:colcon.colcon_core.shell:Creating prefix chain script '/home/st/edu25/edu25_athome/happy_ws/install/setup.ps1'
[22.184s] INFO:colcon.colcon_core.shell:Creating prefix script '/home/st/edu25/edu25_athome/happy_ws/install/local_setup.sh'
[22.187s] INFO:colcon.colcon_core.shell:Creating prefix util module '/home/st/edu25/edu25_athome/happy_ws/install/_local_setup_util_sh.py'
[22.189s] INFO:colcon.colcon_core.shell:Creating prefix chain script '/home/st/edu25/edu25_athome/happy_ws/install/setup.sh'
[22.193s] INFO:colcon.colcon_core.shell:Creating prefix script '/home/st/edu25/edu25_athome/happy_ws/install/local_setup.bash'
[22.195s] INFO:colcon.colcon_core.shell:Creating prefix chain script '/home/st/edu25/edu25_athome/happy_ws/install/setup.bash'
[22.201s] INFO:colcon.colcon_core.shell:Creating prefix script '/home/st/edu25/edu25_athome/happy_ws/install/local_setup.zsh'
[22.204s] INFO:colcon.colcon_core.shell:Creating prefix chain script '/home/st/edu25/edu25_athome/happy_ws/install/setup.zsh'
