[0.036s] Invoking command in '/home/st/edu25/edu25_athome/happy_ws/build/service_msgs': CMAKE_PREFIX_PATH=/opt/ros/humble /usr/bin/cmake /home/st/edu25/edu25_athome/happy_ws/src/service_msgs -DCMAKE_INSTALL_PREFIX=/home/st/edu25/edu25_athome/happy_ws/install/service_msgs
[0.497s] -- The C compiler identification is GNU 11.4.0
[0.887s] -- The CXX compiler identification is GNU 11.4.0
[0.930s] -- Detecting C compiler ABI info
[1.172s] -- Detecting C compiler ABI info - done
[1.195s] -- Check for working C compiler: /usr/bin/cc - skipped
[1.202s] -- Detecting C compile features
[1.206s] -- Detecting C compile features - done
[1.224s] -- Detecting CXX compiler ABI info
[1.528s] -- Detecting CXX compiler ABI info - done
[1.551s] -- Check for working CXX compiler: /usr/bin/c++ - skipped
[1.552s] -- Detecting CXX compile features
[1.554s] -- Detecting CXX compile features - done
[1.571s] -- Found ament_cmake: 1.3.12 (/opt/ros/humble/share/ament_cmake/cmake)
[2.152s] -- Found Python3: /usr/bin/python3 (found version "3.10.12") found components: Interpreter 
[2.529s] [31mCMake Error at CMakeLists.txt:14 (rosidl_generate_interfaces):
[2.530s]   Unknown CMake command "rosidl_generate_interfaces".
[2.530s] 
[2.530s] [0m
[2.530s] -- Configuring incomplete, errors occurred!
[2.530s] See also "/home/st/edu25/edu25_athome/happy_ws/build/service_msgs/CMakeFiles/CMakeOutput.log".
[2.540s] Invoked command in '/home/st/edu25/edu25_athome/happy_ws/build/service_msgs' returned '1': CMAKE_PREFIX_PATH=/opt/ros/humble /usr/bin/cmake /home/st/edu25/edu25_athome/happy_ws/src/service_msgs -DCMAKE_INSTALL_PREFIX=/home/st/edu25/edu25_athome/happy_ws/install/service_msgs
