[3.081s] Invoking command in '/home/st/edu25/edu25_athome/happy_ws/src/service': PYTHONPATH=/home/st/edu25/edu25_athome/happy_ws/build/service/prefix_override:/usr/lib/python3/dist-packages/colcon_core/task/python/colcon_distutils_commands:/home/st/edu25/edu25_athome/happy_ws/install/service/lib/python3.10/site-packages:${PYTHONPATH} /usr/bin/python3 -W ignore:setup.py install is deprecated -W ignore:easy_install command is deprecated setup.py egg_info --egg-base ../../build/service build --build-base /home/st/edu25/edu25_athome/happy_ws/build/service/build install --record /home/st/edu25/edu25_athome/happy_ws/build/service/install.log --single-version-externally-managed install_data
[3.924s] running egg_info
[3.926s] writing ../../build/service/service.egg-info/PKG-INFO
[3.929s] writing dependency_links to ../../build/service/service.egg-info/dependency_links.txt
[3.929s] writing entry points to ../../build/service/service.egg-info/entry_points.txt
[3.933s] writing requirements to ../../build/service/service.egg-info/requires.txt
[3.934s] writing top-level names to ../../build/service/service.egg-info/top_level.txt
[3.939s] reading manifest file '../../build/service/service.egg-info/SOURCES.txt'
[3.943s] writing manifest file '../../build/service/service.egg-info/SOURCES.txt'
[3.946s] running build
[3.946s] running build_py
[3.946s] copying service/server.py -> /home/st/edu25/edu25_athome/happy_ws/build/service/build/lib/service
[3.950s] running install
[3.950s] running install_lib
[3.953s] copying /home/st/edu25/edu25_athome/happy_ws/build/service/build/lib/service/server.py -> /home/st/edu25/edu25_athome/happy_ws/install/service/lib/python3.10/site-packages/service
[3.956s] byte-compiling /home/st/edu25/edu25_athome/happy_ws/install/service/lib/python3.10/site-packages/service/server.py to server.cpython-310.pyc
[3.963s] running install_data
[3.963s] running install_egg_info
[3.971s] removing '/home/st/edu25/edu25_athome/happy_ws/install/service/lib/python3.10/site-packages/service-0.0.0-py3.10.egg-info' (and everything under it)
[3.971s] Copying ../../build/service/service.egg-info to /home/st/edu25/edu25_athome/happy_ws/install/service/lib/python3.10/site-packages/service-0.0.0-py3.10.egg-info
[3.975s] running install_scripts
[4.047s] Installing server script to /home/st/edu25/edu25_athome/happy_ws/install/service/lib/service
[4.048s] writing list of installed files to '/home/st/edu25/edu25_athome/happy_ws/build/service/install.log'
[4.192s] Invoked command in '/home/st/edu25/edu25_athome/happy_ws/src/service' returned '0': PYTHONPATH=/home/st/edu25/edu25_athome/happy_ws/build/service/prefix_override:/usr/lib/python3/dist-packages/colcon_core/task/python/colcon_distutils_commands:/home/st/edu25/edu25_athome/happy_ws/install/service/lib/python3.10/site-packages:${PYTHONPATH} /usr/bin/python3 -W ignore:setup.py install is deprecated -W ignore:easy_install command is deprecated setup.py egg_info --egg-base ../../build/service build --build-base /home/st/edu25/edu25_athome/happy_ws/build/service/build install --record /home/st/edu25/edu25_athome/happy_ws/build/service/install.log --single-version-externally-managed install_data
