[0.069s] Invoking command in '/home/st/edu25/edu25_athome/happy_ws/build/service_msgs': CMAKE_PREFIX_PATH=${CMAKE_PREFIX_PATH}:/home/st/edu25/edu25_athome/happy_ws/install/service:/home/st/edu25/edu25_athome/happy_ws/install/my_happy:/opt/ros/humble /usr/bin/cmake --build /home/st/edu25/edu25_athome/happy_ws/build/service_msgs -- -j2 -l2
[0.288s] [  3%] Built target service_msgs__cpp
[0.294s] [ 12%] Built target service_msgs__rosidl_generator_c
[0.410s] [ 22%] Built target service_msgs__rosidl_typesupport_fastrtps_cpp
[0.417s] [ 22%] Built target ament_cmake_python_copy_service_msgs
[0.517s] [ 32%] Built target service_msgs__rosidl_typesupport_introspection_cpp
[0.523s] [ 41%] Built target service_msgs__rosidl_typesupport_cpp
[0.616s] [ 61%] Built target service_msgs__rosidl_typesupport_introspection_c
[0.616s] [ 61%] Built target service_msgs__rosidl_typesupport_fastrtps_c
[0.724s] [ 70%] Built target service_msgs__rosidl_typesupport_c
[0.819s] [ 70%] Built target service_msgs
[0.908s] [ 74%] Built target service_msgs__py
[1.006s] [ 80%] Built target service_msgs__rosidl_generator_py
[1.128s] [ 87%] Built target service_msgs__rosidl_typesupport_fastrtps_c__pyext
[1.228s] [ 93%] Built target service_msgs__rosidl_typesupport_introspection_c__pyext
[1.339s] [100%] Built target service_msgs__rosidl_typesupport_c__pyext
[1.495s] running egg_info
[1.502s] writing service_msgs.egg-info/PKG-INFO
[1.502s] writing dependency_links to service_msgs.egg-info/dependency_links.txt
[1.504s] writing top-level names to service_msgs.egg-info/top_level.txt
[1.515s] reading manifest file 'service_msgs.egg-info/SOURCES.txt'
[1.517s] writing manifest file 'service_msgs.egg-info/SOURCES.txt'
[1.604s] [100%] Built target ament_cmake_python_build_service_msgs_egg
[1.657s] Invoked command in '/home/st/edu25/edu25_athome/happy_ws/build/service_msgs' returned '0': CMAKE_PREFIX_PATH=${CMAKE_PREFIX_PATH}:/home/st/edu25/edu25_athome/happy_ws/install/service:/home/st/edu25/edu25_athome/happy_ws/install/my_happy:/opt/ros/humble /usr/bin/cmake --build /home/st/edu25/edu25_athome/happy_ws/build/service_msgs -- -j2 -l2
[1.700s] Invoking command in '/home/st/edu25/edu25_athome/happy_ws/build/service_msgs': CMAKE_PREFIX_PATH=${CMAKE_PREFIX_PATH}:/home/st/edu25/edu25_athome/happy_ws/install/service:/home/st/edu25/edu25_athome/happy_ws/install/my_happy:/opt/ros/humble /usr/bin/cmake --install /home/st/edu25/edu25_athome/happy_ws/build/service_msgs
[1.743s] -- Install configuration: ""
[1.744s] -- Up-to-date: /home/st/edu25/edu25_athome/happy_ws/install/service_msgs/share/ament_index/resource_index/rosidl_interfaces/service_msgs
[1.744s] -- Up-to-date: /home/st/edu25/edu25_athome/happy_ws/install/service_msgs/include/service_msgs/service_msgs
[1.745s] -- Up-to-date: /home/st/edu25/edu25_athome/happy_ws/install/service_msgs/include/service_msgs/service_msgs/srv
[1.745s] -- Up-to-date: /home/st/edu25/edu25_athome/happy_ws/install/service_msgs/include/service_msgs/service_msgs/srv/detail
[1.746s] -- Up-to-date: /home/st/edu25/edu25_athome/happy_ws/install/service_msgs/include/service_msgs/service_msgs/srv/detail/string_command__functions.c
[1.747s] -- Up-to-date: /home/st/edu25/edu25_athome/happy_ws/install/service_msgs/include/service_msgs/service_msgs/srv/detail/string_command__type_support.h
[1.747s] -- Up-to-date: /home/st/edu25/edu25_athome/happy_ws/install/service_msgs/include/service_msgs/service_msgs/srv/detail/string_command__struct.h
[1.747s] -- Up-to-date: /home/st/edu25/edu25_athome/happy_ws/install/service_msgs/include/service_msgs/service_msgs/srv/detail/string_command__functions.h
[1.748s] -- Up-to-date: /home/st/edu25/edu25_athome/happy_ws/install/service_msgs/include/service_msgs/service_msgs/srv/string_command.h
[1.748s] -- Up-to-date: /home/st/edu25/edu25_athome/happy_ws/install/service_msgs/include/service_msgs/service_msgs/msg
[1.748s] -- Up-to-date: /home/st/edu25/edu25_athome/happy_ws/install/service_msgs/include/service_msgs/service_msgs/msg/rosidl_generator_c__visibility_control.h
[1.749s] -- Up-to-date: /home/st/edu25/edu25_athome/happy_ws/install/service_msgs/share/service_msgs/environment/library_path.sh
[1.750s] -- Up-to-date: /home/st/edu25/edu25_athome/happy_ws/install/service_msgs/share/service_msgs/environment/library_path.dsv
[1.750s] -- Up-to-date: /home/st/edu25/edu25_athome/happy_ws/install/service_msgs/lib/libservice_msgs__rosidl_generator_c.so
[1.750s] -- Up-to-date: /home/st/edu25/edu25_athome/happy_ws/install/service_msgs/include/service_msgs/service_msgs
[1.750s] -- Up-to-date: /home/st/edu25/edu25_athome/happy_ws/install/service_msgs/include/service_msgs/service_msgs/srv
[1.751s] -- Up-to-date: /home/st/edu25/edu25_athome/happy_ws/install/service_msgs/include/service_msgs/service_msgs/srv/detail
[1.751s] -- Up-to-date: /home/st/edu25/edu25_athome/happy_ws/install/service_msgs/include/service_msgs/service_msgs/srv/detail/string_command__rosidl_typesupport_fastrtps_c.h
[1.752s] -- Up-to-date: /home/st/edu25/edu25_athome/happy_ws/install/service_msgs/include/service_msgs/service_msgs/msg
[1.752s] -- Up-to-date: /home/st/edu25/edu25_athome/happy_ws/install/service_msgs/include/service_msgs/service_msgs/msg/rosidl_typesupport_fastrtps_c__visibility_control.h
[1.752s] -- Up-to-date: /home/st/edu25/edu25_athome/happy_ws/install/service_msgs/lib/libservice_msgs__rosidl_typesupport_fastrtps_c.so
[1.753s] -- Up-to-date: /home/st/edu25/edu25_athome/happy_ws/install/service_msgs/include/service_msgs/service_msgs
[1.754s] -- Up-to-date: /home/st/edu25/edu25_athome/happy_ws/install/service_msgs/include/service_msgs/service_msgs/srv
[1.754s] -- Up-to-date: /home/st/edu25/edu25_athome/happy_ws/install/service_msgs/include/service_msgs/service_msgs/srv/detail
[1.754s] -- Up-to-date: /home/st/edu25/edu25_athome/happy_ws/install/service_msgs/include/service_msgs/service_msgs/srv/detail/string_command__type_support.c
[1.755s] -- Up-to-date: /home/st/edu25/edu25_athome/happy_ws/install/service_msgs/include/service_msgs/service_msgs/srv/detail/string_command__rosidl_typesupport_introspection_c.h
[1.755s] -- Up-to-date: /home/st/edu25/edu25_athome/happy_ws/install/service_msgs/include/service_msgs/service_msgs/msg
[1.756s] -- Up-to-date: /home/st/edu25/edu25_athome/happy_ws/install/service_msgs/include/service_msgs/service_msgs/msg/rosidl_typesupport_introspection_c__visibility_control.h
[1.756s] -- Up-to-date: /home/st/edu25/edu25_athome/happy_ws/install/service_msgs/lib/libservice_msgs__rosidl_typesupport_introspection_c.so
[1.757s] -- Up-to-date: /home/st/edu25/edu25_athome/happy_ws/install/service_msgs/lib/libservice_msgs__rosidl_typesupport_c.so
[1.759s] -- Up-to-date: /home/st/edu25/edu25_athome/happy_ws/install/service_msgs/include/service_msgs/service_msgs
[1.759s] -- Up-to-date: /home/st/edu25/edu25_athome/happy_ws/install/service_msgs/include/service_msgs/service_msgs/srv
[1.760s] -- Up-to-date: /home/st/edu25/edu25_athome/happy_ws/install/service_msgs/include/service_msgs/service_msgs/srv/string_command.hpp
[1.760s] -- Up-to-date: /home/st/edu25/edu25_athome/happy_ws/install/service_msgs/include/service_msgs/service_msgs/srv/detail
[1.761s] -- Up-to-date: /home/st/edu25/edu25_athome/happy_ws/install/service_msgs/include/service_msgs/service_msgs/srv/detail/string_command__struct.hpp
[1.761s] -- Up-to-date: /home/st/edu25/edu25_athome/happy_ws/install/service_msgs/include/service_msgs/service_msgs/srv/detail/string_command__traits.hpp
[1.761s] -- Up-to-date: /home/st/edu25/edu25_athome/happy_ws/install/service_msgs/include/service_msgs/service_msgs/srv/detail/string_command__type_support.hpp
[1.762s] -- Up-to-date: /home/st/edu25/edu25_athome/happy_ws/install/service_msgs/include/service_msgs/service_msgs/srv/detail/string_command__builder.hpp
[1.762s] -- Up-to-date: /home/st/edu25/edu25_athome/happy_ws/install/service_msgs/include/service_msgs/service_msgs/msg
[1.763s] -- Up-to-date: /home/st/edu25/edu25_athome/happy_ws/install/service_msgs/include/service_msgs/service_msgs/msg/rosidl_generator_cpp__visibility_control.hpp
[1.763s] -- Up-to-date: /home/st/edu25/edu25_athome/happy_ws/install/service_msgs/include/service_msgs/service_msgs
[1.763s] -- Up-to-date: /home/st/edu25/edu25_athome/happy_ws/install/service_msgs/include/service_msgs/service_msgs/srv
[1.764s] -- Up-to-date: /home/st/edu25/edu25_athome/happy_ws/install/service_msgs/include/service_msgs/service_msgs/srv/detail
[1.764s] -- Up-to-date: /home/st/edu25/edu25_athome/happy_ws/install/service_msgs/include/service_msgs/service_msgs/srv/detail/string_command__rosidl_typesupport_fastrtps_cpp.hpp
[1.764s] -- Up-to-date: /home/st/edu25/edu25_athome/happy_ws/install/service_msgs/include/service_msgs/service_msgs/srv/detail/dds_fastrtps
[1.765s] -- Up-to-date: /home/st/edu25/edu25_athome/happy_ws/install/service_msgs/include/service_msgs/service_msgs/msg
[1.765s] -- Up-to-date: /home/st/edu25/edu25_athome/happy_ws/install/service_msgs/include/service_msgs/service_msgs/msg/rosidl_typesupport_fastrtps_cpp__visibility_control.h
[1.765s] -- Up-to-date: /home/st/edu25/edu25_athome/happy_ws/install/service_msgs/lib/libservice_msgs__rosidl_typesupport_fastrtps_cpp.so
[1.766s] -- Up-to-date: /home/st/edu25/edu25_athome/happy_ws/install/service_msgs/include/service_msgs/service_msgs
[1.766s] -- Up-to-date: /home/st/edu25/edu25_athome/happy_ws/install/service_msgs/include/service_msgs/service_msgs/srv
[1.767s] -- Up-to-date: /home/st/edu25/edu25_athome/happy_ws/install/service_msgs/include/service_msgs/service_msgs/srv/detail
[1.767s] -- Up-to-date: /home/st/edu25/edu25_athome/happy_ws/install/service_msgs/include/service_msgs/service_msgs/srv/detail/string_command__type_support.cpp
[1.768s] -- Up-to-date: /home/st/edu25/edu25_athome/happy_ws/install/service_msgs/include/service_msgs/service_msgs/srv/detail/string_command__rosidl_typesupport_introspection_cpp.hpp
[1.768s] -- Up-to-date: /home/st/edu25/edu25_athome/happy_ws/install/service_msgs/lib/libservice_msgs__rosidl_typesupport_introspection_cpp.so
[1.770s] -- Up-to-date: /home/st/edu25/edu25_athome/happy_ws/install/service_msgs/lib/libservice_msgs__rosidl_typesupport_cpp.so
[1.771s] -- Up-to-date: /home/st/edu25/edu25_athome/happy_ws/install/service_msgs/share/service_msgs/environment/pythonpath.sh
[1.772s] -- Up-to-date: /home/st/edu25/edu25_athome/happy_ws/install/service_msgs/share/service_msgs/environment/pythonpath.dsv
[1.772s] -- Up-to-date: /home/st/edu25/edu25_athome/happy_ws/install/service_msgs/local/lib/python3.10/dist-packages/service_msgs-0.0.0-py3.10.egg-info
[1.772s] -- Installing: /home/st/edu25/edu25_athome/happy_ws/install/service_msgs/local/lib/python3.10/dist-packages/service_msgs-0.0.0-py3.10.egg-info/SOURCES.txt
[1.773s] -- Installing: /home/st/edu25/edu25_athome/happy_ws/install/service_msgs/local/lib/python3.10/dist-packages/service_msgs-0.0.0-py3.10.egg-info/top_level.txt
[1.774s] -- Installing: /home/st/edu25/edu25_athome/happy_ws/install/service_msgs/local/lib/python3.10/dist-packages/service_msgs-0.0.0-py3.10.egg-info/PKG-INFO
[1.774s] -- Installing: /home/st/edu25/edu25_athome/happy_ws/install/service_msgs/local/lib/python3.10/dist-packages/service_msgs-0.0.0-py3.10.egg-info/dependency_links.txt
[1.775s] -- Up-to-date: /home/st/edu25/edu25_athome/happy_ws/install/service_msgs/local/lib/python3.10/dist-packages/service_msgs
[1.775s] -- Up-to-date: /home/st/edu25/edu25_athome/happy_ws/install/service_msgs/local/lib/python3.10/dist-packages/service_msgs/libservice_msgs__rosidl_generator_py.so
[1.776s] -- Up-to-date: /home/st/edu25/edu25_athome/happy_ws/install/service_msgs/local/lib/python3.10/dist-packages/service_msgs/service_msgs_s__rosidl_typesupport_fastrtps_c.cpython-310-x86_64-linux-gnu.so
[1.777s] -- Up-to-date: /home/st/edu25/edu25_athome/happy_ws/install/service_msgs/local/lib/python3.10/dist-packages/service_msgs/_service_msgs_s.ep.rosidl_typesupport_introspection_c.c
[1.777s] -- Up-to-date: /home/st/edu25/edu25_athome/happy_ws/install/service_msgs/local/lib/python3.10/dist-packages/service_msgs/srv
[1.777s] -- Up-to-date: /home/st/edu25/edu25_athome/happy_ws/install/service_msgs/local/lib/python3.10/dist-packages/service_msgs/srv/__init__.py
[1.778s] -- Up-to-date: /home/st/edu25/edu25_athome/happy_ws/install/service_msgs/local/lib/python3.10/dist-packages/service_msgs/srv/_string_command.py
[1.778s] -- Up-to-date: /home/st/edu25/edu25_athome/happy_ws/install/service_msgs/local/lib/python3.10/dist-packages/service_msgs/srv/_string_command_s.c
[1.778s] -- Up-to-date: /home/st/edu25/edu25_athome/happy_ws/install/service_msgs/local/lib/python3.10/dist-packages/service_msgs/__init__.py
[1.779s] -- Up-to-date: /home/st/edu25/edu25_athome/happy_ws/install/service_msgs/local/lib/python3.10/dist-packages/service_msgs/service_msgs_s__rosidl_typesupport_c.cpython-310-x86_64-linux-gnu.so
[1.779s] -- Up-to-date: /home/st/edu25/edu25_athome/happy_ws/install/service_msgs/local/lib/python3.10/dist-packages/service_msgs/_service_msgs_s.ep.rosidl_typesupport_c.c
[1.779s] -- Up-to-date: /home/st/edu25/edu25_athome/happy_ws/install/service_msgs/local/lib/python3.10/dist-packages/service_msgs/service_msgs_s__rosidl_typesupport_introspection_c.cpython-310-x86_64-linux-gnu.so
[1.779s] -- Up-to-date: /home/st/edu25/edu25_athome/happy_ws/install/service_msgs/local/lib/python3.10/dist-packages/service_msgs/_service_msgs_s.ep.rosidl_typesupport_fastrtps_c.c
[1.894s] Listing '/home/st/edu25/edu25_athome/happy_ws/install/service_msgs/local/lib/python3.10/dist-packages/service_msgs'...
[1.894s] Listing '/home/st/edu25/edu25_athome/happy_ws/install/service_msgs/local/lib/python3.10/dist-packages/service_msgs/srv'...
[1.905s] -- Up-to-date: /home/st/edu25/edu25_athome/happy_ws/install/service_msgs/local/lib/python3.10/dist-packages/service_msgs/service_msgs_s__rosidl_typesupport_fastrtps_c.cpython-310-x86_64-linux-gnu.so
[1.906s] -- Up-to-date: /home/st/edu25/edu25_athome/happy_ws/install/service_msgs/local/lib/python3.10/dist-packages/service_msgs/service_msgs_s__rosidl_typesupport_introspection_c.cpython-310-x86_64-linux-gnu.so
[1.910s] -- Up-to-date: /home/st/edu25/edu25_athome/happy_ws/install/service_msgs/local/lib/python3.10/dist-packages/service_msgs/service_msgs_s__rosidl_typesupport_c.cpython-310-x86_64-linux-gnu.so
[1.911s] -- Up-to-date: /home/st/edu25/edu25_athome/happy_ws/install/service_msgs/lib/libservice_msgs__rosidl_generator_py.so
[1.912s] -- Up-to-date: /home/st/edu25/edu25_athome/happy_ws/install/service_msgs/share/service_msgs/srv/StringCommand.idl
[1.913s] -- Up-to-date: /home/st/edu25/edu25_athome/happy_ws/install/service_msgs/share/service_msgs/srv/StringCommand.srv
[1.914s] -- Up-to-date: /home/st/edu25/edu25_athome/happy_ws/install/service_msgs/share/service_msgs/srv/StringCommand_Request.msg
[1.915s] -- Up-to-date: /home/st/edu25/edu25_athome/happy_ws/install/service_msgs/share/service_msgs/srv/StringCommand_Response.msg
[1.915s] -- Up-to-date: /home/st/edu25/edu25_athome/happy_ws/install/service_msgs/share/ament_index/resource_index/package_run_dependencies/service_msgs
[1.915s] -- Up-to-date: /home/st/edu25/edu25_athome/happy_ws/install/service_msgs/share/ament_index/resource_index/parent_prefix_path/service_msgs
[1.916s] -- Up-to-date: /home/st/edu25/edu25_athome/happy_ws/install/service_msgs/share/service_msgs/environment/ament_prefix_path.sh
[1.917s] -- Up-to-date: /home/st/edu25/edu25_athome/happy_ws/install/service_msgs/share/service_msgs/environment/ament_prefix_path.dsv
[1.918s] -- Up-to-date: /home/st/edu25/edu25_athome/happy_ws/install/service_msgs/share/service_msgs/environment/path.sh
[1.918s] -- Up-to-date: /home/st/edu25/edu25_athome/happy_ws/install/service_msgs/share/service_msgs/environment/path.dsv
[1.918s] -- Up-to-date: /home/st/edu25/edu25_athome/happy_ws/install/service_msgs/share/service_msgs/local_setup.bash
[1.919s] -- Up-to-date: /home/st/edu25/edu25_athome/happy_ws/install/service_msgs/share/service_msgs/local_setup.sh
[1.919s] -- Up-to-date: /home/st/edu25/edu25_athome/happy_ws/install/service_msgs/share/service_msgs/local_setup.zsh
[1.919s] -- Up-to-date: /home/st/edu25/edu25_athome/happy_ws/install/service_msgs/share/service_msgs/local_setup.dsv
[1.920s] -- Installing: /home/st/edu25/edu25_athome/happy_ws/install/service_msgs/share/service_msgs/package.dsv
[1.920s] -- Up-to-date: /home/st/edu25/edu25_athome/happy_ws/install/service_msgs/share/ament_index/resource_index/packages/service_msgs
[1.920s] -- Up-to-date: /home/st/edu25/edu25_athome/happy_ws/install/service_msgs/share/service_msgs/cmake/export_service_msgs__rosidl_generator_cExport.cmake
[1.921s] -- Up-to-date: /home/st/edu25/edu25_athome/happy_ws/install/service_msgs/share/service_msgs/cmake/export_service_msgs__rosidl_generator_cExport-noconfig.cmake
[1.921s] -- Up-to-date: /home/st/edu25/edu25_athome/happy_ws/install/service_msgs/share/service_msgs/cmake/export_service_msgs__rosidl_typesupport_fastrtps_cExport.cmake
[1.922s] -- Up-to-date: /home/st/edu25/edu25_athome/happy_ws/install/service_msgs/share/service_msgs/cmake/export_service_msgs__rosidl_typesupport_fastrtps_cExport-noconfig.cmake
[1.922s] -- Up-to-date: /home/st/edu25/edu25_athome/happy_ws/install/service_msgs/share/service_msgs/cmake/service_msgs__rosidl_typesupport_introspection_cExport.cmake
[1.922s] -- Up-to-date: /home/st/edu25/edu25_athome/happy_ws/install/service_msgs/share/service_msgs/cmake/service_msgs__rosidl_typesupport_introspection_cExport-noconfig.cmake
[1.922s] -- Up-to-date: /home/st/edu25/edu25_athome/happy_ws/install/service_msgs/share/service_msgs/cmake/service_msgs__rosidl_typesupport_cExport.cmake
[1.923s] -- Up-to-date: /home/st/edu25/edu25_athome/happy_ws/install/service_msgs/share/service_msgs/cmake/service_msgs__rosidl_typesupport_cExport-noconfig.cmake
[1.923s] -- Up-to-date: /home/st/edu25/edu25_athome/happy_ws/install/service_msgs/share/service_msgs/cmake/export_service_msgs__rosidl_generator_cppExport.cmake
[1.924s] -- Up-to-date: /home/st/edu25/edu25_athome/happy_ws/install/service_msgs/share/service_msgs/cmake/export_service_msgs__rosidl_typesupport_fastrtps_cppExport.cmake
[1.924s] -- Up-to-date: /home/st/edu25/edu25_athome/happy_ws/install/service_msgs/share/service_msgs/cmake/export_service_msgs__rosidl_typesupport_fastrtps_cppExport-noconfig.cmake
[1.924s] -- Up-to-date: /home/st/edu25/edu25_athome/happy_ws/install/service_msgs/share/service_msgs/cmake/service_msgs__rosidl_typesupport_introspection_cppExport.cmake
[1.924s] -- Up-to-date: /home/st/edu25/edu25_athome/happy_ws/install/service_msgs/share/service_msgs/cmake/service_msgs__rosidl_typesupport_introspection_cppExport-noconfig.cmake
[1.925s] -- Up-to-date: /home/st/edu25/edu25_athome/happy_ws/install/service_msgs/share/service_msgs/cmake/service_msgs__rosidl_typesupport_cppExport.cmake
[1.925s] -- Up-to-date: /home/st/edu25/edu25_athome/happy_ws/install/service_msgs/share/service_msgs/cmake/service_msgs__rosidl_typesupport_cppExport-noconfig.cmake
[1.925s] -- Up-to-date: /home/st/edu25/edu25_athome/happy_ws/install/service_msgs/share/service_msgs/cmake/export_service_msgs__rosidl_generator_pyExport.cmake
[1.925s] -- Up-to-date: /home/st/edu25/edu25_athome/happy_ws/install/service_msgs/share/service_msgs/cmake/export_service_msgs__rosidl_generator_pyExport-noconfig.cmake
[1.925s] -- Up-to-date: /home/st/edu25/edu25_athome/happy_ws/install/service_msgs/share/service_msgs/cmake/rosidl_cmake-extras.cmake
[1.926s] -- Up-to-date: /home/st/edu25/edu25_athome/happy_ws/install/service_msgs/share/service_msgs/cmake/ament_cmake_export_include_directories-extras.cmake
[1.926s] -- Up-to-date: /home/st/edu25/edu25_athome/happy_ws/install/service_msgs/share/service_msgs/cmake/ament_cmake_export_libraries-extras.cmake
[1.927s] -- Up-to-date: /home/st/edu25/edu25_athome/happy_ws/install/service_msgs/share/service_msgs/cmake/ament_cmake_export_targets-extras.cmake
[1.927s] -- Up-to-date: /home/st/edu25/edu25_athome/happy_ws/install/service_msgs/share/service_msgs/cmake/rosidl_cmake_export_typesupport_targets-extras.cmake
[1.928s] -- Up-to-date: /home/st/edu25/edu25_athome/happy_ws/install/service_msgs/share/service_msgs/cmake/ament_cmake_export_dependencies-extras.cmake
[1.928s] -- Up-to-date: /home/st/edu25/edu25_athome/happy_ws/install/service_msgs/share/service_msgs/cmake/rosidl_cmake_export_typesupport_libraries-extras.cmake
[1.929s] -- Up-to-date: /home/st/edu25/edu25_athome/happy_ws/install/service_msgs/share/service_msgs/cmake/service_msgsConfig.cmake
[1.930s] -- Up-to-date: /home/st/edu25/edu25_athome/happy_ws/install/service_msgs/share/service_msgs/cmake/service_msgsConfig-version.cmake
[1.930s] -- Up-to-date: /home/st/edu25/edu25_athome/happy_ws/install/service_msgs/share/service_msgs/package.xml
[1.933s] Invoked command in '/home/st/edu25/edu25_athome/happy_ws/build/service_msgs' returned '0': CMAKE_PREFIX_PATH=${CMAKE_PREFIX_PATH}:/home/st/edu25/edu25_athome/happy_ws/install/service:/home/st/edu25/edu25_athome/happy_ws/install/my_happy:/opt/ros/humble /usr/bin/cmake --install /home/st/edu25/edu25_athome/happy_ws/build/service_msgs
