[3.007s] Invoking command in '/home/st/edu25/edu25_athome/happy_ws/src/service': PYTHONPATH=/home/st/edu25/edu25_athome/happy_ws/build/service/prefix_override:/usr/lib/python3/dist-packages/colcon_core/task/python/colcon_distutils_commands:/home/st/edu25/edu25_athome/happy_ws/install/service/lib/python3.10/site-packages:${PYTHONPATH} /usr/bin/python3 -W ignore:setup.py install is deprecated -W ignore:easy_install command is deprecated setup.py egg_info --egg-base ../../build/service build --build-base /home/st/edu25/edu25_athome/happy_ws/build/service/build install --record /home/st/edu25/edu25_athome/happy_ws/build/service/install.log --single-version-externally-managed install_data
[3.873s] running egg_info
[3.874s] writing ../../build/service/service.egg-info/PKG-INFO
[3.875s] writing dependency_links to ../../build/service/service.egg-info/dependency_links.txt
[3.877s] writing entry points to ../../build/service/service.egg-info/entry_points.txt
[3.878s] writing requirements to ../../build/service/service.egg-info/requires.txt
[3.880s] writing top-level names to ../../build/service/service.egg-info/top_level.txt
[3.888s] reading manifest file '../../build/service/service.egg-info/SOURCES.txt'
[3.892s] writing manifest file '../../build/service/service.egg-info/SOURCES.txt'
[3.895s] running build
[3.895s] running build_py
[3.895s] copying service/server.py -> /home/st/edu25/edu25_athome/happy_ws/build/service/build/lib/service
[3.897s] running install
[3.899s] running install_lib
[3.902s] copying /home/st/edu25/edu25_athome/happy_ws/build/service/build/lib/service/server.py -> /home/st/edu25/edu25_athome/happy_ws/install/service/lib/python3.10/site-packages/service
[3.906s] byte-compiling /home/st/edu25/edu25_athome/happy_ws/install/service/lib/python3.10/site-packages/service/server.py to server.cpython-310.pyc
[3.907s] running install_data
[3.908s] running install_egg_info
[3.916s] removing '/home/st/edu25/edu25_athome/happy_ws/install/service/lib/python3.10/site-packages/service-0.0.0-py3.10.egg-info' (and everything under it)
[3.917s] Copying ../../build/service/service.egg-info to /home/st/edu25/edu25_athome/happy_ws/install/service/lib/python3.10/site-packages/service-0.0.0-py3.10.egg-info
[3.922s] running install_scripts
[4.005s] Installing server script to /home/st/edu25/edu25_athome/happy_ws/install/service/lib/service
[4.008s] writing list of installed files to '/home/st/edu25/edu25_athome/happy_ws/build/service/install.log'
[4.105s] Invoked command in '/home/st/edu25/edu25_athome/happy_ws/src/service' returned '0': PYTHONPATH=/home/st/edu25/edu25_athome/happy_ws/build/service/prefix_override:/usr/lib/python3/dist-packages/colcon_core/task/python/colcon_distutils_commands:/home/st/edu25/edu25_athome/happy_ws/install/service/lib/python3.10/site-packages:${PYTHONPATH} /usr/bin/python3 -W ignore:setup.py install is deprecated -W ignore:easy_install command is deprecated setup.py egg_info --egg-base ../../build/service build --build-base /home/st/edu25/edu25_athome/happy_ws/build/service/build install --record /home/st/edu25/edu25_athome/happy_ws/build/service/install.log --single-version-externally-managed install_data
