[2.872s] Invoking command in '/home/st/edu25/edu25_athome/happy_ws/src/my_happy': PYTHONPATH=/home/st/edu25/edu25_athome/happy_ws/build/my_happy/prefix_override:/usr/lib/python3/dist-packages/colcon_core/task/python/colcon_distutils_commands:/home/st/edu25/edu25_athome/happy_ws/install/my_happy/lib/python3.10/site-packages:${PYTHONPATH} /usr/bin/python3 -W ignore:setup.py install is deprecated -W ignore:easy_install command is deprecated setup.py egg_info --egg-base ../../build/my_happy build --build-base /home/st/edu25/edu25_athome/happy_ws/build/my_happy/build install --record /home/st/edu25/edu25_athome/happy_ws/build/my_happy/install.log --single-version-externally-managed install_data
[3.678s] running egg_info
[3.682s] writing ../../build/my_happy/my_happy.egg-info/PKG-INFO
[3.683s] writing dependency_links to ../../build/my_happy/my_happy.egg-info/dependency_links.txt
[3.685s] writing entry points to ../../build/my_happy/my_happy.egg-info/entry_points.txt
[3.686s] writing requirements to ../../build/my_happy/my_happy.egg-info/requires.txt
[3.686s] writing top-level names to ../../build/my_happy/my_happy.egg-info/top_level.txt
[3.693s] reading manifest file '../../build/my_happy/my_happy.egg-info/SOURCES.txt'
[3.694s] writing manifest file '../../build/my_happy/my_happy.egg-info/SOURCES.txt'
[3.697s] running build
[3.699s] running build_py
[3.699s] running install
[3.699s] running install_lib
[3.706s] running install_data
[3.707s] running install_egg_info
[3.710s] removing '/home/st/edu25/edu25_athome/happy_ws/install/my_happy/lib/python3.10/site-packages/my_happy-0.0.0-py3.10.egg-info' (and everything under it)
[3.711s] Copying ../../build/my_happy/my_happy.egg-info to /home/st/edu25/edu25_athome/happy_ws/install/my_happy/lib/python3.10/site-packages/my_happy-0.0.0-py3.10.egg-info
[3.716s] running install_scripts
[3.773s] Installing happy_node script to /home/st/edu25/edu25_athome/happy_ws/install/my_happy/lib/my_happy
[3.775s] writing list of installed files to '/home/st/edu25/edu25_athome/happy_ws/build/my_happy/install.log'
[3.862s] Invoked command in '/home/st/edu25/edu25_athome/happy_ws/src/my_happy' returned '0': PYTHONPATH=/home/st/edu25/edu25_athome/happy_ws/build/my_happy/prefix_override:/usr/lib/python3/dist-packages/colcon_core/task/python/colcon_distutils_commands:/home/st/edu25/edu25_athome/happy_ws/install/my_happy/lib/python3.10/site-packages:${PYTHONPATH} /usr/bin/python3 -W ignore:setup.py install is deprecated -W ignore:easy_install command is deprecated setup.py egg_info --egg-base ../../build/my_happy build --build-base /home/st/edu25/edu25_athome/happy_ws/build/my_happy/build install --record /home/st/edu25/edu25_athome/happy_ws/build/my_happy/install.log --single-version-externally-managed install_data
