[2.839s] Invoking command in '/home/st/edu25/edu25_athome/happy_ws/src/service': PYTHONPATH=/home/st/edu25/edu25_athome/happy_ws/build/service/prefix_override:/usr/lib/python3/dist-packages/colcon_core/task/python/colcon_distutils_commands:/home/st/edu25/edu25_athome/happy_ws/install/service/lib/python3.10/site-packages:${PYTHONPATH} /usr/bin/python3 -W ignore:setup.py install is deprecated -W ignore:easy_install command is deprecated setup.py egg_info --egg-base ../../build/service build --build-base /home/st/edu25/edu25_athome/happy_ws/build/service/build install --record /home/st/edu25/edu25_athome/happy_ws/build/service/install.log --single-version-externally-managed install_data
[3.712s] running egg_info
[3.715s] writing ../../build/service/service.egg-info/PKG-INFO
[3.718s] writing dependency_links to ../../build/service/service.egg-info/dependency_links.txt
[3.720s] writing entry points to ../../build/service/service.egg-info/entry_points.txt
[3.721s] writing requirements to ../../build/service/service.egg-info/requires.txt
[3.722s] writing top-level names to ../../build/service/service.egg-info/top_level.txt
[3.733s] reading manifest file '../../build/service/service.egg-info/SOURCES.txt'
[3.736s] writing manifest file '../../build/service/service.egg-info/SOURCES.txt'
[3.738s] running build
[3.739s] running build_py
[3.742s] running install
[3.742s] running install_lib
[3.747s] running install_data
[3.748s] running install_egg_info
[3.755s] removing '/home/st/edu25/edu25_athome/happy_ws/install/service/lib/python3.10/site-packages/service-0.0.0-py3.10.egg-info' (and everything under it)
[3.759s] Copying ../../build/service/service.egg-info to /home/st/edu25/edu25_athome/happy_ws/install/service/lib/python3.10/site-packages/service-0.0.0-py3.10.egg-info
[3.763s] running install_scripts
[3.869s] writing list of installed files to '/home/st/edu25/edu25_athome/happy_ws/build/service/install.log'
[3.963s] Invoked command in '/home/st/edu25/edu25_athome/happy_ws/src/service' returned '0': PYTHONPATH=/home/st/edu25/edu25_athome/happy_ws/build/service/prefix_override:/usr/lib/python3/dist-packages/colcon_core/task/python/colcon_distutils_commands:/home/st/edu25/edu25_athome/happy_ws/install/service/lib/python3.10/site-packages:${PYTHONPATH} /usr/bin/python3 -W ignore:setup.py install is deprecated -W ignore:easy_install command is deprecated setup.py egg_info --egg-base ../../build/service build --build-base /home/st/edu25/edu25_athome/happy_ws/build/service/build install --record /home/st/edu25/edu25_athome/happy_ws/build/service/install.log --single-version-externally-managed install_data
