[0.341s] DEBUG:colcon:Command line arguments: ['/usr/bin/colcon', 'build']
[0.342s] DEBUG:colcon:Parsed command line arguments: Namespace(log_base=None, log_level=None, verb_name='build', build_base='build', install_base='install', merge_install=False, symlink_install=False, test_result_base=None, continue_on_error=False, executor='parallel', parallel_workers=2, event_handlers=None, ignore_user_meta=False, metas=['./colcon.meta'], base_paths=['.'], packages_ignore=None, packages_ignore_regex=None, paths=None, packages_up_to=None, packages_up_to_regex=None, packages_above=None, packages_above_and_dependencies=None, packages_above_depth=None, packages_select_by_dep=None, packages_skip_by_dep=None, packages_skip_up_to=None, packages_select_build_failed=False, packages_skip_build_finished=False, packages_select_test_failures=False, packages_skip_test_passed=False, packages_select=None, packages_skip=None, packages_select_regex=None, packages_skip_regex=None, packages_start=None, packages_end=None, allow_overriding=[], cmake_args=None, cmake_target=None, cmake_target_skip_unavailable=False, cmake_clean_cache=False, cmake_clean_first=False, cmake_force_configure=False, ament_cmake_args=None, catkin_cmake_args=None, catkin_skip_building_tests=False, verb_parser=<colcon_defaults.argument_parser.defaults.DefaultArgumentsDecorator object at 0x76211d31fbb0>, verb_extension=<colcon_core.verb.build.BuildVerb object at 0x76211d4c9630>, main=<bound method BuildVerb.main of <colcon_core.verb.build.BuildVerb object at 0x76211d4c9630>>)
[0.888s] Level 1:colcon.colcon_core.package_discovery:discover_packages(colcon_meta) check parameters
[0.889s] Level 1:colcon.colcon_core.package_discovery:discover_packages(recursive) check parameters
[0.889s] Level 1:colcon.colcon_core.package_discovery:discover_packages(ignore) check parameters
[0.889s] Level 1:colcon.colcon_core.package_discovery:discover_packages(path) check parameters
[0.889s] Level 1:colcon.colcon_core.package_discovery:discover_packages(colcon_meta) discover
[0.889s] Level 1:colcon.colcon_core.package_discovery:discover_packages(recursive) discover
[0.889s] INFO:colcon.colcon_core.package_discovery:Crawling recursively for packages in '/home/st/edu25/edu25_athome/happy_ws'
[0.890s] Level 1:colcon.colcon_core.package_identification:_identify(.) by extensions ['ignore', 'ignore_ament_install']
[0.890s] Level 1:colcon.colcon_core.package_identification:_identify(.) by extension 'ignore'
[0.890s] Level 1:colcon.colcon_core.package_identification:_identify(.) by extension 'ignore_ament_install'
[0.890s] Level 1:colcon.colcon_core.package_identification:_identify(.) by extensions ['colcon_pkg']
[0.890s] Level 1:colcon.colcon_core.package_identification:_identify(.) by extension 'colcon_pkg'
[0.891s] Level 1:colcon.colcon_core.package_identification:_identify(.) by extensions ['colcon_meta']
[0.891s] Level 1:colcon.colcon_core.package_identification:_identify(.) by extension 'colcon_meta'
[0.891s] Level 1:colcon.colcon_core.package_identification:_identify(.) by extensions ['ros']
[0.891s] Level 1:colcon.colcon_core.package_identification:_identify(.) by extension 'ros'
[0.926s] Level 1:colcon.colcon_core.package_identification:_identify(.) by extensions ['cmake', 'python']
[0.926s] Level 1:colcon.colcon_core.package_identification:_identify(.) by extension 'cmake'
[0.927s] Level 1:colcon.colcon_core.package_identification:_identify(.) by extension 'python'
[0.927s] Level 1:colcon.colcon_core.package_identification:_identify(.) by extensions ['python_setup_py']
[0.927s] Level 1:colcon.colcon_core.package_identification:_identify(.) by extension 'python_setup_py'
[0.927s] Level 1:colcon.colcon_core.package_identification:_identify(build) by extensions ['ignore', 'ignore_ament_install']
[0.928s] Level 1:colcon.colcon_core.package_identification:_identify(build) by extension 'ignore'
[0.928s] Level 1:colcon.colcon_core.package_identification:_identify(build) ignored
[0.929s] Level 1:colcon.colcon_core.package_identification:_identify(install) by extensions ['ignore', 'ignore_ament_install']
[0.929s] Level 1:colcon.colcon_core.package_identification:_identify(install) by extension 'ignore'
[0.929s] Level 1:colcon.colcon_core.package_identification:_identify(install) ignored
[0.930s] Level 1:colcon.colcon_core.package_identification:_identify(log) by extensions ['ignore', 'ignore_ament_install']
[0.930s] Level 1:colcon.colcon_core.package_identification:_identify(log) by extension 'ignore'
[0.930s] Level 1:colcon.colcon_core.package_identification:_identify(log) ignored
[0.930s] Level 1:colcon.colcon_core.package_identification:_identify(src) by extensions ['ignore', 'ignore_ament_install']
[0.931s] Level 1:colcon.colcon_core.package_identification:_identify(src) by extension 'ignore'
[0.931s] Level 1:colcon.colcon_core.package_identification:_identify(src) by extension 'ignore_ament_install'
[0.931s] Level 1:colcon.colcon_core.package_identification:_identify(src) by extensions ['colcon_pkg']
[0.931s] Level 1:colcon.colcon_core.package_identification:_identify(src) by extension 'colcon_pkg'
[0.931s] Level 1:colcon.colcon_core.package_identification:_identify(src) by extensions ['colcon_meta']
[0.931s] Level 1:colcon.colcon_core.package_identification:_identify(src) by extension 'colcon_meta'
[0.932s] Level 1:colcon.colcon_core.package_identification:_identify(src) by extensions ['ros']
[0.932s] Level 1:colcon.colcon_core.package_identification:_identify(src) by extension 'ros'
[0.932s] Level 1:colcon.colcon_core.package_identification:_identify(src) by extensions ['cmake', 'python']
[0.932s] Level 1:colcon.colcon_core.package_identification:_identify(src) by extension 'cmake'
[0.932s] Level 1:colcon.colcon_core.package_identification:_identify(src) by extension 'python'
[0.932s] Level 1:colcon.colcon_core.package_identification:_identify(src) by extensions ['python_setup_py']
[0.933s] Level 1:colcon.colcon_core.package_identification:_identify(src) by extension 'python_setup_py'
[0.933s] Level 1:colcon.colcon_core.package_identification:_identify(src/my_happy) by extensions ['ignore', 'ignore_ament_install']
[0.933s] Level 1:colcon.colcon_core.package_identification:_identify(src/my_happy) by extension 'ignore'
[0.933s] Level 1:colcon.colcon_core.package_identification:_identify(src/my_happy) by extension 'ignore_ament_install'
[0.934s] Level 1:colcon.colcon_core.package_identification:_identify(src/my_happy) by extensions ['colcon_pkg']
[0.934s] Level 1:colcon.colcon_core.package_identification:_identify(src/my_happy) by extension 'colcon_pkg'
[0.934s] Level 1:colcon.colcon_core.package_identification:_identify(src/my_happy) by extensions ['colcon_meta']
[0.934s] Level 1:colcon.colcon_core.package_identification:_identify(src/my_happy) by extension 'colcon_meta'
[0.934s] Level 1:colcon.colcon_core.package_identification:_identify(src/my_happy) by extensions ['ros']
[0.934s] Level 1:colcon.colcon_core.package_identification:_identify(src/my_happy) by extension 'ros'
[0.941s] DEBUG:colcon.colcon_core.package_identification:Package 'src/my_happy' with type 'ros.ament_python' and name 'my_happy'
[0.941s] Level 1:colcon.colcon_core.package_identification:_identify(src/service) by extensions ['ignore', 'ignore_ament_install']
[0.941s] Level 1:colcon.colcon_core.package_identification:_identify(src/service) by extension 'ignore'
[0.941s] Level 1:colcon.colcon_core.package_identification:_identify(src/service) by extension 'ignore_ament_install'
[0.942s] Level 1:colcon.colcon_core.package_identification:_identify(src/service) by extensions ['colcon_pkg']
[0.942s] Level 1:colcon.colcon_core.package_identification:_identify(src/service) by extension 'colcon_pkg'
[0.942s] Level 1:colcon.colcon_core.package_identification:_identify(src/service) by extensions ['colcon_meta']
[0.942s] Level 1:colcon.colcon_core.package_identification:_identify(src/service) by extension 'colcon_meta'
[0.942s] Level 1:colcon.colcon_core.package_identification:_identify(src/service) by extensions ['ros']
[0.942s] Level 1:colcon.colcon_core.package_identification:_identify(src/service) by extension 'ros'
[0.944s] DEBUG:colcon.colcon_core.package_identification:Package 'src/service' with type 'ros.ament_python' and name 'service'
[0.945s] Level 1:colcon.colcon_core.package_identification:_identify(src/service_msgs) by extensions ['ignore', 'ignore_ament_install']
[0.945s] Level 1:colcon.colcon_core.package_identification:_identify(src/service_msgs) by extension 'ignore'
[0.945s] Level 1:colcon.colcon_core.package_identification:_identify(src/service_msgs) by extension 'ignore_ament_install'
[0.945s] Level 1:colcon.colcon_core.package_identification:_identify(src/service_msgs) by extensions ['colcon_pkg']
[0.945s] Level 1:colcon.colcon_core.package_identification:_identify(src/service_msgs) by extension 'colcon_pkg'
[0.945s] Level 1:colcon.colcon_core.package_identification:_identify(src/service_msgs) by extensions ['colcon_meta']
[0.946s] Level 1:colcon.colcon_core.package_identification:_identify(src/service_msgs) by extension 'colcon_meta'
[0.946s] Level 1:colcon.colcon_core.package_identification:_identify(src/service_msgs) by extensions ['ros']
[0.946s] Level 1:colcon.colcon_core.package_identification:_identify(src/service_msgs) by extension 'ros'
[0.947s] DEBUG:colcon.colcon_core.package_identification:Package 'src/service_msgs' with type 'ros.ament_cmake' and name 'service_msgs'
[0.948s] Level 1:colcon.colcon_core.package_discovery:discover_packages(recursive) using defaults
[0.948s] Level 1:colcon.colcon_core.package_discovery:discover_packages(ignore) discover
[0.948s] Level 1:colcon.colcon_core.package_discovery:discover_packages(ignore) using defaults
[0.948s] Level 1:colcon.colcon_core.package_discovery:discover_packages(path) discover
[0.948s] Level 1:colcon.colcon_core.package_discovery:discover_packages(path) using defaults
[1.011s] Level 1:colcon.colcon_core.package_discovery:discover_packages(prefix_path) check parameters
[1.012s] Level 1:colcon.colcon_core.package_discovery:discover_packages(prefix_path) discover
[1.018s] DEBUG:colcon.colcon_installed_package_information.package_discovery:Found 3 installed packages in /home/st/edu25/edu25_athome/happy_ws/install
[1.024s] DEBUG:colcon.colcon_installed_package_information.package_discovery:Found 271 installed packages in /opt/ros/humble
[1.033s] Level 1:colcon.colcon_core.package_discovery:discover_packages(prefix_path) using defaults
[1.194s] Level 5:colcon.colcon_core.verb:set package 'my_happy' build argument 'cmake_args' from command line to 'None'
[1.195s] Level 5:colcon.colcon_core.verb:set package 'my_happy' build argument 'cmake_target' from command line to 'None'
[1.195s] Level 5:colcon.colcon_core.verb:set package 'my_happy' build argument 'cmake_target_skip_unavailable' from command line to 'False'
[1.195s] Level 5:colcon.colcon_core.verb:set package 'my_happy' build argument 'cmake_clean_cache' from command line to 'False'
[1.195s] Level 5:colcon.colcon_core.verb:set package 'my_happy' build argument 'cmake_clean_first' from command line to 'False'
[1.195s] Level 5:colcon.colcon_core.verb:set package 'my_happy' build argument 'cmake_force_configure' from command line to 'False'
[1.195s] Level 5:colcon.colcon_core.verb:set package 'my_happy' build argument 'ament_cmake_args' from command line to 'None'
[1.195s] Level 5:colcon.colcon_core.verb:set package 'my_happy' build argument 'catkin_cmake_args' from command line to 'None'
[1.195s] Level 5:colcon.colcon_core.verb:set package 'my_happy' build argument 'catkin_skip_building_tests' from command line to 'False'
[1.196s] DEBUG:colcon.colcon_core.verb:Building package 'my_happy' with the following arguments: {'ament_cmake_args': None, 'build_base': '/home/st/edu25/edu25_athome/happy_ws/build/my_happy', 'catkin_cmake_args': None, 'catkin_skip_building_tests': False, 'cmake_args': None, 'cmake_clean_cache': False, 'cmake_clean_first': False, 'cmake_force_configure': False, 'cmake_target': None, 'cmake_target_skip_unavailable': False, 'install_base': '/home/st/edu25/edu25_athome/happy_ws/install/my_happy', 'merge_install': False, 'path': '/home/st/edu25/edu25_athome/happy_ws/src/my_happy', 'symlink_install': False, 'test_result_base': None}
[1.197s] Level 5:colcon.colcon_core.verb:set package 'service' build argument 'cmake_args' from command line to 'None'
[1.197s] Level 5:colcon.colcon_core.verb:set package 'service' build argument 'cmake_target' from command line to 'None'
[1.197s] Level 5:colcon.colcon_core.verb:set package 'service' build argument 'cmake_target_skip_unavailable' from command line to 'False'
[1.197s] Level 5:colcon.colcon_core.verb:set package 'service' build argument 'cmake_clean_cache' from command line to 'False'
[1.197s] Level 5:colcon.colcon_core.verb:set package 'service' build argument 'cmake_clean_first' from command line to 'False'
[1.197s] Level 5:colcon.colcon_core.verb:set package 'service' build argument 'cmake_force_configure' from command line to 'False'
[1.197s] Level 5:colcon.colcon_core.verb:set package 'service' build argument 'ament_cmake_args' from command line to 'None'
[1.197s] Level 5:colcon.colcon_core.verb:set package 'service' build argument 'catkin_cmake_args' from command line to 'None'
[1.198s] Level 5:colcon.colcon_core.verb:set package 'service' build argument 'catkin_skip_building_tests' from command line to 'False'
[1.198s] DEBUG:colcon.colcon_core.verb:Building package 'service' with the following arguments: {'ament_cmake_args': None, 'build_base': '/home/st/edu25/edu25_athome/happy_ws/build/service', 'catkin_cmake_args': None, 'catkin_skip_building_tests': False, 'cmake_args': None, 'cmake_clean_cache': False, 'cmake_clean_first': False, 'cmake_force_configure': False, 'cmake_target': None, 'cmake_target_skip_unavailable': False, 'install_base': '/home/st/edu25/edu25_athome/happy_ws/install/service', 'merge_install': False, 'path': '/home/st/edu25/edu25_athome/happy_ws/src/service', 'symlink_install': False, 'test_result_base': None}
[1.199s] Level 5:colcon.colcon_core.verb:set package 'service_msgs' build argument 'cmake_args' from command line to 'None'
[1.199s] Level 5:colcon.colcon_core.verb:set package 'service_msgs' build argument 'cmake_target' from command line to 'None'
[1.199s] Level 5:colcon.colcon_core.verb:set package 'service_msgs' build argument 'cmake_target_skip_unavailable' from command line to 'False'
[1.199s] Level 5:colcon.colcon_core.verb:set package 'service_msgs' build argument 'cmake_clean_cache' from command line to 'False'
[1.200s] Level 5:colcon.colcon_core.verb:set package 'service_msgs' build argument 'cmake_clean_first' from command line to 'False'
[1.200s] Level 5:colcon.colcon_core.verb:set package 'service_msgs' build argument 'cmake_force_configure' from command line to 'False'
[1.200s] Level 5:colcon.colcon_core.verb:set package 'service_msgs' build argument 'ament_cmake_args' from command line to 'None'
[1.200s] Level 5:colcon.colcon_core.verb:set package 'service_msgs' build argument 'catkin_cmake_args' from command line to 'None'
[1.200s] Level 5:colcon.colcon_core.verb:set package 'service_msgs' build argument 'catkin_skip_building_tests' from command line to 'False'
[1.200s] DEBUG:colcon.colcon_core.verb:Building package 'service_msgs' with the following arguments: {'ament_cmake_args': None, 'build_base': '/home/st/edu25/edu25_athome/happy_ws/build/service_msgs', 'catkin_cmake_args': None, 'catkin_skip_building_tests': False, 'cmake_args': None, 'cmake_clean_cache': False, 'cmake_clean_first': False, 'cmake_force_configure': False, 'cmake_target': None, 'cmake_target_skip_unavailable': False, 'install_base': '/home/st/edu25/edu25_athome/happy_ws/install/service_msgs', 'merge_install': False, 'path': '/home/st/edu25/edu25_athome/happy_ws/src/service_msgs', 'symlink_install': False, 'test_result_base': None}
[1.200s] INFO:colcon.colcon_core.executor:Executing jobs using 'parallel' executor
[1.204s] DEBUG:colcon.colcon_parallel_executor.executor.parallel:run_until_complete
[1.204s] INFO:colcon.colcon_ros.task.ament_python.build:Building ROS package in '/home/st/edu25/edu25_athome/happy_ws/src/my_happy' with build type 'ament_python'
[1.205s] Level 1:colcon.colcon_core.shell:create_environment_hook('my_happy', 'ament_prefix_path')
[1.212s] INFO:colcon.colcon_core.plugin_system:Skipping extension 'colcon_core.shell.bat': Not used on non-Windows systems
[1.213s] INFO:colcon.colcon_core.shell:Creating environment hook '/home/st/edu25/edu25_athome/happy_ws/install/my_happy/share/my_happy/hook/ament_prefix_path.ps1'
[1.216s] INFO:colcon.colcon_core.shell:Creating environment descriptor '/home/st/edu25/edu25_athome/happy_ws/install/my_happy/share/my_happy/hook/ament_prefix_path.dsv'
[1.217s] INFO:colcon.colcon_core.shell:Creating environment hook '/home/st/edu25/edu25_athome/happy_ws/install/my_happy/share/my_happy/hook/ament_prefix_path.sh'
[1.219s] INFO:colcon.colcon_core.shell:Skip shell extension 'powershell' for command environment: Not usable outside of PowerShell
[1.220s] DEBUG:colcon.colcon_core.shell:Skip shell extension 'dsv' for command environment
[1.246s] INFO:colcon.colcon_ros.task.ament_python.build:Building ROS package in '/home/st/edu25/edu25_athome/happy_ws/src/service' with build type 'ament_python'
[1.247s] Level 1:colcon.colcon_core.shell:create_environment_hook('service', 'ament_prefix_path')
[1.248s] INFO:colcon.colcon_core.shell:Creating environment hook '/home/st/edu25/edu25_athome/happy_ws/install/service/share/service/hook/ament_prefix_path.ps1'
[1.252s] INFO:colcon.colcon_core.shell:Creating environment descriptor '/home/st/edu25/edu25_athome/happy_ws/install/service/share/service/hook/ament_prefix_path.dsv'
[1.255s] INFO:colcon.colcon_core.shell:Creating environment hook '/home/st/edu25/edu25_athome/happy_ws/install/service/share/service/hook/ament_prefix_path.sh'
[1.261s] INFO:colcon.colcon_core.shell:Skip shell extension 'powershell' for command environment: Not usable outside of PowerShell
[1.261s] DEBUG:colcon.colcon_core.shell:Skip shell extension 'dsv' for command environment
[2.136s] INFO:colcon.colcon_core.task.python.build:Building Python package in '/home/st/edu25/edu25_athome/happy_ws/src/my_happy'
[2.137s] INFO:colcon.colcon_core.shell:Skip shell extension 'powershell' for command environment: Not usable outside of PowerShell
[2.137s] DEBUG:colcon.colcon_core.shell:Skip shell extension 'dsv' for command environment
[3.127s] INFO:colcon.colcon_core.task.python.build:Building Python package in '/home/st/edu25/edu25_athome/happy_ws/src/service'
[3.127s] INFO:colcon.colcon_core.shell:Skip shell extension 'powershell' for command environment: Not usable outside of PowerShell
[3.128s] DEBUG:colcon.colcon_core.shell:Skip shell extension 'dsv' for command environment
[4.318s] DEBUG:colcon.colcon_core.event_handler.log_command:Invoking command in '/home/st/edu25/edu25_athome/happy_ws/src/my_happy': PYTHONPATH=/home/st/edu25/edu25_athome/happy_ws/build/my_happy/prefix_override:/usr/lib/python3/dist-packages/colcon_core/task/python/colcon_distutils_commands:/home/st/edu25/edu25_athome/happy_ws/install/my_happy/lib/python3.10/site-packages:${PYTHONPATH} /usr/bin/python3 -W ignore:setup.py install is deprecated -W ignore:easy_install command is deprecated setup.py egg_info --egg-base ../../build/my_happy build --build-base /home/st/edu25/edu25_athome/happy_ws/build/my_happy/build install --record /home/st/edu25/edu25_athome/happy_ws/build/my_happy/install.log --single-version-externally-managed install_data
[4.330s] DEBUG:colcon.colcon_core.event_handler.log_command:Invoking command in '/home/st/edu25/edu25_athome/happy_ws/src/service': PYTHONPATH=/home/st/edu25/edu25_athome/happy_ws/build/service/prefix_override:/usr/lib/python3/dist-packages/colcon_core/task/python/colcon_distutils_commands:/home/st/edu25/edu25_athome/happy_ws/install/service/lib/python3.10/site-packages:${PYTHONPATH} /usr/bin/python3 -W ignore:setup.py install is deprecated -W ignore:easy_install command is deprecated setup.py egg_info --egg-base ../../build/service build --build-base /home/st/edu25/edu25_athome/happy_ws/build/service/build install --record /home/st/edu25/edu25_athome/happy_ws/build/service/install.log --single-version-externally-managed install_data
[5.378s] DEBUG:colcon.colcon_core.event_handler.log_command:Invoked command in '/home/st/edu25/edu25_athome/happy_ws/src/my_happy' returned '0': PYTHONPATH=/home/st/edu25/edu25_athome/happy_ws/build/my_happy/prefix_override:/usr/lib/python3/dist-packages/colcon_core/task/python/colcon_distutils_commands:/home/st/edu25/edu25_athome/happy_ws/install/my_happy/lib/python3.10/site-packages:${PYTHONPATH} /usr/bin/python3 -W ignore:setup.py install is deprecated -W ignore:easy_install command is deprecated setup.py egg_info --egg-base ../../build/my_happy build --build-base /home/st/edu25/edu25_athome/happy_ws/build/my_happy/build install --record /home/st/edu25/edu25_athome/happy_ws/build/my_happy/install.log --single-version-externally-managed install_data
[5.385s] Level 1:colcon.colcon_core.environment:checking '/home/st/edu25/edu25_athome/happy_ws/install/my_happy' for CMake module files
[5.387s] Level 1:colcon.colcon_core.environment:checking '/home/st/edu25/edu25_athome/happy_ws/install/my_happy' for CMake config files
[5.390s] Level 1:colcon.colcon_core.environment:checking '/home/st/edu25/edu25_athome/happy_ws/install/my_happy/lib'
[5.390s] Level 1:colcon.colcon_core.environment:checking '/home/st/edu25/edu25_athome/happy_ws/install/my_happy/bin'
[5.391s] Level 1:colcon.colcon_core.environment:checking '/home/st/edu25/edu25_athome/happy_ws/install/my_happy/lib/pkgconfig/my_happy.pc'
[5.391s] Level 1:colcon.colcon_core.environment:checking '/home/st/edu25/edu25_athome/happy_ws/install/my_happy/lib/python3.10/site-packages'
[5.392s] Level 1:colcon.colcon_core.shell:create_environment_hook('my_happy', 'pythonpath')
[5.392s] INFO:colcon.colcon_core.shell:Creating environment hook '/home/st/edu25/edu25_athome/happy_ws/install/my_happy/share/my_happy/hook/pythonpath.ps1'
[5.394s] INFO:colcon.colcon_core.shell:Creating environment descriptor '/home/st/edu25/edu25_athome/happy_ws/install/my_happy/share/my_happy/hook/pythonpath.dsv'
[5.395s] INFO:colcon.colcon_core.shell:Creating environment hook '/home/st/edu25/edu25_athome/happy_ws/install/my_happy/share/my_happy/hook/pythonpath.sh'
[5.398s] Level 1:colcon.colcon_core.environment:checking '/home/st/edu25/edu25_athome/happy_ws/install/my_happy/bin'
[5.398s] Level 1:colcon.colcon_core.environment:create_environment_scripts_only(my_happy)
[5.399s] INFO:colcon.colcon_core.shell:Creating package script '/home/st/edu25/edu25_athome/happy_ws/install/my_happy/share/my_happy/package.ps1'
[5.402s] INFO:colcon.colcon_core.shell:Creating package descriptor '/home/st/edu25/edu25_athome/happy_ws/install/my_happy/share/my_happy/package.dsv'
[5.406s] INFO:colcon.colcon_core.shell:Creating package script '/home/st/edu25/edu25_athome/happy_ws/install/my_happy/share/my_happy/package.sh'
[5.409s] INFO:colcon.colcon_core.shell:Creating package script '/home/st/edu25/edu25_athome/happy_ws/install/my_happy/share/my_happy/package.bash'
[5.411s] INFO:colcon.colcon_core.shell:Creating package script '/home/st/edu25/edu25_athome/happy_ws/install/my_happy/share/my_happy/package.zsh'
[5.414s] Level 1:colcon.colcon_core.environment:create_file_with_runtime_dependencies(/home/st/edu25/edu25_athome/happy_ws/install/my_happy/share/colcon-core/packages/my_happy)
[5.417s] INFO:colcon.colcon_ros.task.ament_cmake.build:Building ROS package in '/home/st/edu25/edu25_athome/happy_ws/src/service_msgs' with build type 'ament_cmake'
[5.417s] INFO:colcon.colcon_cmake.task.cmake.build:Building CMake package in '/home/st/edu25/edu25_athome/happy_ws/src/service_msgs'
[5.418s] INFO:colcon.colcon_core.shell:Skip shell extension 'powershell' for command environment: Not usable outside of PowerShell
[5.418s] DEBUG:colcon.colcon_core.shell:Skip shell extension 'dsv' for command environment
[5.438s] Level 1:colcon.colcon_core.environment:checking '/home/st/edu25/edu25_athome/happy_ws/install/service' for CMake module files
[5.441s] DEBUG:colcon.colcon_core.event_handler.log_command:Invoked command in '/home/st/edu25/edu25_athome/happy_ws/src/service' returned '0': PYTHONPATH=/home/st/edu25/edu25_athome/happy_ws/build/service/prefix_override:/usr/lib/python3/dist-packages/colcon_core/task/python/colcon_distutils_commands:/home/st/edu25/edu25_athome/happy_ws/install/service/lib/python3.10/site-packages:${PYTHONPATH} /usr/bin/python3 -W ignore:setup.py install is deprecated -W ignore:easy_install command is deprecated setup.py egg_info --egg-base ../../build/service build --build-base /home/st/edu25/edu25_athome/happy_ws/build/service/build install --record /home/st/edu25/edu25_athome/happy_ws/build/service/install.log --single-version-externally-managed install_data
[5.442s] Level 1:colcon.colcon_core.environment:checking '/home/st/edu25/edu25_athome/happy_ws/install/service' for CMake config files
[5.449s] Level 1:colcon.colcon_core.environment:checking '/home/st/edu25/edu25_athome/happy_ws/install/service/lib'
[5.449s] Level 1:colcon.colcon_core.environment:checking '/home/st/edu25/edu25_athome/happy_ws/install/service/bin'
[5.449s] Level 1:colcon.colcon_core.environment:checking '/home/st/edu25/edu25_athome/happy_ws/install/service/lib/pkgconfig/service.pc'
[5.450s] Level 1:colcon.colcon_core.environment:checking '/home/st/edu25/edu25_athome/happy_ws/install/service/lib/python3.10/site-packages'
[5.450s] Level 1:colcon.colcon_core.shell:create_environment_hook('service', 'pythonpath')
[5.451s] INFO:colcon.colcon_core.shell:Creating environment hook '/home/st/edu25/edu25_athome/happy_ws/install/service/share/service/hook/pythonpath.ps1'
[5.453s] INFO:colcon.colcon_core.shell:Creating environment descriptor '/home/st/edu25/edu25_athome/happy_ws/install/service/share/service/hook/pythonpath.dsv'
[5.455s] INFO:colcon.colcon_core.shell:Creating environment hook '/home/st/edu25/edu25_athome/happy_ws/install/service/share/service/hook/pythonpath.sh'
[5.457s] Level 1:colcon.colcon_core.environment:checking '/home/st/edu25/edu25_athome/happy_ws/install/service/bin'
[5.458s] Level 1:colcon.colcon_core.environment:create_environment_scripts_only(service)
[5.459s] INFO:colcon.colcon_core.shell:Creating package script '/home/st/edu25/edu25_athome/happy_ws/install/service/share/service/package.ps1'
[5.461s] INFO:colcon.colcon_core.shell:Creating package descriptor '/home/st/edu25/edu25_athome/happy_ws/install/service/share/service/package.dsv'
[5.463s] INFO:colcon.colcon_core.shell:Creating package script '/home/st/edu25/edu25_athome/happy_ws/install/service/share/service/package.sh'
[5.466s] INFO:colcon.colcon_core.shell:Creating package script '/home/st/edu25/edu25_athome/happy_ws/install/service/share/service/package.bash'
[5.469s] INFO:colcon.colcon_core.shell:Creating package script '/home/st/edu25/edu25_athome/happy_ws/install/service/share/service/package.zsh'
[5.471s] Level 1:colcon.colcon_core.environment:create_file_with_runtime_dependencies(/home/st/edu25/edu25_athome/happy_ws/install/service/share/colcon-core/packages/service)
[5.491s] DEBUG:colcon.colcon_core.event_handler.log_command:Invoking command in '/home/st/edu25/edu25_athome/happy_ws/build/service_msgs': CMAKE_PREFIX_PATH=${CMAKE_PREFIX_PATH}:/home/st/edu25/edu25_athome/happy_ws/install/service:/home/st/edu25/edu25_athome/happy_ws/install/my_happy:/opt/ros/humble /usr/bin/cmake --build /home/st/edu25/edu25_athome/happy_ws/build/service_msgs -- -j2 -l2
[7.079s] DEBUG:colcon.colcon_core.event_handler.log_command:Invoked command in '/home/st/edu25/edu25_athome/happy_ws/build/service_msgs' returned '0': CMAKE_PREFIX_PATH=${CMAKE_PREFIX_PATH}:/home/st/edu25/edu25_athome/happy_ws/install/service:/home/st/edu25/edu25_athome/happy_ws/install/my_happy:/opt/ros/humble /usr/bin/cmake --build /home/st/edu25/edu25_athome/happy_ws/build/service_msgs -- -j2 -l2
[7.124s] DEBUG:colcon.colcon_core.event_handler.log_command:Invoking command in '/home/st/edu25/edu25_athome/happy_ws/build/service_msgs': CMAKE_PREFIX_PATH=${CMAKE_PREFIX_PATH}:/home/st/edu25/edu25_athome/happy_ws/install/service:/home/st/edu25/edu25_athome/happy_ws/install/my_happy:/opt/ros/humble /usr/bin/cmake --install /home/st/edu25/edu25_athome/happy_ws/build/service_msgs
[7.353s] Level 1:colcon.colcon_core.environment:create_environment_scripts_only(service_msgs)
[7.354s] Level 1:colcon.colcon_core.environment:checking '/home/st/edu25/edu25_athome/happy_ws/install/service_msgs' for CMake module files
[7.355s] DEBUG:colcon.colcon_core.event_handler.log_command:Invoked command in '/home/st/edu25/edu25_athome/happy_ws/build/service_msgs' returned '0': CMAKE_PREFIX_PATH=${CMAKE_PREFIX_PATH}:/home/st/edu25/edu25_athome/happy_ws/install/service:/home/st/edu25/edu25_athome/happy_ws/install/my_happy:/opt/ros/humble /usr/bin/cmake --install /home/st/edu25/edu25_athome/happy_ws/build/service_msgs
[7.359s] Level 1:colcon.colcon_core.environment:checking '/home/st/edu25/edu25_athome/happy_ws/install/service_msgs' for CMake config files
[7.362s] Level 1:colcon.colcon_core.shell:create_environment_hook('service_msgs', 'cmake_prefix_path')
[7.362s] INFO:colcon.colcon_core.shell:Creating environment hook '/home/st/edu25/edu25_athome/happy_ws/install/service_msgs/share/service_msgs/hook/cmake_prefix_path.ps1'
[7.364s] INFO:colcon.colcon_core.shell:Creating environment descriptor '/home/st/edu25/edu25_athome/happy_ws/install/service_msgs/share/service_msgs/hook/cmake_prefix_path.dsv'
[7.366s] INFO:colcon.colcon_core.shell:Creating environment hook '/home/st/edu25/edu25_athome/happy_ws/install/service_msgs/share/service_msgs/hook/cmake_prefix_path.sh'
[7.368s] Level 1:colcon.colcon_core.environment:checking '/home/st/edu25/edu25_athome/happy_ws/install/service_msgs/lib'
[7.368s] Level 1:colcon.colcon_core.shell:create_environment_hook('service_msgs', 'ld_library_path_lib')
[7.369s] INFO:colcon.colcon_core.shell:Creating environment hook '/home/st/edu25/edu25_athome/happy_ws/install/service_msgs/share/service_msgs/hook/ld_library_path_lib.ps1'
[7.370s] INFO:colcon.colcon_core.shell:Creating environment descriptor '/home/st/edu25/edu25_athome/happy_ws/install/service_msgs/share/service_msgs/hook/ld_library_path_lib.dsv'
[7.372s] INFO:colcon.colcon_core.shell:Creating environment hook '/home/st/edu25/edu25_athome/happy_ws/install/service_msgs/share/service_msgs/hook/ld_library_path_lib.sh'
[7.374s] Level 1:colcon.colcon_core.environment:checking '/home/st/edu25/edu25_athome/happy_ws/install/service_msgs/bin'
[7.374s] Level 1:colcon.colcon_core.environment:checking '/home/st/edu25/edu25_athome/happy_ws/install/service_msgs/lib/pkgconfig/service_msgs.pc'
[7.375s] Level 1:colcon.colcon_core.environment:checking '/home/st/edu25/edu25_athome/happy_ws/install/service_msgs/lib/python3.10/site-packages'
[7.375s] Level 1:colcon.colcon_core.environment:checking '/home/st/edu25/edu25_athome/happy_ws/install/service_msgs/bin'
[7.376s] INFO:colcon.colcon_core.shell:Creating package script '/home/st/edu25/edu25_athome/happy_ws/install/service_msgs/share/service_msgs/package.ps1'
[7.378s] INFO:colcon.colcon_core.shell:Creating package descriptor '/home/st/edu25/edu25_athome/happy_ws/install/service_msgs/share/service_msgs/package.dsv'
[7.380s] INFO:colcon.colcon_core.shell:Creating package script '/home/st/edu25/edu25_athome/happy_ws/install/service_msgs/share/service_msgs/package.sh'
[7.384s] INFO:colcon.colcon_core.shell:Creating package script '/home/st/edu25/edu25_athome/happy_ws/install/service_msgs/share/service_msgs/package.bash'
[7.385s] INFO:colcon.colcon_core.shell:Creating package script '/home/st/edu25/edu25_athome/happy_ws/install/service_msgs/share/service_msgs/package.zsh'
[7.389s] Level 1:colcon.colcon_core.environment:create_file_with_runtime_dependencies(/home/st/edu25/edu25_athome/happy_ws/install/service_msgs/share/colcon-core/packages/service_msgs)
[7.392s] Level 1:colcon.colcon_core.environment:create_environment_scripts_only(service_msgs)
[7.392s] Level 1:colcon.colcon_core.environment:checking '/home/st/edu25/edu25_athome/happy_ws/install/service_msgs' for CMake module files
[7.396s] Level 1:colcon.colcon_core.environment:checking '/home/st/edu25/edu25_athome/happy_ws/install/service_msgs' for CMake config files
[7.399s] Level 1:colcon.colcon_core.shell:create_environment_hook('service_msgs', 'cmake_prefix_path')
[7.400s] INFO:colcon.colcon_core.shell:Creating environment hook '/home/st/edu25/edu25_athome/happy_ws/install/service_msgs/share/service_msgs/hook/cmake_prefix_path.ps1'
[7.401s] INFO:colcon.colcon_core.shell:Creating environment descriptor '/home/st/edu25/edu25_athome/happy_ws/install/service_msgs/share/service_msgs/hook/cmake_prefix_path.dsv'
[7.403s] INFO:colcon.colcon_core.shell:Creating environment hook '/home/st/edu25/edu25_athome/happy_ws/install/service_msgs/share/service_msgs/hook/cmake_prefix_path.sh'
[7.405s] Level 1:colcon.colcon_core.environment:checking '/home/st/edu25/edu25_athome/happy_ws/install/service_msgs/lib'
[7.405s] Level 1:colcon.colcon_core.shell:create_environment_hook('service_msgs', 'ld_library_path_lib')
[7.406s] INFO:colcon.colcon_core.shell:Creating environment hook '/home/st/edu25/edu25_athome/happy_ws/install/service_msgs/share/service_msgs/hook/ld_library_path_lib.ps1'
[7.407s] INFO:colcon.colcon_core.shell:Creating environment descriptor '/home/st/edu25/edu25_athome/happy_ws/install/service_msgs/share/service_msgs/hook/ld_library_path_lib.dsv'
[7.409s] INFO:colcon.colcon_core.shell:Creating environment hook '/home/st/edu25/edu25_athome/happy_ws/install/service_msgs/share/service_msgs/hook/ld_library_path_lib.sh'
[7.411s] Level 1:colcon.colcon_core.environment:checking '/home/st/edu25/edu25_athome/happy_ws/install/service_msgs/bin'
[7.411s] Level 1:colcon.colcon_core.environment:checking '/home/st/edu25/edu25_athome/happy_ws/install/service_msgs/lib/pkgconfig/service_msgs.pc'
[7.412s] Level 1:colcon.colcon_core.environment:checking '/home/st/edu25/edu25_athome/happy_ws/install/service_msgs/lib/python3.10/site-packages'
[7.412s] Level 1:colcon.colcon_core.environment:checking '/home/st/edu25/edu25_athome/happy_ws/install/service_msgs/bin'
[7.413s] INFO:colcon.colcon_core.shell:Creating package script '/home/st/edu25/edu25_athome/happy_ws/install/service_msgs/share/service_msgs/package.ps1'
[7.415s] INFO:colcon.colcon_core.shell:Creating package descriptor '/home/st/edu25/edu25_athome/happy_ws/install/service_msgs/share/service_msgs/package.dsv'
[7.417s] INFO:colcon.colcon_core.shell:Creating package script '/home/st/edu25/edu25_athome/happy_ws/install/service_msgs/share/service_msgs/package.sh'
[7.418s] INFO:colcon.colcon_core.shell:Creating package script '/home/st/edu25/edu25_athome/happy_ws/install/service_msgs/share/service_msgs/package.bash'
[7.420s] INFO:colcon.colcon_core.shell:Creating package script '/home/st/edu25/edu25_athome/happy_ws/install/service_msgs/share/service_msgs/package.zsh'
[7.422s] Level 1:colcon.colcon_core.environment:create_file_with_runtime_dependencies(/home/st/edu25/edu25_athome/happy_ws/install/service_msgs/share/colcon-core/packages/service_msgs)
[7.424s] DEBUG:colcon.colcon_parallel_executor.executor.parallel:closing loop
[7.424s] DEBUG:colcon.colcon_parallel_executor.executor.parallel:loop closed
[7.424s] DEBUG:colcon.colcon_parallel_executor.executor.parallel:run_until_complete finished with '0'
[7.424s] DEBUG:colcon.colcon_core.event_reactor:joining thread
[7.446s] INFO:colcon.colcon_core.plugin_system:Skipping extension 'colcon_notification.desktop_notification.terminal_notifier': Not used on non-Darwin systems
[7.446s] INFO:colcon.colcon_core.plugin_system:Skipping extension 'colcon_notification.desktop_notification.win32': Not used on non-Windows systems
[7.447s] INFO:colcon.colcon_notification.desktop_notification:Sending desktop notification using 'notify2'
[7.492s] DEBUG:colcon.colcon_core.event_reactor:joined thread
[7.493s] INFO:colcon.colcon_core.shell:Creating prefix script '/home/st/edu25/edu25_athome/happy_ws/install/local_setup.ps1'
[7.498s] INFO:colcon.colcon_core.shell:Creating prefix util module '/home/st/edu25/edu25_athome/happy_ws/install/_local_setup_util_ps1.py'
[7.503s] INFO:colcon.colcon_core.shell:Creating prefix chain script '/home/st/edu25/edu25_athome/happy_ws/install/setup.ps1'
[7.508s] INFO:colcon.colcon_core.shell:Creating prefix script '/home/st/edu25/edu25_athome/happy_ws/install/local_setup.sh'
[7.510s] INFO:colcon.colcon_core.shell:Creating prefix util module '/home/st/edu25/edu25_athome/happy_ws/install/_local_setup_util_sh.py'
[7.513s] INFO:colcon.colcon_core.shell:Creating prefix chain script '/home/st/edu25/edu25_athome/happy_ws/install/setup.sh'
[7.516s] INFO:colcon.colcon_core.shell:Creating prefix script '/home/st/edu25/edu25_athome/happy_ws/install/local_setup.bash'
[7.519s] INFO:colcon.colcon_core.shell:Creating prefix chain script '/home/st/edu25/edu25_athome/happy_ws/install/setup.bash'
[7.524s] INFO:colcon.colcon_core.shell:Creating prefix script '/home/st/edu25/edu25_athome/happy_ws/install/local_setup.zsh'
[7.526s] INFO:colcon.colcon_core.shell:Creating prefix chain script '/home/st/edu25/edu25_athome/happy_ws/install/setup.zsh'
