[0.353s] DEBUG:colcon:Command line arguments: ['/usr/bin/colcon', 'build']
[0.353s] DEBUG:colcon:Parsed command line arguments: Namespace(log_base=None, log_level=None, verb_name='build', build_base='build', install_base='install', merge_install=False, symlink_install=False, test_result_base=None, continue_on_error=False, executor='parallel', parallel_workers=2, event_handlers=None, ignore_user_meta=False, metas=['./colcon.meta'], base_paths=['.'], packages_ignore=None, packages_ignore_regex=None, paths=None, packages_up_to=None, packages_up_to_regex=None, packages_above=None, packages_above_and_dependencies=None, packages_above_depth=None, packages_select_by_dep=None, packages_skip_by_dep=None, packages_skip_up_to=None, packages_select_build_failed=False, packages_skip_build_finished=False, packages_select_test_failures=False, packages_skip_test_passed=False, packages_select=None, packages_skip=None, packages_select_regex=None, packages_skip_regex=None, packages_start=None, packages_end=None, allow_overriding=[], cmake_args=None, cmake_target=None, cmake_target_skip_unavailable=False, cmake_clean_cache=False, cmake_clean_first=False, cmake_force_configure=False, ament_cmake_args=None, catkin_cmake_args=None, catkin_skip_building_tests=False, verb_parser=<colcon_defaults.argument_parser.defaults.DefaultArgumentsDecorator object at 0x76985342fbb0>, verb_extension=<colcon_core.verb.build.BuildVerb object at 0x7698535d9630>, main=<bound method BuildVerb.main of <colcon_core.verb.build.BuildVerb object at 0x7698535d9630>>)
[0.938s] Level 1:colcon.colcon_core.package_discovery:discover_packages(colcon_meta) check parameters
[0.938s] Level 1:colcon.colcon_core.package_discovery:discover_packages(recursive) check parameters
[0.938s] Level 1:colcon.colcon_core.package_discovery:discover_packages(ignore) check parameters
[0.939s] Level 1:colcon.colcon_core.package_discovery:discover_packages(path) check parameters
[0.939s] Level 1:colcon.colcon_core.package_discovery:discover_packages(colcon_meta) discover
[0.939s] Level 1:colcon.colcon_core.package_discovery:discover_packages(recursive) discover
[0.939s] INFO:colcon.colcon_core.package_discovery:Crawling recursively for packages in '/home/st/edu25/edu25_athome/happy_ws'
[0.940s] Level 1:colcon.colcon_core.package_identification:_identify(.) by extensions ['ignore', 'ignore_ament_install']
[0.940s] Level 1:colcon.colcon_core.package_identification:_identify(.) by extension 'ignore'
[0.940s] Level 1:colcon.colcon_core.package_identification:_identify(.) by extension 'ignore_ament_install'
[0.940s] Level 1:colcon.colcon_core.package_identification:_identify(.) by extensions ['colcon_pkg']
[0.940s] Level 1:colcon.colcon_core.package_identification:_identify(.) by extension 'colcon_pkg'
[0.941s] Level 1:colcon.colcon_core.package_identification:_identify(.) by extensions ['colcon_meta']
[0.941s] Level 1:colcon.colcon_core.package_identification:_identify(.) by extension 'colcon_meta'
[0.941s] Level 1:colcon.colcon_core.package_identification:_identify(.) by extensions ['ros']
[0.941s] Level 1:colcon.colcon_core.package_identification:_identify(.) by extension 'ros'
[0.978s] Level 1:colcon.colcon_core.package_identification:_identify(.) by extensions ['cmake', 'python']
[0.979s] Level 1:colcon.colcon_core.package_identification:_identify(.) by extension 'cmake'
[0.979s] Level 1:colcon.colcon_core.package_identification:_identify(.) by extension 'python'
[0.979s] Level 1:colcon.colcon_core.package_identification:_identify(.) by extensions ['python_setup_py']
[0.979s] Level 1:colcon.colcon_core.package_identification:_identify(.) by extension 'python_setup_py'
[0.980s] Level 1:colcon.colcon_core.package_identification:_identify(build) by extensions ['ignore', 'ignore_ament_install']
[0.980s] Level 1:colcon.colcon_core.package_identification:_identify(build) by extension 'ignore'
[0.980s] Level 1:colcon.colcon_core.package_identification:_identify(build) ignored
[0.981s] Level 1:colcon.colcon_core.package_identification:_identify(install) by extensions ['ignore', 'ignore_ament_install']
[0.981s] Level 1:colcon.colcon_core.package_identification:_identify(install) by extension 'ignore'
[0.981s] Level 1:colcon.colcon_core.package_identification:_identify(install) ignored
[0.981s] Level 1:colcon.colcon_core.package_identification:_identify(log) by extensions ['ignore', 'ignore_ament_install']
[0.982s] Level 1:colcon.colcon_core.package_identification:_identify(log) by extension 'ignore'
[0.982s] Level 1:colcon.colcon_core.package_identification:_identify(log) ignored
[0.982s] Level 1:colcon.colcon_core.package_identification:_identify(src) by extensions ['ignore', 'ignore_ament_install']
[0.982s] Level 1:colcon.colcon_core.package_identification:_identify(src) by extension 'ignore'
[0.983s] Level 1:colcon.colcon_core.package_identification:_identify(src) by extension 'ignore_ament_install'
[0.983s] Level 1:colcon.colcon_core.package_identification:_identify(src) by extensions ['colcon_pkg']
[0.983s] Level 1:colcon.colcon_core.package_identification:_identify(src) by extension 'colcon_pkg'
[0.983s] Level 1:colcon.colcon_core.package_identification:_identify(src) by extensions ['colcon_meta']
[0.983s] Level 1:colcon.colcon_core.package_identification:_identify(src) by extension 'colcon_meta'
[0.983s] Level 1:colcon.colcon_core.package_identification:_identify(src) by extensions ['ros']
[0.984s] Level 1:colcon.colcon_core.package_identification:_identify(src) by extension 'ros'
[0.984s] Level 1:colcon.colcon_core.package_identification:_identify(src) by extensions ['cmake', 'python']
[0.984s] Level 1:colcon.colcon_core.package_identification:_identify(src) by extension 'cmake'
[0.984s] Level 1:colcon.colcon_core.package_identification:_identify(src) by extension 'python'
[0.984s] Level 1:colcon.colcon_core.package_identification:_identify(src) by extensions ['python_setup_py']
[0.985s] Level 1:colcon.colcon_core.package_identification:_identify(src) by extension 'python_setup_py'
[0.985s] Level 1:colcon.colcon_core.package_identification:_identify(src/my_happy) by extensions ['ignore', 'ignore_ament_install']
[0.985s] Level 1:colcon.colcon_core.package_identification:_identify(src/my_happy) by extension 'ignore'
[0.985s] Level 1:colcon.colcon_core.package_identification:_identify(src/my_happy) by extension 'ignore_ament_install'
[0.986s] Level 1:colcon.colcon_core.package_identification:_identify(src/my_happy) by extensions ['colcon_pkg']
[0.986s] Level 1:colcon.colcon_core.package_identification:_identify(src/my_happy) by extension 'colcon_pkg'
[0.986s] Level 1:colcon.colcon_core.package_identification:_identify(src/my_happy) by extensions ['colcon_meta']
[0.986s] Level 1:colcon.colcon_core.package_identification:_identify(src/my_happy) by extension 'colcon_meta'
[0.987s] Level 1:colcon.colcon_core.package_identification:_identify(src/my_happy) by extensions ['ros']
[0.987s] Level 1:colcon.colcon_core.package_identification:_identify(src/my_happy) by extension 'ros'
[0.994s] DEBUG:colcon.colcon_core.package_identification:Package 'src/my_happy' with type 'ros.ament_python' and name 'my_happy'
[0.994s] Level 1:colcon.colcon_core.package_identification:_identify(src/service) by extensions ['ignore', 'ignore_ament_install']
[0.995s] Level 1:colcon.colcon_core.package_identification:_identify(src/service) by extension 'ignore'
[0.995s] Level 1:colcon.colcon_core.package_identification:_identify(src/service) by extension 'ignore_ament_install'
[0.995s] Level 1:colcon.colcon_core.package_identification:_identify(src/service) by extensions ['colcon_pkg']
[0.995s] Level 1:colcon.colcon_core.package_identification:_identify(src/service) by extension 'colcon_pkg'
[0.995s] Level 1:colcon.colcon_core.package_identification:_identify(src/service) by extensions ['colcon_meta']
[0.995s] Level 1:colcon.colcon_core.package_identification:_identify(src/service) by extension 'colcon_meta'
[0.996s] Level 1:colcon.colcon_core.package_identification:_identify(src/service) by extensions ['ros']
[0.996s] Level 1:colcon.colcon_core.package_identification:_identify(src/service) by extension 'ros'
[0.997s] DEBUG:colcon.colcon_core.package_identification:Package 'src/service' with type 'ros.ament_python' and name 'service'
[0.998s] Level 1:colcon.colcon_core.package_identification:_identify(src/service_msgs) by extensions ['ignore', 'ignore_ament_install']
[0.998s] Level 1:colcon.colcon_core.package_identification:_identify(src/service_msgs) by extension 'ignore'
[0.998s] Level 1:colcon.colcon_core.package_identification:_identify(src/service_msgs) by extension 'ignore_ament_install'
[0.999s] Level 1:colcon.colcon_core.package_identification:_identify(src/service_msgs) by extensions ['colcon_pkg']
[0.999s] Level 1:colcon.colcon_core.package_identification:_identify(src/service_msgs) by extension 'colcon_pkg'
[0.999s] Level 1:colcon.colcon_core.package_identification:_identify(src/service_msgs) by extensions ['colcon_meta']
[0.999s] Level 1:colcon.colcon_core.package_identification:_identify(src/service_msgs) by extension 'colcon_meta'
[0.999s] Level 1:colcon.colcon_core.package_identification:_identify(src/service_msgs) by extensions ['ros']
[0.999s] Level 1:colcon.colcon_core.package_identification:_identify(src/service_msgs) by extension 'ros'
[1.001s] DEBUG:colcon.colcon_core.package_identification:Package 'src/service_msgs' with type 'ros.ament_cmake' and name 'service_msgs'
[1.001s] Level 1:colcon.colcon_core.package_discovery:discover_packages(recursive) using defaults
[1.001s] Level 1:colcon.colcon_core.package_discovery:discover_packages(ignore) discover
[1.001s] Level 1:colcon.colcon_core.package_discovery:discover_packages(ignore) using defaults
[1.002s] Level 1:colcon.colcon_core.package_discovery:discover_packages(path) discover
[1.002s] Level 1:colcon.colcon_core.package_discovery:discover_packages(path) using defaults
[1.085s] Level 1:colcon.colcon_core.package_discovery:discover_packages(prefix_path) check parameters
[1.085s] Level 1:colcon.colcon_core.package_discovery:discover_packages(prefix_path) discover
[1.110s] DEBUG:colcon.colcon_installed_package_information.package_discovery:Found 3 installed packages in /home/st/edu25/edu25_athome/happy_ws/install
[1.118s] DEBUG:colcon.colcon_installed_package_information.package_discovery:Found 271 installed packages in /opt/ros/humble
[1.125s] Level 1:colcon.colcon_core.package_discovery:discover_packages(prefix_path) using defaults
[1.286s] Level 5:colcon.colcon_core.verb:set package 'my_happy' build argument 'cmake_args' from command line to 'None'
[1.287s] Level 5:colcon.colcon_core.verb:set package 'my_happy' build argument 'cmake_target' from command line to 'None'
[1.287s] Level 5:colcon.colcon_core.verb:set package 'my_happy' build argument 'cmake_target_skip_unavailable' from command line to 'False'
[1.287s] Level 5:colcon.colcon_core.verb:set package 'my_happy' build argument 'cmake_clean_cache' from command line to 'False'
[1.287s] Level 5:colcon.colcon_core.verb:set package 'my_happy' build argument 'cmake_clean_first' from command line to 'False'
[1.287s] Level 5:colcon.colcon_core.verb:set package 'my_happy' build argument 'cmake_force_configure' from command line to 'False'
[1.287s] Level 5:colcon.colcon_core.verb:set package 'my_happy' build argument 'ament_cmake_args' from command line to 'None'
[1.287s] Level 5:colcon.colcon_core.verb:set package 'my_happy' build argument 'catkin_cmake_args' from command line to 'None'
[1.287s] Level 5:colcon.colcon_core.verb:set package 'my_happy' build argument 'catkin_skip_building_tests' from command line to 'False'
[1.288s] DEBUG:colcon.colcon_core.verb:Building package 'my_happy' with the following arguments: {'ament_cmake_args': None, 'build_base': '/home/st/edu25/edu25_athome/happy_ws/build/my_happy', 'catkin_cmake_args': None, 'catkin_skip_building_tests': False, 'cmake_args': None, 'cmake_clean_cache': False, 'cmake_clean_first': False, 'cmake_force_configure': False, 'cmake_target': None, 'cmake_target_skip_unavailable': False, 'install_base': '/home/st/edu25/edu25_athome/happy_ws/install/my_happy', 'merge_install': False, 'path': '/home/st/edu25/edu25_athome/happy_ws/src/my_happy', 'symlink_install': False, 'test_result_base': None}
[1.289s] Level 5:colcon.colcon_core.verb:set package 'service' build argument 'cmake_args' from command line to 'None'
[1.289s] Level 5:colcon.colcon_core.verb:set package 'service' build argument 'cmake_target' from command line to 'None'
[1.289s] Level 5:colcon.colcon_core.verb:set package 'service' build argument 'cmake_target_skip_unavailable' from command line to 'False'
[1.289s] Level 5:colcon.colcon_core.verb:set package 'service' build argument 'cmake_clean_cache' from command line to 'False'
[1.289s] Level 5:colcon.colcon_core.verb:set package 'service' build argument 'cmake_clean_first' from command line to 'False'
[1.290s] Level 5:colcon.colcon_core.verb:set package 'service' build argument 'cmake_force_configure' from command line to 'False'
[1.290s] Level 5:colcon.colcon_core.verb:set package 'service' build argument 'ament_cmake_args' from command line to 'None'
[1.290s] Level 5:colcon.colcon_core.verb:set package 'service' build argument 'catkin_cmake_args' from command line to 'None'
[1.290s] Level 5:colcon.colcon_core.verb:set package 'service' build argument 'catkin_skip_building_tests' from command line to 'False'
[1.290s] DEBUG:colcon.colcon_core.verb:Building package 'service' with the following arguments: {'ament_cmake_args': None, 'build_base': '/home/st/edu25/edu25_athome/happy_ws/build/service', 'catkin_cmake_args': None, 'catkin_skip_building_tests': False, 'cmake_args': None, 'cmake_clean_cache': False, 'cmake_clean_first': False, 'cmake_force_configure': False, 'cmake_target': None, 'cmake_target_skip_unavailable': False, 'install_base': '/home/st/edu25/edu25_athome/happy_ws/install/service', 'merge_install': False, 'path': '/home/st/edu25/edu25_athome/happy_ws/src/service', 'symlink_install': False, 'test_result_base': None}
[1.291s] Level 5:colcon.colcon_core.verb:set package 'service_msgs' build argument 'cmake_args' from command line to 'None'
[1.291s] Level 5:colcon.colcon_core.verb:set package 'service_msgs' build argument 'cmake_target' from command line to 'None'
[1.291s] Level 5:colcon.colcon_core.verb:set package 'service_msgs' build argument 'cmake_target_skip_unavailable' from command line to 'False'
[1.291s] Level 5:colcon.colcon_core.verb:set package 'service_msgs' build argument 'cmake_clean_cache' from command line to 'False'
[1.292s] Level 5:colcon.colcon_core.verb:set package 'service_msgs' build argument 'cmake_clean_first' from command line to 'False'
[1.292s] Level 5:colcon.colcon_core.verb:set package 'service_msgs' build argument 'cmake_force_configure' from command line to 'False'
[1.292s] Level 5:colcon.colcon_core.verb:set package 'service_msgs' build argument 'ament_cmake_args' from command line to 'None'
[1.292s] Level 5:colcon.colcon_core.verb:set package 'service_msgs' build argument 'catkin_cmake_args' from command line to 'None'
[1.292s] Level 5:colcon.colcon_core.verb:set package 'service_msgs' build argument 'catkin_skip_building_tests' from command line to 'False'
[1.292s] DEBUG:colcon.colcon_core.verb:Building package 'service_msgs' with the following arguments: {'ament_cmake_args': None, 'build_base': '/home/st/edu25/edu25_athome/happy_ws/build/service_msgs', 'catkin_cmake_args': None, 'catkin_skip_building_tests': False, 'cmake_args': None, 'cmake_clean_cache': False, 'cmake_clean_first': False, 'cmake_force_configure': False, 'cmake_target': None, 'cmake_target_skip_unavailable': False, 'install_base': '/home/st/edu25/edu25_athome/happy_ws/install/service_msgs', 'merge_install': False, 'path': '/home/st/edu25/edu25_athome/happy_ws/src/service_msgs', 'symlink_install': False, 'test_result_base': None}
[1.293s] INFO:colcon.colcon_core.executor:Executing jobs using 'parallel' executor
[1.297s] DEBUG:colcon.colcon_parallel_executor.executor.parallel:run_until_complete
[1.297s] INFO:colcon.colcon_ros.task.ament_python.build:Building ROS package in '/home/st/edu25/edu25_athome/happy_ws/src/my_happy' with build type 'ament_python'
[1.298s] Level 1:colcon.colcon_core.shell:create_environment_hook('my_happy', 'ament_prefix_path')
[1.305s] INFO:colcon.colcon_core.plugin_system:Skipping extension 'colcon_core.shell.bat': Not used on non-Windows systems
[1.305s] INFO:colcon.colcon_core.shell:Creating environment hook '/home/st/edu25/edu25_athome/happy_ws/install/my_happy/share/my_happy/hook/ament_prefix_path.ps1'
[1.308s] INFO:colcon.colcon_core.shell:Creating environment descriptor '/home/st/edu25/edu25_athome/happy_ws/install/my_happy/share/my_happy/hook/ament_prefix_path.dsv'
[1.310s] INFO:colcon.colcon_core.shell:Creating environment hook '/home/st/edu25/edu25_athome/happy_ws/install/my_happy/share/my_happy/hook/ament_prefix_path.sh'
[1.313s] INFO:colcon.colcon_core.shell:Skip shell extension 'powershell' for command environment: Not usable outside of PowerShell
[1.313s] DEBUG:colcon.colcon_core.shell:Skip shell extension 'dsv' for command environment
[1.333s] INFO:colcon.colcon_ros.task.ament_python.build:Building ROS package in '/home/st/edu25/edu25_athome/happy_ws/src/service' with build type 'ament_python'
[1.334s] Level 1:colcon.colcon_core.shell:create_environment_hook('service', 'ament_prefix_path')
[1.335s] INFO:colcon.colcon_core.shell:Creating environment hook '/home/st/edu25/edu25_athome/happy_ws/install/service/share/service/hook/ament_prefix_path.ps1'
[1.337s] INFO:colcon.colcon_core.shell:Creating environment descriptor '/home/st/edu25/edu25_athome/happy_ws/install/service/share/service/hook/ament_prefix_path.dsv'
[1.341s] INFO:colcon.colcon_core.shell:Creating environment hook '/home/st/edu25/edu25_athome/happy_ws/install/service/share/service/hook/ament_prefix_path.sh'
[1.345s] INFO:colcon.colcon_core.shell:Skip shell extension 'powershell' for command environment: Not usable outside of PowerShell
[1.346s] DEBUG:colcon.colcon_core.shell:Skip shell extension 'dsv' for command environment
[2.371s] INFO:colcon.colcon_core.task.python.build:Building Python package in '/home/st/edu25/edu25_athome/happy_ws/src/my_happy'
[2.373s] INFO:colcon.colcon_core.shell:Skip shell extension 'powershell' for command environment: Not usable outside of PowerShell
[2.373s] DEBUG:colcon.colcon_core.shell:Skip shell extension 'dsv' for command environment
[3.384s] INFO:colcon.colcon_core.task.python.build:Building Python package in '/home/st/edu25/edu25_athome/happy_ws/src/service'
[3.385s] INFO:colcon.colcon_core.shell:Skip shell extension 'powershell' for command environment: Not usable outside of PowerShell
[3.385s] DEBUG:colcon.colcon_core.shell:Skip shell extension 'dsv' for command environment
[4.566s] DEBUG:colcon.colcon_core.event_handler.log_command:Invoking command in '/home/st/edu25/edu25_athome/happy_ws/src/my_happy': PYTHONPATH=/home/st/edu25/edu25_athome/happy_ws/build/my_happy/prefix_override:/usr/lib/python3/dist-packages/colcon_core/task/python/colcon_distutils_commands:/home/st/edu25/edu25_athome/happy_ws/install/my_happy/lib/python3.10/site-packages:${PYTHONPATH} /usr/bin/python3 -W ignore:setup.py install is deprecated -W ignore:easy_install command is deprecated setup.py egg_info --egg-base ../../build/my_happy build --build-base /home/st/edu25/edu25_athome/happy_ws/build/my_happy/build install --record /home/st/edu25/edu25_athome/happy_ws/build/my_happy/install.log --single-version-externally-managed install_data
[4.603s] DEBUG:colcon.colcon_core.event_handler.log_command:Invoking command in '/home/st/edu25/edu25_athome/happy_ws/src/service': PYTHONPATH=/home/st/edu25/edu25_athome/happy_ws/build/service/prefix_override:/usr/lib/python3/dist-packages/colcon_core/task/python/colcon_distutils_commands:/home/st/edu25/edu25_athome/happy_ws/install/service/lib/python3.10/site-packages:${PYTHONPATH} /usr/bin/python3 -W ignore:setup.py install is deprecated -W ignore:easy_install command is deprecated setup.py egg_info --egg-base ../../build/service build --build-base /home/st/edu25/edu25_athome/happy_ws/build/service/build install --record /home/st/edu25/edu25_athome/happy_ws/build/service/install.log --single-version-externally-managed install_data
[5.639s] DEBUG:colcon.colcon_core.event_handler.log_command:Invoked command in '/home/st/edu25/edu25_athome/happy_ws/src/my_happy' returned '0': PYTHONPATH=/home/st/edu25/edu25_athome/happy_ws/build/my_happy/prefix_override:/usr/lib/python3/dist-packages/colcon_core/task/python/colcon_distutils_commands:/home/st/edu25/edu25_athome/happy_ws/install/my_happy/lib/python3.10/site-packages:${PYTHONPATH} /usr/bin/python3 -W ignore:setup.py install is deprecated -W ignore:easy_install command is deprecated setup.py egg_info --egg-base ../../build/my_happy build --build-base /home/st/edu25/edu25_athome/happy_ws/build/my_happy/build install --record /home/st/edu25/edu25_athome/happy_ws/build/my_happy/install.log --single-version-externally-managed install_data
[5.646s] Level 1:colcon.colcon_core.environment:checking '/home/st/edu25/edu25_athome/happy_ws/install/my_happy' for CMake module files
[5.647s] Level 1:colcon.colcon_core.environment:checking '/home/st/edu25/edu25_athome/happy_ws/install/my_happy' for CMake config files
[5.650s] Level 1:colcon.colcon_core.environment:checking '/home/st/edu25/edu25_athome/happy_ws/install/my_happy/lib'
[5.651s] Level 1:colcon.colcon_core.environment:checking '/home/st/edu25/edu25_athome/happy_ws/install/my_happy/bin'
[5.651s] Level 1:colcon.colcon_core.environment:checking '/home/st/edu25/edu25_athome/happy_ws/install/my_happy/lib/pkgconfig/my_happy.pc'
[5.652s] Level 1:colcon.colcon_core.environment:checking '/home/st/edu25/edu25_athome/happy_ws/install/my_happy/lib/python3.10/site-packages'
[5.652s] Level 1:colcon.colcon_core.shell:create_environment_hook('my_happy', 'pythonpath')
[5.653s] INFO:colcon.colcon_core.shell:Creating environment hook '/home/st/edu25/edu25_athome/happy_ws/install/my_happy/share/my_happy/hook/pythonpath.ps1'
[5.655s] INFO:colcon.colcon_core.shell:Creating environment descriptor '/home/st/edu25/edu25_athome/happy_ws/install/my_happy/share/my_happy/hook/pythonpath.dsv'
[5.656s] INFO:colcon.colcon_core.shell:Creating environment hook '/home/st/edu25/edu25_athome/happy_ws/install/my_happy/share/my_happy/hook/pythonpath.sh'
[5.659s] Level 1:colcon.colcon_core.environment:checking '/home/st/edu25/edu25_athome/happy_ws/install/my_happy/bin'
[5.660s] Level 1:colcon.colcon_core.environment:create_environment_scripts_only(my_happy)
[5.661s] INFO:colcon.colcon_core.shell:Creating package script '/home/st/edu25/edu25_athome/happy_ws/install/my_happy/share/my_happy/package.ps1'
[5.664s] INFO:colcon.colcon_core.shell:Creating package descriptor '/home/st/edu25/edu25_athome/happy_ws/install/my_happy/share/my_happy/package.dsv'
[5.666s] INFO:colcon.colcon_core.shell:Creating package script '/home/st/edu25/edu25_athome/happy_ws/install/my_happy/share/my_happy/package.sh'
[5.669s] INFO:colcon.colcon_core.shell:Creating package script '/home/st/edu25/edu25_athome/happy_ws/install/my_happy/share/my_happy/package.bash'
[5.672s] INFO:colcon.colcon_core.shell:Creating package script '/home/st/edu25/edu25_athome/happy_ws/install/my_happy/share/my_happy/package.zsh'
[5.674s] Level 1:colcon.colcon_core.environment:create_file_with_runtime_dependencies(/home/st/edu25/edu25_athome/happy_ws/install/my_happy/share/colcon-core/packages/my_happy)
[5.677s] INFO:colcon.colcon_ros.task.ament_cmake.build:Building ROS package in '/home/st/edu25/edu25_athome/happy_ws/src/service_msgs' with build type 'ament_cmake'
[5.678s] INFO:colcon.colcon_cmake.task.cmake.build:Building CMake package in '/home/st/edu25/edu25_athome/happy_ws/src/service_msgs'
[5.679s] INFO:colcon.colcon_core.shell:Skip shell extension 'powershell' for command environment: Not usable outside of PowerShell
[5.680s] DEBUG:colcon.colcon_core.shell:Skip shell extension 'dsv' for command environment
[5.705s] Level 1:colcon.colcon_core.environment:checking '/home/st/edu25/edu25_athome/happy_ws/install/service' for CMake module files
[5.707s] Level 1:colcon.colcon_core.environment:checking '/home/st/edu25/edu25_athome/happy_ws/install/service' for CMake config files
[5.709s] Level 1:colcon.colcon_core.environment:checking '/home/st/edu25/edu25_athome/happy_ws/install/service/lib'
[5.709s] Level 1:colcon.colcon_core.environment:checking '/home/st/edu25/edu25_athome/happy_ws/install/service/bin'
[5.710s] Level 1:colcon.colcon_core.environment:checking '/home/st/edu25/edu25_athome/happy_ws/install/service/lib/pkgconfig/service.pc'
[5.710s] Level 1:colcon.colcon_core.environment:checking '/home/st/edu25/edu25_athome/happy_ws/install/service/lib/python3.10/site-packages'
[5.712s] Level 1:colcon.colcon_core.shell:create_environment_hook('service', 'pythonpath')
[5.713s] INFO:colcon.colcon_core.shell:Creating environment hook '/home/st/edu25/edu25_athome/happy_ws/install/service/share/service/hook/pythonpath.ps1'
[5.714s] DEBUG:colcon.colcon_core.event_handler.log_command:Invoked command in '/home/st/edu25/edu25_athome/happy_ws/src/service' returned '0': PYTHONPATH=/home/st/edu25/edu25_athome/happy_ws/build/service/prefix_override:/usr/lib/python3/dist-packages/colcon_core/task/python/colcon_distutils_commands:/home/st/edu25/edu25_athome/happy_ws/install/service/lib/python3.10/site-packages:${PYTHONPATH} /usr/bin/python3 -W ignore:setup.py install is deprecated -W ignore:easy_install command is deprecated setup.py egg_info --egg-base ../../build/service build --build-base /home/st/edu25/edu25_athome/happy_ws/build/service/build install --record /home/st/edu25/edu25_athome/happy_ws/build/service/install.log --single-version-externally-managed install_data
[5.716s] INFO:colcon.colcon_core.shell:Creating environment descriptor '/home/st/edu25/edu25_athome/happy_ws/install/service/share/service/hook/pythonpath.dsv'
[5.719s] INFO:colcon.colcon_core.shell:Creating environment hook '/home/st/edu25/edu25_athome/happy_ws/install/service/share/service/hook/pythonpath.sh'
[5.723s] Level 1:colcon.colcon_core.environment:checking '/home/st/edu25/edu25_athome/happy_ws/install/service/bin'
[5.723s] Level 1:colcon.colcon_core.environment:create_environment_scripts_only(service)
[5.724s] INFO:colcon.colcon_core.shell:Creating package script '/home/st/edu25/edu25_athome/happy_ws/install/service/share/service/package.ps1'
[5.726s] INFO:colcon.colcon_core.shell:Creating package descriptor '/home/st/edu25/edu25_athome/happy_ws/install/service/share/service/package.dsv'
[5.728s] INFO:colcon.colcon_core.shell:Creating package script '/home/st/edu25/edu25_athome/happy_ws/install/service/share/service/package.sh'
[5.730s] INFO:colcon.colcon_core.shell:Creating package script '/home/st/edu25/edu25_athome/happy_ws/install/service/share/service/package.bash'
[5.732s] INFO:colcon.colcon_core.shell:Creating package script '/home/st/edu25/edu25_athome/happy_ws/install/service/share/service/package.zsh'
[5.733s] Level 1:colcon.colcon_core.environment:create_file_with_runtime_dependencies(/home/st/edu25/edu25_athome/happy_ws/install/service/share/colcon-core/packages/service)
[5.754s] DEBUG:colcon.colcon_core.event_handler.log_command:Invoking command in '/home/st/edu25/edu25_athome/happy_ws/build/service_msgs': CMAKE_PREFIX_PATH=${CMAKE_PREFIX_PATH}:/home/st/edu25/edu25_athome/happy_ws/install/service:/home/st/edu25/edu25_athome/happy_ws/install/my_happy:/opt/ros/humble /usr/bin/cmake --build /home/st/edu25/edu25_athome/happy_ws/build/service_msgs -- -j2 -l2
[7.321s] DEBUG:colcon.colcon_core.event_handler.log_command:Invoked command in '/home/st/edu25/edu25_athome/happy_ws/build/service_msgs' returned '0': CMAKE_PREFIX_PATH=${CMAKE_PREFIX_PATH}:/home/st/edu25/edu25_athome/happy_ws/install/service:/home/st/edu25/edu25_athome/happy_ws/install/my_happy:/opt/ros/humble /usr/bin/cmake --build /home/st/edu25/edu25_athome/happy_ws/build/service_msgs -- -j2 -l2
[7.354s] DEBUG:colcon.colcon_core.event_handler.log_command:Invoking command in '/home/st/edu25/edu25_athome/happy_ws/build/service_msgs': CMAKE_PREFIX_PATH=${CMAKE_PREFIX_PATH}:/home/st/edu25/edu25_athome/happy_ws/install/service:/home/st/edu25/edu25_athome/happy_ws/install/my_happy:/opt/ros/humble /usr/bin/cmake --install /home/st/edu25/edu25_athome/happy_ws/build/service_msgs
[7.594s] Level 1:colcon.colcon_core.environment:create_environment_scripts_only(service_msgs)
[7.595s] Level 1:colcon.colcon_core.environment:checking '/home/st/edu25/edu25_athome/happy_ws/install/service_msgs' for CMake module files
[7.596s] DEBUG:colcon.colcon_core.event_handler.log_command:Invoked command in '/home/st/edu25/edu25_athome/happy_ws/build/service_msgs' returned '0': CMAKE_PREFIX_PATH=${CMAKE_PREFIX_PATH}:/home/st/edu25/edu25_athome/happy_ws/install/service:/home/st/edu25/edu25_athome/happy_ws/install/my_happy:/opt/ros/humble /usr/bin/cmake --install /home/st/edu25/edu25_athome/happy_ws/build/service_msgs
[7.598s] Level 1:colcon.colcon_core.environment:checking '/home/st/edu25/edu25_athome/happy_ws/install/service_msgs' for CMake config files
[7.602s] Level 1:colcon.colcon_core.shell:create_environment_hook('service_msgs', 'cmake_prefix_path')
[7.602s] INFO:colcon.colcon_core.shell:Creating environment hook '/home/st/edu25/edu25_athome/happy_ws/install/service_msgs/share/service_msgs/hook/cmake_prefix_path.ps1'
[7.606s] INFO:colcon.colcon_core.shell:Creating environment descriptor '/home/st/edu25/edu25_athome/happy_ws/install/service_msgs/share/service_msgs/hook/cmake_prefix_path.dsv'
[7.608s] INFO:colcon.colcon_core.shell:Creating environment hook '/home/st/edu25/edu25_athome/happy_ws/install/service_msgs/share/service_msgs/hook/cmake_prefix_path.sh'
[7.610s] Level 1:colcon.colcon_core.environment:checking '/home/st/edu25/edu25_athome/happy_ws/install/service_msgs/lib'
[7.611s] Level 1:colcon.colcon_core.shell:create_environment_hook('service_msgs', 'ld_library_path_lib')
[7.612s] INFO:colcon.colcon_core.shell:Creating environment hook '/home/st/edu25/edu25_athome/happy_ws/install/service_msgs/share/service_msgs/hook/ld_library_path_lib.ps1'
[7.615s] INFO:colcon.colcon_core.shell:Creating environment descriptor '/home/st/edu25/edu25_athome/happy_ws/install/service_msgs/share/service_msgs/hook/ld_library_path_lib.dsv'
[7.617s] INFO:colcon.colcon_core.shell:Creating environment hook '/home/st/edu25/edu25_athome/happy_ws/install/service_msgs/share/service_msgs/hook/ld_library_path_lib.sh'
[7.619s] Level 1:colcon.colcon_core.environment:checking '/home/st/edu25/edu25_athome/happy_ws/install/service_msgs/bin'
[7.619s] Level 1:colcon.colcon_core.environment:checking '/home/st/edu25/edu25_athome/happy_ws/install/service_msgs/lib/pkgconfig/service_msgs.pc'
[7.620s] Level 1:colcon.colcon_core.environment:checking '/home/st/edu25/edu25_athome/happy_ws/install/service_msgs/lib/python3.10/site-packages'
[7.620s] Level 1:colcon.colcon_core.environment:checking '/home/st/edu25/edu25_athome/happy_ws/install/service_msgs/bin'
[7.622s] INFO:colcon.colcon_core.shell:Creating package script '/home/st/edu25/edu25_athome/happy_ws/install/service_msgs/share/service_msgs/package.ps1'
[7.625s] INFO:colcon.colcon_core.shell:Creating package descriptor '/home/st/edu25/edu25_athome/happy_ws/install/service_msgs/share/service_msgs/package.dsv'
[7.627s] INFO:colcon.colcon_core.shell:Creating package script '/home/st/edu25/edu25_athome/happy_ws/install/service_msgs/share/service_msgs/package.sh'
[7.629s] INFO:colcon.colcon_core.shell:Creating package script '/home/st/edu25/edu25_athome/happy_ws/install/service_msgs/share/service_msgs/package.bash'
[7.631s] INFO:colcon.colcon_core.shell:Creating package script '/home/st/edu25/edu25_athome/happy_ws/install/service_msgs/share/service_msgs/package.zsh'
[7.632s] Level 1:colcon.colcon_core.environment:create_file_with_runtime_dependencies(/home/st/edu25/edu25_athome/happy_ws/install/service_msgs/share/colcon-core/packages/service_msgs)
[7.635s] Level 1:colcon.colcon_core.environment:create_environment_scripts_only(service_msgs)
[7.635s] Level 1:colcon.colcon_core.environment:checking '/home/st/edu25/edu25_athome/happy_ws/install/service_msgs' for CMake module files
[7.640s] Level 1:colcon.colcon_core.environment:checking '/home/st/edu25/edu25_athome/happy_ws/install/service_msgs' for CMake config files
[7.644s] Level 1:colcon.colcon_core.shell:create_environment_hook('service_msgs', 'cmake_prefix_path')
[7.645s] INFO:colcon.colcon_core.shell:Creating environment hook '/home/st/edu25/edu25_athome/happy_ws/install/service_msgs/share/service_msgs/hook/cmake_prefix_path.ps1'
[7.647s] INFO:colcon.colcon_core.shell:Creating environment descriptor '/home/st/edu25/edu25_athome/happy_ws/install/service_msgs/share/service_msgs/hook/cmake_prefix_path.dsv'
[7.649s] INFO:colcon.colcon_core.shell:Creating environment hook '/home/st/edu25/edu25_athome/happy_ws/install/service_msgs/share/service_msgs/hook/cmake_prefix_path.sh'
[7.652s] Level 1:colcon.colcon_core.environment:checking '/home/st/edu25/edu25_athome/happy_ws/install/service_msgs/lib'
[7.652s] Level 1:colcon.colcon_core.shell:create_environment_hook('service_msgs', 'ld_library_path_lib')
[7.653s] INFO:colcon.colcon_core.shell:Creating environment hook '/home/st/edu25/edu25_athome/happy_ws/install/service_msgs/share/service_msgs/hook/ld_library_path_lib.ps1'
[7.654s] INFO:colcon.colcon_core.shell:Creating environment descriptor '/home/st/edu25/edu25_athome/happy_ws/install/service_msgs/share/service_msgs/hook/ld_library_path_lib.dsv'
[7.656s] INFO:colcon.colcon_core.shell:Creating environment hook '/home/st/edu25/edu25_athome/happy_ws/install/service_msgs/share/service_msgs/hook/ld_library_path_lib.sh'
[7.657s] Level 1:colcon.colcon_core.environment:checking '/home/st/edu25/edu25_athome/happy_ws/install/service_msgs/bin'
[7.658s] Level 1:colcon.colcon_core.environment:checking '/home/st/edu25/edu25_athome/happy_ws/install/service_msgs/lib/pkgconfig/service_msgs.pc'
[7.658s] Level 1:colcon.colcon_core.environment:checking '/home/st/edu25/edu25_athome/happy_ws/install/service_msgs/lib/python3.10/site-packages'
[7.659s] Level 1:colcon.colcon_core.environment:checking '/home/st/edu25/edu25_athome/happy_ws/install/service_msgs/bin'
[7.660s] INFO:colcon.colcon_core.shell:Creating package script '/home/st/edu25/edu25_athome/happy_ws/install/service_msgs/share/service_msgs/package.ps1'
[7.662s] INFO:colcon.colcon_core.shell:Creating package descriptor '/home/st/edu25/edu25_athome/happy_ws/install/service_msgs/share/service_msgs/package.dsv'
[7.664s] INFO:colcon.colcon_core.shell:Creating package script '/home/st/edu25/edu25_athome/happy_ws/install/service_msgs/share/service_msgs/package.sh'
[7.666s] INFO:colcon.colcon_core.shell:Creating package script '/home/st/edu25/edu25_athome/happy_ws/install/service_msgs/share/service_msgs/package.bash'
[7.667s] INFO:colcon.colcon_core.shell:Creating package script '/home/st/edu25/edu25_athome/happy_ws/install/service_msgs/share/service_msgs/package.zsh'
[7.669s] Level 1:colcon.colcon_core.environment:create_file_with_runtime_dependencies(/home/st/edu25/edu25_athome/happy_ws/install/service_msgs/share/colcon-core/packages/service_msgs)
[7.671s] DEBUG:colcon.colcon_parallel_executor.executor.parallel:closing loop
[7.671s] DEBUG:colcon.colcon_parallel_executor.executor.parallel:loop closed
[7.671s] DEBUG:colcon.colcon_parallel_executor.executor.parallel:run_until_complete finished with '0'
[7.671s] DEBUG:colcon.colcon_core.event_reactor:joining thread
[7.696s] INFO:colcon.colcon_core.plugin_system:Skipping extension 'colcon_notification.desktop_notification.terminal_notifier': Not used on non-Darwin systems
[7.696s] INFO:colcon.colcon_core.plugin_system:Skipping extension 'colcon_notification.desktop_notification.win32': Not used on non-Windows systems
[7.697s] INFO:colcon.colcon_notification.desktop_notification:Sending desktop notification using 'notify2'
[7.745s] DEBUG:colcon.colcon_core.event_reactor:joined thread
[7.749s] INFO:colcon.colcon_core.shell:Creating prefix script '/home/st/edu25/edu25_athome/happy_ws/install/local_setup.ps1'
[7.753s] INFO:colcon.colcon_core.shell:Creating prefix util module '/home/st/edu25/edu25_athome/happy_ws/install/_local_setup_util_ps1.py'
[7.760s] INFO:colcon.colcon_core.shell:Creating prefix chain script '/home/st/edu25/edu25_athome/happy_ws/install/setup.ps1'
[7.765s] INFO:colcon.colcon_core.shell:Creating prefix script '/home/st/edu25/edu25_athome/happy_ws/install/local_setup.sh'
[7.768s] INFO:colcon.colcon_core.shell:Creating prefix util module '/home/st/edu25/edu25_athome/happy_ws/install/_local_setup_util_sh.py'
[7.771s] INFO:colcon.colcon_core.shell:Creating prefix chain script '/home/st/edu25/edu25_athome/happy_ws/install/setup.sh'
[7.774s] INFO:colcon.colcon_core.shell:Creating prefix script '/home/st/edu25/edu25_athome/happy_ws/install/local_setup.bash'
[7.777s] INFO:colcon.colcon_core.shell:Creating prefix chain script '/home/st/edu25/edu25_athome/happy_ws/install/setup.bash'
[7.785s] INFO:colcon.colcon_core.shell:Creating prefix script '/home/st/edu25/edu25_athome/happy_ws/install/local_setup.zsh'
[7.787s] INFO:colcon.colcon_core.shell:Creating prefix chain script '/home/st/edu25/edu25_athome/happy_ws/install/setup.zsh'
